2023-11-06 13:35:14,070 - INFO - ADNI_fMRI:Epoch [1/1000], Loss: 42.7032,BCE:1.3166728190013341,KLD:41.38650785173689
2023-11-06 13:35:14,070 - INFO - ADNI_fMRI:Epoch [1/1000], DLoss For Fake: 0.7476
2023-11-06 13:35:14,072 - INFO - ADNI_fMRI:Epoch [1/1000]!Dloss For All:1.5153
2023-11-06 13:35:14,240 - INFO - ADNI_fMRI:Epoch [1/1000]->Saved!Loss:42.7032,BCE:1.3166728190013341,KLD:41.38650785173689,DLoss For Fake:0.7476486961046854
2023-11-06 13:35:14,892 - INFO - ADNI_fMRI:Epoch [2/1000], Loss: 36.6219,BCE:1.321838639676571,KLD:35.30009984970093
2023-11-06 13:35:14,892 - INFO - ADNI_fMRI:Epoch [2/1000], DLoss For Fake: 0.8373
2023-11-06 13:35:14,894 - INFO - ADNI_fMRI:Epoch [2/1000]!Dloss For All:1.3180
2023-11-06 13:35:15,155 - INFO - ADNI_fMRI:Epoch [2/1000]->Saved!Loss:36.6219,BCE:1.321838639676571,KLD:35.30009984970093,DLoss For Fake:0.8372770845890045
2023-11-06 13:35:15,808 - INFO - ADNI_fMRI:Epoch [3/1000], Loss: 30.4142,BCE:1.2989747524261475,KLD:29.11523175239563
2023-11-06 13:35:15,808 - INFO - ADNI_fMRI:Epoch [3/1000], DLoss For Fake: 1.2346
2023-11-06 13:35:15,810 - INFO - ADNI_fMRI:Epoch [3/1000]!Dloss For All:1.1169
2023-11-06 13:35:15,988 - INFO - ADNI_fMRI:Epoch [3/1000]->Saved!Loss:30.4142,BCE:1.2989747524261475,KLD:29.11523175239563,DLoss For Fake:1.2346031268437703
2023-11-06 13:35:16,635 - INFO - ADNI_fMRI:Epoch [4/1000], Loss: 23.7630,BCE:1.4068084444318498,KLD:22.356170926775253
2023-11-06 13:35:16,635 - INFO - ADNI_fMRI:Epoch [4/1000], DLoss For Fake: 1.1665
2023-11-06 13:35:16,788 - INFO - ADNI_fMRI:Epoch [4/1000]->Saved!Loss:23.7630,BCE:1.4068084444318498,KLD:22.356170926775253,DLoss For Fake:1.1664986610412598
2023-11-06 13:35:17,444 - INFO - ADNI_fMRI:Epoch [5/1000], Loss: 19.2497,BCE:1.3217294348610773,KLD:17.9280030992296
2023-11-06 13:35:17,444 - INFO - ADNI_fMRI:Epoch [5/1000], DLoss For Fake: 1.4561
2023-11-06 13:35:17,595 - INFO - ADNI_fMRI:Epoch [5/1000]->Saved!Loss:19.2497,BCE:1.3217294348610773,KLD:17.9280030992296,DLoss For Fake:1.4560736417770386
2023-11-06 13:35:18,246 - INFO - ADNI_fMRI:Epoch [6/1000], Loss: 15.1431,BCE:1.4445564576557703,KLD:13.698516845703125
2023-11-06 13:35:18,246 - INFO - ADNI_fMRI:Epoch [6/1000], DLoss For Fake: 1.3589
2023-11-06 13:35:18,248 - INFO - ADNI_fMRI:Epoch [6/1000]!Dloss For All:1.0955
2023-11-06 13:35:18,664 - INFO - ADNI_fMRI:Epoch [6/1000]->Saved!Loss:15.1431,BCE:1.4445564576557703,KLD:13.698516845703125,DLoss For Fake:1.3589154879252117
2023-11-06 13:35:19,316 - INFO - ADNI_fMRI:Epoch [7/1000], Loss: 13.5298,BCE:1.3905818909406662,KLD:12.139242768287659
2023-11-06 13:35:19,316 - INFO - ADNI_fMRI:Epoch [7/1000], DLoss For Fake: 1.7485
2023-11-06 13:35:19,468 - INFO - ADNI_fMRI:Epoch [7/1000]->Saved!Loss:13.5298,BCE:1.3905818909406662,KLD:12.139242768287659,DLoss For Fake:1.7485340237617493
2023-11-06 13:35:20,122 - INFO - ADNI_fMRI:Epoch [8/1000], Loss: 11.4056,BCE:1.3667110204696655,KLD:10.038892388343811
2023-11-06 13:35:20,122 - INFO - ADNI_fMRI:Epoch [8/1000], DLoss For Fake: 2.1127
2023-11-06 13:35:20,124 - INFO - ADNI_fMRI:Epoch [8/1000]!Dloss For All:1.0455
2023-11-06 13:35:20,276 - INFO - ADNI_fMRI:Epoch [8/1000]->Saved!Loss:11.4056,BCE:1.3667110204696655,KLD:10.038892388343811,DLoss For Fake:2.1126743157704673
2023-11-06 13:35:20,924 - INFO - ADNI_fMRI:Epoch [9/1000], Loss: 10.6436,BCE:1.263795154435294,KLD:9.37979166848319
2023-11-06 13:35:20,925 - INFO - ADNI_fMRI:Epoch [9/1000], DLoss For Fake: 2.2384
2023-11-06 13:35:21,179 - INFO - ADNI_fMRI:Epoch [9/1000]->Saved!Loss:10.6436,BCE:1.263795154435294,KLD:9.37979166848319,DLoss For Fake:2.2383693059285483
2023-11-06 13:35:21,836 - INFO - ADNI_fMRI:Epoch [10/1000], Loss: 9.5024,BCE:1.3643904262118869,KLD:8.138055589463976
2023-11-06 13:35:21,836 - INFO - ADNI_fMRI:Epoch [10/1000], DLoss For Fake: 2.0327
2023-11-06 13:35:21,998 - INFO - ADNI_fMRI:Epoch [10/1000]->Saved!Loss:9.5024,BCE:1.3643904262118869,KLD:8.138055589463976,DLoss For Fake:2.032739758491516
2023-11-06 13:35:22,645 - INFO - ADNI_fMRI:Epoch [11/1000], Loss: 9.7357,BCE:1.2466464042663574,KLD:8.489095960344587
2023-11-06 13:35:22,645 - INFO - ADNI_fMRI:Epoch [11/1000], DLoss For Fake: 2.4560
2023-11-06 13:35:23,298 - INFO - ADNI_fMRI:Epoch [12/1000], Loss: 8.5635,BCE:1.320181742310524,KLD:7.2433377504348755
2023-11-06 13:35:23,298 - INFO - ADNI_fMRI:Epoch [12/1000], DLoss For Fake: 1.8997
2023-11-06 13:35:23,446 - INFO - ADNI_fMRI:Epoch [12/1000]->Saved!Loss:8.5635,BCE:1.320181742310524,KLD:7.2433377504348755,DLoss For Fake:1.899655818939209
2023-11-06 13:35:24,099 - INFO - ADNI_fMRI:Epoch [13/1000], Loss: 8.7489,BCE:1.379213809967041,KLD:7.36965024471283
2023-11-06 13:35:24,099 - INFO - ADNI_fMRI:Epoch [13/1000], DLoss For Fake: 2.2706
2023-11-06 13:35:24,745 - INFO - ADNI_fMRI:Epoch [14/1000], Loss: 8.0593,BCE:1.3778062207358224,KLD:6.681524412972586
2023-11-06 13:35:24,745 - INFO - ADNI_fMRI:Epoch [14/1000], DLoss For Fake: 2.2592
2023-11-06 13:35:24,903 - INFO - ADNI_fMRI:Epoch [14/1000]->Saved!Loss:8.0593,BCE:1.3778062207358224,KLD:6.681524412972586,DLoss For Fake:2.259247144063314
2023-11-06 13:35:25,563 - INFO - ADNI_fMRI:Epoch [15/1000], Loss: 7.7643,BCE:1.403021017710368,KLD:6.36127954059177
2023-11-06 13:35:25,563 - INFO - ADNI_fMRI:Epoch [15/1000], DLoss For Fake: 1.8756
2023-11-06 13:35:25,712 - INFO - ADNI_fMRI:Epoch [15/1000]->Saved!Loss:7.7643,BCE:1.403021017710368,KLD:6.36127954059177,DLoss For Fake:1.8755805492401123
2023-11-06 13:35:26,363 - INFO - ADNI_fMRI:Epoch [16/1000], Loss: 7.8351,BCE:1.250993081501552,KLD:6.584106717790876
2023-11-06 13:35:26,363 - INFO - ADNI_fMRI:Epoch [16/1000], DLoss For Fake: 2.0478
2023-11-06 13:35:27,014 - INFO - ADNI_fMRI:Epoch [17/1000], Loss: 7.6965,BCE:1.4050734490156174,KLD:6.29143351316452
2023-11-06 13:35:27,014 - INFO - ADNI_fMRI:Epoch [17/1000], DLoss For Fake: 2.4477
2023-11-06 13:35:27,015 - INFO - ADNI_fMRI:Epoch [17/1000]!Dloss For All:1.0412
2023-11-06 13:35:27,181 - INFO - ADNI_fMRI:Epoch [17/1000]->Saved!Loss:7.6965,BCE:1.4050734490156174,KLD:6.29143351316452,DLoss For Fake:2.4477275609970093
2023-11-06 13:35:27,834 - INFO - ADNI_fMRI:Epoch [18/1000], Loss: 7.7569,BCE:1.377560093998909,KLD:6.379356920719147
2023-11-06 13:35:27,834 - INFO - ADNI_fMRI:Epoch [18/1000], DLoss For Fake: 2.8438
2023-11-06 13:35:27,836 - INFO - ADNI_fMRI:Epoch [18/1000]!Dloss For All:1.0344
2023-11-06 13:35:28,484 - INFO - ADNI_fMRI:Epoch [19/1000], Loss: 6.9473,BCE:1.3792144911629813,KLD:5.568105561392648
2023-11-06 13:35:28,484 - INFO - ADNI_fMRI:Epoch [19/1000], DLoss For Fake: 3.1212
2023-11-06 13:35:28,649 - INFO - ADNI_fMRI:Epoch [19/1000]->Saved!Loss:6.9473,BCE:1.3792144911629813,KLD:5.568105561392648,DLoss For Fake:3.121211131413778
2023-11-06 13:35:29,308 - INFO - ADNI_fMRI:Epoch [20/1000], Loss: 7.1208,BCE:1.2720107237497966,KLD:5.848782645331489
2023-11-06 13:35:29,309 - INFO - ADNI_fMRI:Epoch [20/1000], DLoss For Fake: 2.1325
2023-11-06 13:35:29,955 - INFO - ADNI_fMRI:Epoch [21/1000], Loss: 7.1044,BCE:1.3964769840240479,KLD:5.707882676805768
2023-11-06 13:35:29,955 - INFO - ADNI_fMRI:Epoch [21/1000], DLoss For Fake: 2.5383
2023-11-06 13:35:30,608 - INFO - ADNI_fMRI:Epoch [22/1000], Loss: 7.1618,BCE:1.2983471304178238,KLD:5.863411784172058
2023-11-06 13:35:30,608 - INFO - ADNI_fMRI:Epoch [22/1000], DLoss For Fake: 2.8238
2023-11-06 13:35:31,260 - INFO - ADNI_fMRI:Epoch [23/1000], Loss: 6.4348,BCE:1.2169828414916992,KLD:5.217866659164429
2023-11-06 13:35:31,260 - INFO - ADNI_fMRI:Epoch [23/1000], DLoss For Fake: 2.3367
2023-11-06 13:35:31,441 - INFO - ADNI_fMRI:Epoch [23/1000]->Saved!Loss:6.4348,BCE:1.2169828414916992,KLD:5.217866659164429,DLoss For Fake:2.336657762527466
2023-11-06 13:35:32,089 - INFO - ADNI_fMRI:Epoch [24/1000], Loss: 6.6797,BCE:1.4096410615103585,KLD:5.270019667489188
2023-11-06 13:35:32,089 - INFO - ADNI_fMRI:Epoch [24/1000], DLoss For Fake: 2.5220
2023-11-06 13:35:32,745 - INFO - ADNI_fMRI:Epoch [25/1000], Loss: 6.7659,BCE:1.2826125754250421,KLD:5.483305136362712
2023-11-06 13:35:32,746 - INFO - ADNI_fMRI:Epoch [25/1000], DLoss For Fake: 2.3633
2023-11-06 13:35:32,747 - INFO - ADNI_fMRI:Epoch [25/1000]!Dloss For All:1.0247
2023-11-06 13:35:33,394 - INFO - ADNI_fMRI:Epoch [26/1000], Loss: 6.9070,BCE:1.4277444737298148,KLD:5.479274817875454
2023-11-06 13:35:33,394 - INFO - ADNI_fMRI:Epoch [26/1000], DLoss For Fake: 2.2996
2023-11-06 13:35:34,047 - INFO - ADNI_fMRI:Epoch [27/1000], Loss: 6.4046,BCE:1.3229039460420609,KLD:5.081660807132721
2023-11-06 13:35:34,047 - INFO - ADNI_fMRI:Epoch [27/1000], DLoss For Fake: 2.0702
2023-11-06 13:35:34,204 - INFO - ADNI_fMRI:Epoch [27/1000]->Saved!Loss:6.4046,BCE:1.3229039460420609,KLD:5.081660807132721,DLoss For Fake:2.070160984992981
2023-11-06 13:35:34,857 - INFO - ADNI_fMRI:Epoch [28/1000], Loss: 6.4514,BCE:1.339320793747902,KLD:5.112115502357483
2023-11-06 13:35:34,857 - INFO - ADNI_fMRI:Epoch [28/1000], DLoss For Fake: 2.5518
2023-11-06 13:35:35,506 - INFO - ADNI_fMRI:Epoch [29/1000], Loss: 6.5400,BCE:1.3232433795928955,KLD:5.216724191393171
2023-11-06 13:35:35,506 - INFO - ADNI_fMRI:Epoch [29/1000], DLoss For Fake: 2.2517
2023-11-06 13:35:36,163 - INFO - ADNI_fMRI:Epoch [30/1000], Loss: 6.1424,BCE:1.3587599065568712,KLD:4.783662001291911
2023-11-06 13:35:36,163 - INFO - ADNI_fMRI:Epoch [30/1000], DLoss For Fake: 2.7520
2023-11-06 13:35:36,312 - INFO - ADNI_fMRI:Epoch [30/1000]->Saved!Loss:6.1424,BCE:1.3587599065568712,KLD:4.783662001291911,DLoss For Fake:2.7519779205322266
2023-11-06 13:35:36,958 - INFO - ADNI_fMRI:Epoch [31/1000], Loss: 6.1429,BCE:1.255015458379473,KLD:4.88785525730678
2023-11-06 13:35:37,379 - INFO - ADNI_fMRI:Epoch [31/1000], DLoss For Fake: 2.6445
2023-11-06 13:35:38,030 - INFO - ADNI_fMRI:Epoch [32/1000], Loss: 6.1757,BCE:1.242159478366375,KLD:4.933573663234711
2023-11-06 13:35:38,030 - INFO - ADNI_fMRI:Epoch [32/1000], DLoss For Fake: 2.7133
2023-11-06 13:35:38,681 - INFO - ADNI_fMRI:Epoch [33/1000], Loss: 5.7989,BCE:1.3746710121631622,KLD:4.424252063035965
2023-11-06 13:35:38,681 - INFO - ADNI_fMRI:Epoch [33/1000], DLoss For Fake: 2.5211
2023-11-06 13:35:38,831 - INFO - ADNI_fMRI:Epoch [33/1000]->Saved!Loss:5.7989,BCE:1.3746710121631622,KLD:4.424252063035965,DLoss For Fake:2.5210511684417725
2023-11-06 13:35:39,482 - INFO - ADNI_fMRI:Epoch [34/1000], Loss: 6.1609,BCE:1.3868763957704817,KLD:4.774072170257568
2023-11-06 13:35:39,482 - INFO - ADNI_fMRI:Epoch [34/1000], DLoss For Fake: 2.3322
2023-11-06 13:35:40,139 - INFO - ADNI_fMRI:Epoch [35/1000], Loss: 5.9487,BCE:1.3430915938483343,KLD:4.605608940124512
2023-11-06 13:35:40,139 - INFO - ADNI_fMRI:Epoch [35/1000], DLoss For Fake: 2.2815
2023-11-06 13:35:40,141 - INFO - ADNI_fMRI:Epoch [35/1000]!Dloss For All:0.9893
2023-11-06 13:35:40,787 - INFO - ADNI_fMRI:Epoch [36/1000], Loss: 5.8310,BCE:1.2699169261114938,KLD:4.561053889138358
2023-11-06 13:35:40,787 - INFO - ADNI_fMRI:Epoch [36/1000], DLoss For Fake: 2.6111
2023-11-06 13:35:41,438 - INFO - ADNI_fMRI:Epoch [37/1000], Loss: 5.8809,BCE:1.3519648015499115,KLD:4.5289164781570435
2023-11-06 13:35:41,439 - INFO - ADNI_fMRI:Epoch [37/1000], DLoss For Fake: 1.9138
2023-11-06 13:35:42,093 - INFO - ADNI_fMRI:Epoch [38/1000], Loss: 6.1913,BCE:1.259315550327301,KLD:4.93198162317276
2023-11-06 13:35:42,093 - INFO - ADNI_fMRI:Epoch [38/1000], DLoss For Fake: 2.6741
2023-11-06 13:35:42,739 - INFO - ADNI_fMRI:Epoch [39/1000], Loss: 5.5978,BCE:1.2288874217442103,KLD:4.368944713047573
2023-11-06 13:35:42,739 - INFO - ADNI_fMRI:Epoch [39/1000], DLoss For Fake: 2.9432
2023-11-06 13:35:42,985 - INFO - ADNI_fMRI:Epoch [39/1000]->Saved!Loss:5.5978,BCE:1.2288874217442103,KLD:4.368944713047573,DLoss For Fake:2.9431854089101157
2023-11-06 13:35:43,640 - INFO - ADNI_fMRI:Epoch [40/1000], Loss: 5.8676,BCE:1.266398741139306,KLD:4.601228184170193
2023-11-06 13:35:43,641 - INFO - ADNI_fMRI:Epoch [40/1000], DLoss For Fake: 2.4384
2023-11-06 13:35:44,288 - INFO - ADNI_fMRI:Epoch [41/1000], Loss: 5.3850,BCE:1.2037698541368758,KLD:4.181228842054095
2023-11-06 13:35:44,289 - INFO - ADNI_fMRI:Epoch [41/1000], DLoss For Fake: 2.4511
2023-11-06 13:35:44,456 - INFO - ADNI_fMRI:Epoch [41/1000]->Saved!Loss:5.3850,BCE:1.2037698541368758,KLD:4.181228842054095,DLoss For Fake:2.451050122578939
2023-11-06 13:35:45,109 - INFO - ADNI_fMRI:Epoch [42/1000], Loss: 5.6754,BCE:1.4169073104858398,KLD:4.258466958999634
2023-11-06 13:35:45,109 - INFO - ADNI_fMRI:Epoch [42/1000], DLoss For Fake: 2.1237
2023-11-06 13:35:45,760 - INFO - ADNI_fMRI:Epoch [43/1000], Loss: 5.1579,BCE:1.2231431007385254,KLD:3.934797614812851
2023-11-06 13:35:45,760 - INFO - ADNI_fMRI:Epoch [43/1000], DLoss For Fake: 2.7778
2023-11-06 13:35:45,911 - INFO - ADNI_fMRI:Epoch [43/1000]->Saved!Loss:5.1579,BCE:1.2231431007385254,KLD:3.934797614812851,DLoss For Fake:2.7778236865997314
2023-11-06 13:35:46,562 - INFO - ADNI_fMRI:Epoch [44/1000], Loss: 5.7243,BCE:1.3771023409707206,KLD:4.347156388419015
2023-11-06 13:35:46,562 - INFO - ADNI_fMRI:Epoch [44/1000], DLoss For Fake: 2.8893
2023-11-06 13:35:47,218 - INFO - ADNI_fMRI:Epoch [45/1000], Loss: 5.5767,BCE:1.3000527885225084,KLD:4.276683330535889
2023-11-06 13:35:47,218 - INFO - ADNI_fMRI:Epoch [45/1000], DLoss For Fake: 2.9384
2023-11-06 13:35:47,865 - INFO - ADNI_fMRI:Epoch [46/1000], Loss: 5.5495,BCE:1.402448637144906,KLD:4.147096565791538
2023-11-06 13:35:47,865 - INFO - ADNI_fMRI:Epoch [46/1000], DLoss For Fake: 2.4664
2023-11-06 13:35:48,518 - INFO - ADNI_fMRI:Epoch [47/1000], Loss: 4.9377,BCE:1.2494173496961594,KLD:3.6882702708244324
2023-11-06 13:35:48,518 - INFO - ADNI_fMRI:Epoch [47/1000], DLoss For Fake: 2.0464
2023-11-06 13:35:48,677 - INFO - ADNI_fMRI:Epoch [47/1000]->Saved!Loss:4.9377,BCE:1.2494173496961594,KLD:3.6882702708244324,DLoss For Fake:2.0464264154434204
2023-11-06 13:35:49,333 - INFO - ADNI_fMRI:Epoch [48/1000], Loss: 5.2120,BCE:1.3657555878162384,KLD:3.846218466758728
2023-11-06 13:35:49,333 - INFO - ADNI_fMRI:Epoch [48/1000], DLoss For Fake: 2.6844
2023-11-06 13:35:49,980 - INFO - ADNI_fMRI:Epoch [49/1000], Loss: 5.1035,BCE:1.3984392370496477,KLD:3.7050544875008717
2023-11-06 13:35:49,980 - INFO - ADNI_fMRI:Epoch [49/1000], DLoss For Fake: 2.4552
2023-11-06 13:35:50,636 - INFO - ADNI_fMRI:Epoch [50/1000], Loss: 5.2005,BCE:1.365233235889011,KLD:3.8352613714006214
2023-11-06 13:35:50,637 - INFO - ADNI_fMRI:Epoch [50/1000], DLoss For Fake: 3.6959
2023-11-06 13:35:51,285 - INFO - ADNI_fMRI:Epoch [51/1000], Loss: 4.9432,BCE:1.2555128165653773,KLD:3.687655585152762
2023-11-06 13:35:51,285 - INFO - ADNI_fMRI:Epoch [51/1000], DLoss For Fake: 2.7895
2023-11-06 13:35:51,939 - INFO - ADNI_fMRI:Epoch [52/1000], Loss: 5.1197,BCE:1.2513187676668167,KLD:3.868368923664093
2023-11-06 13:35:51,939 - INFO - ADNI_fMRI:Epoch [52/1000], DLoss For Fake: 3.1804
2023-11-06 13:35:52,589 - INFO - ADNI_fMRI:Epoch [53/1000], Loss: 4.9926,BCE:1.3264940679073334,KLD:3.6661103665828705
2023-11-06 13:35:52,589 - INFO - ADNI_fMRI:Epoch [53/1000], DLoss For Fake: 3.0466
2023-11-06 13:35:53,236 - INFO - ADNI_fMRI:Epoch [54/1000], Loss: 5.3403,BCE:1.2609445197241647,KLD:4.079313652856009
2023-11-06 13:35:53,236 - INFO - ADNI_fMRI:Epoch [54/1000], DLoss For Fake: 2.3910
2023-11-06 13:35:53,891 - INFO - ADNI_fMRI:Epoch [55/1000], Loss: 4.9321,BCE:1.3480528990427654,KLD:3.5840655432807074
2023-11-06 13:35:53,891 - INFO - ADNI_fMRI:Epoch [55/1000], DLoss For Fake: 2.4670
2023-11-06 13:35:53,893 - INFO - ADNI_fMRI:Epoch [55/1000]!Dloss For All:0.9731
2023-11-06 13:35:54,055 - INFO - ADNI_fMRI:Epoch [55/1000]->Saved!Loss:4.9321,BCE:1.3480528990427654,KLD:3.5840655432807074,DLoss For Fake:2.467018961906433
2023-11-06 13:35:54,703 - INFO - ADNI_fMRI:Epoch [56/1000], Loss: 5.1811,BCE:1.249660747391837,KLD:3.931409869875227
2023-11-06 13:35:54,703 - INFO - ADNI_fMRI:Epoch [56/1000], DLoss For Fake: 2.5615
2023-11-06 13:35:55,354 - INFO - ADNI_fMRI:Epoch [57/1000], Loss: 4.7192,BCE:1.3668215423822403,KLD:3.3524117469787598
2023-11-06 13:35:55,354 - INFO - ADNI_fMRI:Epoch [57/1000], DLoss For Fake: 2.0211
2023-11-06 13:35:55,509 - INFO - ADNI_fMRI:Epoch [57/1000]->Saved!Loss:4.7192,BCE:1.3668215423822403,KLD:3.3524117469787598,DLoss For Fake:2.021056652069092
2023-11-06 13:35:56,162 - INFO - ADNI_fMRI:Epoch [58/1000], Loss: 4.8835,BCE:1.3961435407400131,KLD:3.487313747406006
2023-11-06 13:35:56,162 - INFO - ADNI_fMRI:Epoch [58/1000], DLoss For Fake: 2.7203
2023-11-06 13:35:56,809 - INFO - ADNI_fMRI:Epoch [59/1000], Loss: 4.7710,BCE:1.2213465656552995,KLD:3.549676316125052
2023-11-06 13:35:56,809 - INFO - ADNI_fMRI:Epoch [59/1000], DLoss For Fake: 2.1105
2023-11-06 13:35:57,465 - INFO - ADNI_fMRI:Epoch [60/1000], Loss: 4.8653,BCE:1.3703407843907673,KLD:3.494924624760946
2023-11-06 13:35:57,465 - INFO - ADNI_fMRI:Epoch [60/1000], DLoss For Fake: 3.0292
2023-11-06 13:35:58,113 - INFO - ADNI_fMRI:Epoch [61/1000], Loss: 5.1398,BCE:1.177163004875183,KLD:3.9626568385532925
2023-11-06 13:35:58,114 - INFO - ADNI_fMRI:Epoch [61/1000], DLoss For Fake: 2.4636
2023-11-06 13:35:58,766 - INFO - ADNI_fMRI:Epoch [62/1000], Loss: 4.5008,BCE:1.2278562188148499,KLD:3.272973746061325
2023-11-06 13:35:58,766 - INFO - ADNI_fMRI:Epoch [62/1000], DLoss For Fake: 2.1449
2023-11-06 13:35:58,919 - INFO - ADNI_fMRI:Epoch [62/1000]->Saved!Loss:4.5008,BCE:1.2278562188148499,KLD:3.272973746061325,DLoss For Fake:2.1448561549186707
2023-11-06 13:35:59,571 - INFO - ADNI_fMRI:Epoch [63/1000], Loss: 4.4761,BCE:1.2722035497426987,KLD:3.2039158642292023
2023-11-06 13:35:59,571 - INFO - ADNI_fMRI:Epoch [63/1000], DLoss For Fake: 2.5256
2023-11-06 13:35:59,911 - INFO - ADNI_fMRI:Epoch [63/1000]->Saved!Loss:4.4761,BCE:1.2722035497426987,KLD:3.2039158642292023,DLoss For Fake:2.5255727767944336
2023-11-06 13:36:00,557 - INFO - ADNI_fMRI:Epoch [64/1000], Loss: 4.7735,BCE:1.3003607562610082,KLD:3.4731497764587402
2023-11-06 13:36:00,557 - INFO - ADNI_fMRI:Epoch [64/1000], DLoss For Fake: 2.4379
2023-11-06 13:36:01,214 - INFO - ADNI_fMRI:Epoch [65/1000], Loss: 4.4621,BCE:1.3655390805668302,KLD:3.0965803464253745
2023-11-06 13:36:01,214 - INFO - ADNI_fMRI:Epoch [65/1000], DLoss For Fake: 3.0439
2023-11-06 13:36:01,363 - INFO - ADNI_fMRI:Epoch [65/1000]->Saved!Loss:4.4621,BCE:1.3655390805668302,KLD:3.0965803464253745,DLoss For Fake:3.043918251991272
2023-11-06 13:36:02,011 - INFO - ADNI_fMRI:Epoch [66/1000], Loss: 4.5434,BCE:1.3292644023895264,KLD:3.214181525366647
2023-11-06 13:36:02,011 - INFO - ADNI_fMRI:Epoch [66/1000], DLoss For Fake: 3.0936
2023-11-06 13:36:02,663 - INFO - ADNI_fMRI:Epoch [67/1000], Loss: 4.3934,BCE:1.2904906123876572,KLD:3.1029121577739716
2023-11-06 13:36:02,663 - INFO - ADNI_fMRI:Epoch [67/1000], DLoss For Fake: 2.4608
2023-11-06 13:36:02,820 - INFO - ADNI_fMRI:Epoch [67/1000]->Saved!Loss:4.3934,BCE:1.2904906123876572,KLD:3.1029121577739716,DLoss For Fake:2.460757255554199
2023-11-06 13:36:03,473 - INFO - ADNI_fMRI:Epoch [68/1000], Loss: 4.5951,BCE:1.3674134314060211,KLD:3.227653592824936
2023-11-06 13:36:03,474 - INFO - ADNI_fMRI:Epoch [68/1000], DLoss For Fake: 2.8730
2023-11-06 13:36:04,121 - INFO - ADNI_fMRI:Epoch [69/1000], Loss: 4.1797,BCE:1.2508971180234636,KLD:2.9288357325962613
2023-11-06 13:36:04,121 - INFO - ADNI_fMRI:Epoch [69/1000], DLoss For Fake: 2.8090
2023-11-06 13:36:04,122 - INFO - ADNI_fMRI:Epoch [69/1000]!Dloss For All:0.9562
2023-11-06 13:36:04,278 - INFO - ADNI_fMRI:Epoch [69/1000]->Saved!Loss:4.1797,BCE:1.2508971180234636,KLD:2.9288357325962613,DLoss For Fake:2.808993856112162
2023-11-06 13:36:04,933 - INFO - ADNI_fMRI:Epoch [70/1000], Loss: 4.3260,BCE:1.3543372684054904,KLD:2.9717124303181968
2023-11-06 13:36:04,934 - INFO - ADNI_fMRI:Epoch [70/1000], DLoss For Fake: 3.8174
2023-11-06 13:36:05,582 - INFO - ADNI_fMRI:Epoch [71/1000], Loss: 4.1452,BCE:1.4042879513331823,KLD:2.740865877696446
2023-11-06 13:36:05,583 - INFO - ADNI_fMRI:Epoch [71/1000], DLoss For Fake: 2.5791
2023-11-06 13:36:05,740 - INFO - ADNI_fMRI:Epoch [71/1000]->Saved!Loss:4.1452,BCE:1.4042879513331823,KLD:2.740865877696446,DLoss For Fake:2.579111337661743
2023-11-06 13:36:06,392 - INFO - ADNI_fMRI:Epoch [72/1000], Loss: 4.4295,BCE:1.4450824707746506,KLD:2.9844549894332886
2023-11-06 13:36:06,392 - INFO - ADNI_fMRI:Epoch [72/1000], DLoss For Fake: 3.1628
2023-11-06 13:36:07,044 - INFO - ADNI_fMRI:Epoch [73/1000], Loss: 4.2411,BCE:1.3977394998073578,KLD:2.8434013426303864
2023-11-06 13:36:07,044 - INFO - ADNI_fMRI:Epoch [73/1000], DLoss For Fake: 2.8115
2023-11-06 13:36:07,691 - INFO - ADNI_fMRI:Epoch [74/1000], Loss: 4.5914,BCE:1.3229479960032873,KLD:3.2684855801718578
2023-11-06 13:36:07,691 - INFO - ADNI_fMRI:Epoch [74/1000], DLoss For Fake: 3.0454
2023-11-06 13:36:08,347 - INFO - ADNI_fMRI:Epoch [75/1000], Loss: 4.1818,BCE:1.3616376850340102,KLD:2.82015413708157
2023-11-06 13:36:08,347 - INFO - ADNI_fMRI:Epoch [75/1000], DLoss For Fake: 3.7024
2023-11-06 13:36:08,993 - INFO - ADNI_fMRI:Epoch [76/1000], Loss: 4.1515,BCE:1.2118126153945923,KLD:2.939640692302159
2023-11-06 13:36:08,993 - INFO - ADNI_fMRI:Epoch [76/1000], DLoss For Fake: 3.0168
2023-11-06 13:36:09,645 - INFO - ADNI_fMRI:Epoch [77/1000], Loss: 4.0266,BCE:1.2892756760120392,KLD:2.7372745275497437
2023-11-06 13:36:09,645 - INFO - ADNI_fMRI:Epoch [77/1000], DLoss For Fake: 3.0694
2023-11-06 13:36:09,802 - INFO - ADNI_fMRI:Epoch [77/1000]->Saved!Loss:4.0266,BCE:1.2892756760120392,KLD:2.7372745275497437,DLoss For Fake:3.0693670511245728
2023-11-06 13:36:10,455 - INFO - ADNI_fMRI:Epoch [78/1000], Loss: 4.3009,BCE:1.3596456944942474,KLD:2.941285789012909
2023-11-06 13:36:10,456 - INFO - ADNI_fMRI:Epoch [78/1000], DLoss For Fake: 2.8724
2023-11-06 13:36:10,457 - INFO - ADNI_fMRI:Epoch [78/1000]!Dloss For All:0.9112
2023-11-06 13:36:11,105 - INFO - ADNI_fMRI:Epoch [79/1000], Loss: 4.2532,BCE:1.4351361989974976,KLD:2.8181134292057584
2023-11-06 13:36:11,105 - INFO - ADNI_fMRI:Epoch [79/1000], DLoss For Fake: 3.2749
2023-11-06 13:36:11,761 - INFO - ADNI_fMRI:Epoch [80/1000], Loss: 4.0611,BCE:1.3836725685331557,KLD:2.677463557985094
2023-11-06 13:36:11,761 - INFO - ADNI_fMRI:Epoch [80/1000], DLoss For Fake: 2.9927
2023-11-06 13:36:12,410 - INFO - ADNI_fMRI:Epoch [81/1000], Loss: 3.8080,BCE:1.2647748504366194,KLD:2.5432431357247487
2023-11-06 13:36:12,410 - INFO - ADNI_fMRI:Epoch [81/1000], DLoss For Fake: 2.4339
2023-11-06 13:36:12,565 - INFO - ADNI_fMRI:Epoch [81/1000]->Saved!Loss:3.8080,BCE:1.2647748504366194,KLD:2.5432431357247487,DLoss For Fake:2.4338975747426352
2023-11-06 13:36:13,221 - INFO - ADNI_fMRI:Epoch [82/1000], Loss: 4.2357,BCE:1.27805395424366,KLD:2.95764884352684
2023-11-06 13:36:13,222 - INFO - ADNI_fMRI:Epoch [82/1000], DLoss For Fake: 3.6133
2023-11-06 13:36:13,873 - INFO - ADNI_fMRI:Epoch [83/1000], Loss: 3.7667,BCE:1.3387738168239594,KLD:2.427940309047699
2023-11-06 13:36:13,873 - INFO - ADNI_fMRI:Epoch [83/1000], DLoss For Fake: 2.8354
2023-11-06 13:36:14,026 - INFO - ADNI_fMRI:Epoch [83/1000]->Saved!Loss:3.7667,BCE:1.3387738168239594,KLD:2.427940309047699,DLoss For Fake:2.8354110717773438
2023-11-06 13:36:14,673 - INFO - ADNI_fMRI:Epoch [84/1000], Loss: 3.7794,BCE:1.2502642188753401,KLD:2.5291244983673096
2023-11-06 13:36:14,673 - INFO - ADNI_fMRI:Epoch [84/1000], DLoss For Fake: 3.1024
2023-11-06 13:36:15,328 - INFO - ADNI_fMRI:Epoch [85/1000], Loss: 4.1411,BCE:1.3240015904108684,KLD:2.817061980565389
2023-11-06 13:36:15,328 - INFO - ADNI_fMRI:Epoch [85/1000], DLoss For Fake: 3.0892
2023-11-06 13:36:15,975 - INFO - ADNI_fMRI:Epoch [86/1000], Loss: 3.8404,BCE:1.3905602863856725,KLD:2.4497945649283275
2023-11-06 13:36:15,975 - INFO - ADNI_fMRI:Epoch [86/1000], DLoss For Fake: 2.5668
2023-11-06 13:36:16,625 - INFO - ADNI_fMRI:Epoch [87/1000], Loss: 3.8658,BCE:1.432110458612442,KLD:2.43373641371727
2023-11-06 13:36:16,625 - INFO - ADNI_fMRI:Epoch [87/1000], DLoss For Fake: 2.1740
2023-11-06 13:36:17,282 - INFO - ADNI_fMRI:Epoch [88/1000], Loss: 3.7586,BCE:1.418085552752018,KLD:2.3405206948518753
2023-11-06 13:36:17,283 - INFO - ADNI_fMRI:Epoch [88/1000], DLoss For Fake: 3.0667
2023-11-06 13:36:17,435 - INFO - ADNI_fMRI:Epoch [88/1000]->Saved!Loss:3.7586,BCE:1.418085552752018,KLD:2.3405206948518753,DLoss For Fake:3.0666627883911133
2023-11-06 13:36:18,083 - INFO - ADNI_fMRI:Epoch [89/1000], Loss: 3.5233,BCE:1.3322688000542777,KLD:2.1910004104886736
2023-11-06 13:36:18,083 - INFO - ADNI_fMRI:Epoch [89/1000], DLoss For Fake: 2.4635
2023-11-06 13:36:18,454 - INFO - ADNI_fMRI:Epoch [89/1000]->Saved!Loss:3.5233,BCE:1.3322688000542777,KLD:2.1910004104886736,DLoss For Fake:2.4634917179743447
2023-11-06 13:36:19,109 - INFO - ADNI_fMRI:Epoch [90/1000], Loss: 3.5814,BCE:1.394395735528734,KLD:2.186959187189738
2023-11-06 13:36:19,111 - INFO - ADNI_fMRI:Epoch [90/1000], DLoss For Fake: 3.5217
2023-11-06 13:36:19,757 - INFO - ADNI_fMRI:Epoch [91/1000], Loss: 3.4905,BCE:1.218412927218846,KLD:2.272049222673689
2023-11-06 13:36:19,757 - INFO - ADNI_fMRI:Epoch [91/1000], DLoss For Fake: 2.8686
2023-11-06 13:36:19,920 - INFO - ADNI_fMRI:Epoch [91/1000]->Saved!Loss:3.4905,BCE:1.218412927218846,KLD:2.272049222673689,DLoss For Fake:2.8685779174168906
2023-11-06 13:36:20,572 - INFO - ADNI_fMRI:Epoch [92/1000], Loss: 3.3097,BCE:1.3446080386638641,KLD:1.965077817440033
2023-11-06 13:36:20,572 - INFO - ADNI_fMRI:Epoch [92/1000], DLoss For Fake: 2.6662
2023-11-06 13:36:20,723 - INFO - ADNI_fMRI:Epoch [92/1000]->Saved!Loss:3.3097,BCE:1.3446080386638641,KLD:1.965077817440033,DLoss For Fake:2.66621994972229
2023-11-06 13:36:21,377 - INFO - ADNI_fMRI:Epoch [93/1000], Loss: 3.5617,BCE:1.4178318977355957,KLD:2.1438368558883667
2023-11-06 13:36:21,377 - INFO - ADNI_fMRI:Epoch [93/1000], DLoss For Fake: 3.1279
2023-11-06 13:36:22,029 - INFO - ADNI_fMRI:Epoch [94/1000], Loss: 3.2883,BCE:1.3803298813956124,KLD:1.907980935914176
2023-11-06 13:36:22,029 - INFO - ADNI_fMRI:Epoch [94/1000], DLoss For Fake: 3.2367
2023-11-06 13:36:22,176 - INFO - ADNI_fMRI:Epoch [94/1000]->Saved!Loss:3.2883,BCE:1.3803298813956124,KLD:1.907980935914176,DLoss For Fake:3.2366830507914224
2023-11-06 13:36:22,836 - INFO - ADNI_fMRI:Epoch [95/1000], Loss: 3.4306,BCE:1.2965202728907268,KLD:2.134126729435391
2023-11-06 13:36:22,836 - INFO - ADNI_fMRI:Epoch [95/1000], DLoss For Fake: 2.7667
2023-11-06 13:36:23,484 - INFO - ADNI_fMRI:Epoch [96/1000], Loss: 3.2428,BCE:1.2857666185923986,KLD:1.9570208106722151
2023-11-06 13:36:23,484 - INFO - ADNI_fMRI:Epoch [96/1000], DLoss For Fake: 2.9797
2023-11-06 13:36:23,827 - INFO - ADNI_fMRI:Epoch [96/1000]->Saved!Loss:3.2428,BCE:1.2857666185923986,KLD:1.9570208106722151,DLoss For Fake:2.979651848475138
2023-11-06 13:36:24,483 - INFO - ADNI_fMRI:Epoch [97/1000], Loss: 3.2624,BCE:1.3946565389633179,KLD:1.8677008002996445
2023-11-06 13:36:24,483 - INFO - ADNI_fMRI:Epoch [97/1000], DLoss For Fake: 2.5110
2023-11-06 13:36:25,136 - INFO - ADNI_fMRI:Epoch [98/1000], Loss: 3.6527,BCE:1.3880242258310318,KLD:2.2646779268980026
2023-11-06 13:36:25,136 - INFO - ADNI_fMRI:Epoch [98/1000], DLoss For Fake: 2.7291
2023-11-06 13:36:25,782 - INFO - ADNI_fMRI:Epoch [99/1000], Loss: 3.4621,BCE:1.2707881842340742,KLD:2.1912823745182584
2023-11-06 13:36:25,782 - INFO - ADNI_fMRI:Epoch [99/1000], DLoss For Fake: 3.3354
2023-11-06 13:36:26,440 - INFO - ADNI_fMRI:Epoch [100/1000], Loss: 3.3028,BCE:1.3779361380471125,KLD:1.9248361587524414
2023-11-06 13:36:26,440 - INFO - ADNI_fMRI:Epoch [100/1000], DLoss For Fake: 2.7790
2023-11-06 13:36:27,088 - INFO - ADNI_fMRI:Epoch [101/1000], Loss: 3.1060,BCE:1.3798871380942208,KLD:1.7260714258466447
2023-11-06 13:36:27,088 - INFO - ADNI_fMRI:Epoch [101/1000], DLoss For Fake: 3.6472
2023-11-06 13:36:27,244 - INFO - ADNI_fMRI:Epoch [101/1000]->Saved!Loss:3.1060,BCE:1.3798871380942208,KLD:1.7260714258466447,DLoss For Fake:3.6471657752990723
2023-11-06 13:36:27,894 - INFO - ADNI_fMRI:Epoch [102/1000], Loss: 3.3084,BCE:1.313636675477028,KLD:1.9947775602340698
2023-11-06 13:36:27,895 - INFO - ADNI_fMRI:Epoch [102/1000], DLoss For Fake: 3.1298
2023-11-06 13:36:28,547 - INFO - ADNI_fMRI:Epoch [103/1000], Loss: 3.0520,BCE:1.4383745789527893,KLD:1.613576740026474
2023-11-06 13:36:28,548 - INFO - ADNI_fMRI:Epoch [103/1000], DLoss For Fake: 3.0637
2023-11-06 13:36:28,704 - INFO - ADNI_fMRI:Epoch [103/1000]->Saved!Loss:3.0520,BCE:1.4383745789527893,KLD:1.613576740026474,DLoss For Fake:3.0637029012044272
2023-11-06 13:36:29,353 - INFO - ADNI_fMRI:Epoch [104/1000], Loss: 3.6453,BCE:1.4026130097252982,KLD:2.242685215813773
2023-11-06 13:36:29,354 - INFO - ADNI_fMRI:Epoch [104/1000], DLoss For Fake: 2.3686
2023-11-06 13:36:30,012 - INFO - ADNI_fMRI:Epoch [105/1000], Loss: 3.1441,BCE:1.3834874696201749,KLD:1.7605930036968656
2023-11-06 13:36:30,012 - INFO - ADNI_fMRI:Epoch [105/1000], DLoss For Fake: 3.1028
2023-11-06 13:36:30,659 - INFO - ADNI_fMRI:Epoch [106/1000], Loss: 2.9285,BCE:1.2422396114894323,KLD:1.686219504901341
2023-11-06 13:36:30,659 - INFO - ADNI_fMRI:Epoch [106/1000], DLoss For Fake: 2.7414
2023-11-06 13:36:30,810 - INFO - ADNI_fMRI:Epoch [106/1000]->Saved!Loss:2.9285,BCE:1.2422396114894323,KLD:1.686219504901341,DLoss For Fake:2.7413601080576577
2023-11-06 13:36:31,464 - INFO - ADNI_fMRI:Epoch [107/1000], Loss: 2.8418,BCE:1.2525416389107704,KLD:1.5892417579889297
2023-11-06 13:36:31,464 - INFO - ADNI_fMRI:Epoch [107/1000], DLoss For Fake: 2.9407
2023-11-06 13:36:31,625 - INFO - ADNI_fMRI:Epoch [107/1000]->Saved!Loss:2.8418,BCE:1.2525416389107704,KLD:1.5892417579889297,DLoss For Fake:2.9407325983047485
2023-11-06 13:36:32,277 - INFO - ADNI_fMRI:Epoch [108/1000], Loss: 3.4954,BCE:1.2899324148893356,KLD:2.2054552137851715
2023-11-06 13:36:32,277 - INFO - ADNI_fMRI:Epoch [108/1000], DLoss For Fake: 3.4597
2023-11-06 13:36:32,925 - INFO - ADNI_fMRI:Epoch [109/1000], Loss: 2.8637,BCE:1.3255296690123421,KLD:1.5381288869040353
2023-11-06 13:36:32,925 - INFO - ADNI_fMRI:Epoch [109/1000], DLoss For Fake: 3.4032
2023-11-06 13:36:33,581 - INFO - ADNI_fMRI:Epoch [110/1000], Loss: 2.8612,BCE:1.3502800067265828,KLD:1.5108890665902033
2023-11-06 13:36:33,581 - INFO - ADNI_fMRI:Epoch [110/1000], DLoss For Fake: 3.0114
2023-11-06 13:36:34,227 - INFO - ADNI_fMRI:Epoch [111/1000], Loss: 2.7959,BCE:1.2852279458727156,KLD:1.5106679882322038
2023-11-06 13:36:34,227 - INFO - ADNI_fMRI:Epoch [111/1000], DLoss For Fake: 3.2476
2023-11-06 13:36:34,376 - INFO - ADNI_fMRI:Epoch [111/1000]->Saved!Loss:2.7959,BCE:1.2852279458727156,KLD:1.5106679882322038,DLoss For Fake:3.247613032658895
2023-11-06 13:36:35,031 - INFO - ADNI_fMRI:Epoch [112/1000], Loss: 3.0145,BCE:1.3676732406020164,KLD:1.6467892080545425
2023-11-06 13:36:35,031 - INFO - ADNI_fMRI:Epoch [112/1000], DLoss For Fake: 3.6065
2023-11-06 13:36:35,683 - INFO - ADNI_fMRI:Epoch [113/1000], Loss: 3.2297,BCE:1.3314258754253387,KLD:1.8982265889644623
2023-11-06 13:36:35,683 - INFO - ADNI_fMRI:Epoch [113/1000], DLoss For Fake: 3.1698
2023-11-06 13:36:36,330 - INFO - ADNI_fMRI:Epoch [114/1000], Loss: 2.7468,BCE:1.2404079266956873,KLD:1.5063921894345964
2023-11-06 13:36:36,331 - INFO - ADNI_fMRI:Epoch [114/1000], DLoss For Fake: 2.7289
2023-11-06 13:36:36,489 - INFO - ADNI_fMRI:Epoch [114/1000]->Saved!Loss:2.7468,BCE:1.2404079266956873,KLD:1.5063921894345964,DLoss For Fake:2.7289321025212607
2023-11-06 13:36:37,148 - INFO - ADNI_fMRI:Epoch [115/1000], Loss: 2.9423,BCE:1.3444188502099779,KLD:1.5978962977727253
2023-11-06 13:36:37,148 - INFO - ADNI_fMRI:Epoch [115/1000], DLoss For Fake: 2.8271
2023-11-06 13:36:37,795 - INFO - ADNI_fMRI:Epoch [116/1000], Loss: 2.9855,BCE:1.4601861579077584,KLD:1.5253534742764063
2023-11-06 13:36:37,795 - INFO - ADNI_fMRI:Epoch [116/1000], DLoss For Fake: 3.0378
2023-11-06 13:36:38,449 - INFO - ADNI_fMRI:Epoch [117/1000], Loss: 2.9965,BCE:1.4315505474805832,KLD:1.564902976155281
2023-11-06 13:36:38,449 - INFO - ADNI_fMRI:Epoch [117/1000], DLoss For Fake: 3.0954
2023-11-06 13:36:39,101 - INFO - ADNI_fMRI:Epoch [118/1000], Loss: 3.0578,BCE:1.3573061227798462,KLD:1.7004676163196564
2023-11-06 13:36:39,101 - INFO - ADNI_fMRI:Epoch [118/1000], DLoss For Fake: 3.4829
2023-11-06 13:36:39,749 - INFO - ADNI_fMRI:Epoch [119/1000], Loss: 2.8461,BCE:1.2366625240870885,KLD:1.6094153097697668
2023-11-06 13:36:39,749 - INFO - ADNI_fMRI:Epoch [119/1000], DLoss For Fake: 3.1877
2023-11-06 13:36:40,406 - INFO - ADNI_fMRI:Epoch [120/1000], Loss: 2.6419,BCE:1.2877665095859103,KLD:1.3541019095314875
2023-11-06 13:36:40,406 - INFO - ADNI_fMRI:Epoch [120/1000], DLoss For Fake: 3.1408
2023-11-06 13:36:40,566 - INFO - ADNI_fMRI:Epoch [120/1000]->Saved!Loss:2.6419,BCE:1.2877665095859103,KLD:1.3541019095314875,DLoss For Fake:3.1408013105392456
2023-11-06 13:36:41,214 - INFO - ADNI_fMRI:Epoch [121/1000], Loss: 2.9214,BCE:1.3676585810525077,KLD:1.553744571549552
2023-11-06 13:36:41,214 - INFO - ADNI_fMRI:Epoch [121/1000], DLoss For Fake: 2.9574
2023-11-06 13:36:41,864 - INFO - ADNI_fMRI:Epoch [122/1000], Loss: 2.8538,BCE:1.3672061562538147,KLD:1.4865723103284836
2023-11-06 13:36:41,864 - INFO - ADNI_fMRI:Epoch [122/1000], DLoss For Fake: 2.6369
2023-11-06 13:36:42,517 - INFO - ADNI_fMRI:Epoch [123/1000], Loss: 3.1247,BCE:1.3067557513713837,KLD:1.8179881423711777
2023-11-06 13:36:42,517 - INFO - ADNI_fMRI:Epoch [123/1000], DLoss For Fake: 3.0526
2023-11-06 13:36:43,163 - INFO - ADNI_fMRI:Epoch [124/1000], Loss: 3.0623,BCE:1.4640262637819563,KLD:1.5983212505068098
2023-11-06 13:36:43,163 - INFO - ADNI_fMRI:Epoch [124/1000], DLoss For Fake: 3.3141
2023-11-06 13:36:43,820 - INFO - ADNI_fMRI:Epoch [125/1000], Loss: 2.7455,BCE:1.3474159505632188,KLD:1.398104680909051
2023-11-06 13:36:43,820 - INFO - ADNI_fMRI:Epoch [125/1000], DLoss For Fake: 3.5069
2023-11-06 13:36:44,496 - INFO - ADNI_fMRI:Epoch [126/1000], Loss: 2.5999,BCE:1.3417504685265678,KLD:1.2581686292375838
2023-11-06 13:36:44,497 - INFO - ADNI_fMRI:Epoch [126/1000], DLoss For Fake: 3.0489
2023-11-06 13:36:44,668 - INFO - ADNI_fMRI:Epoch [126/1000]->Saved!Loss:2.5999,BCE:1.3417504685265678,KLD:1.2581686292375838,DLoss For Fake:3.048852284749349
2023-11-06 13:36:45,319 - INFO - ADNI_fMRI:Epoch [127/1000], Loss: 2.6339,BCE:1.3320550173521042,KLD:1.3018358498811722
2023-11-06 13:36:45,319 - INFO - ADNI_fMRI:Epoch [127/1000], DLoss For Fake: 3.3555
2023-11-06 13:36:45,970 - INFO - ADNI_fMRI:Epoch [128/1000], Loss: 2.6515,BCE:1.4243426769971848,KLD:1.2271156162023544
2023-11-06 13:36:45,970 - INFO - ADNI_fMRI:Epoch [128/1000], DLoss For Fake: 3.1211
2023-11-06 13:36:46,618 - INFO - ADNI_fMRI:Epoch [129/1000], Loss: 2.7162,BCE:1.339257104056222,KLD:1.376948526927403
2023-11-06 13:36:46,618 - INFO - ADNI_fMRI:Epoch [129/1000], DLoss For Fake: 2.9294
2023-11-06 13:36:47,273 - INFO - ADNI_fMRI:Epoch [130/1000], Loss: 2.6038,BCE:1.2555741005473666,KLD:1.3482370111677382
2023-11-06 13:36:47,273 - INFO - ADNI_fMRI:Epoch [130/1000], DLoss For Fake: 3.0288
2023-11-06 13:36:47,920 - INFO - ADNI_fMRI:Epoch [131/1000], Loss: 2.9369,BCE:1.39120238167899,KLD:1.5456484045301164
2023-11-06 13:36:47,921 - INFO - ADNI_fMRI:Epoch [131/1000], DLoss For Fake: 3.6314
2023-11-06 13:36:48,572 - INFO - ADNI_fMRI:Epoch [132/1000], Loss: 2.7646,BCE:1.37203349173069,KLD:1.3925606608390808
2023-11-06 13:36:48,572 - INFO - ADNI_fMRI:Epoch [132/1000], DLoss For Fake: 3.6958
2023-11-06 13:36:49,223 - INFO - ADNI_fMRI:Epoch [133/1000], Loss: 2.5980,BCE:1.3673534244298935,KLD:1.2306089624762535
2023-11-06 13:36:49,223 - INFO - ADNI_fMRI:Epoch [133/1000], DLoss For Fake: 2.6189
2023-11-06 13:36:49,385 - INFO - ADNI_fMRI:Epoch [133/1000]->Saved!Loss:2.5980,BCE:1.3673534244298935,KLD:1.2306089624762535,DLoss For Fake:2.6189282735188804
2023-11-06 13:36:50,035 - INFO - ADNI_fMRI:Epoch [134/1000], Loss: 2.4757,BCE:1.4082755531583513,KLD:1.0674559814589364
2023-11-06 13:36:50,035 - INFO - ADNI_fMRI:Epoch [134/1000], DLoss For Fake: 3.0422
2023-11-06 13:36:50,186 - INFO - ADNI_fMRI:Epoch [134/1000]->Saved!Loss:2.4757,BCE:1.4082755531583513,KLD:1.0674559814589364,DLoss For Fake:3.042153835296631
2023-11-06 13:36:50,843 - INFO - ADNI_fMRI:Epoch [135/1000], Loss: 2.5760,BCE:1.2686453262964885,KLD:1.307343754503462
2023-11-06 13:36:50,844 - INFO - ADNI_fMRI:Epoch [135/1000], DLoss For Fake: 2.8683
2023-11-06 13:36:51,491 - INFO - ADNI_fMRI:Epoch [136/1000], Loss: 2.8795,BCE:1.2749700035367693,KLD:1.604496989931379
2023-11-06 13:36:51,491 - INFO - ADNI_fMRI:Epoch [136/1000], DLoss For Fake: 2.5715
2023-11-06 13:36:52,142 - INFO - ADNI_fMRI:Epoch [137/1000], Loss: 2.6225,BCE:1.3383051455020905,KLD:1.2842399701476097
2023-11-06 13:36:52,142 - INFO - ADNI_fMRI:Epoch [137/1000], DLoss For Fake: 2.6910
2023-11-06 13:36:52,794 - INFO - ADNI_fMRI:Epoch [138/1000], Loss: 2.5898,BCE:1.2881044447422028,KLD:1.301709271967411
2023-11-06 13:36:52,794 - INFO - ADNI_fMRI:Epoch [138/1000], DLoss For Fake: 3.1352
2023-11-06 13:36:53,440 - INFO - ADNI_fMRI:Epoch [139/1000], Loss: 2.6215,BCE:1.3958632435117448,KLD:1.22565758228302
2023-11-06 13:36:53,440 - INFO - ADNI_fMRI:Epoch [139/1000], DLoss For Fake: 3.2159
2023-11-06 13:36:54,096 - INFO - ADNI_fMRI:Epoch [140/1000], Loss: 2.6474,BCE:1.3275772200690374,KLD:1.3198512660132513
2023-11-06 13:36:54,096 - INFO - ADNI_fMRI:Epoch [140/1000], DLoss For Fake: 3.0829
2023-11-06 13:36:54,743 - INFO - ADNI_fMRI:Epoch [141/1000], Loss: 2.3854,BCE:1.2909602267401559,KLD:1.0944466761180334
2023-11-06 13:36:54,743 - INFO - ADNI_fMRI:Epoch [141/1000], DLoss For Fake: 2.7456
2023-11-06 13:36:54,890 - INFO - ADNI_fMRI:Epoch [141/1000]->Saved!Loss:2.3854,BCE:1.2909602267401559,KLD:1.0944466761180334,DLoss For Fake:2.7456084887186685
2023-11-06 13:36:55,544 - INFO - ADNI_fMRI:Epoch [142/1000], Loss: 2.4902,BCE:1.3288091570138931,KLD:1.1614031791687012
2023-11-06 13:36:55,544 - INFO - ADNI_fMRI:Epoch [142/1000], DLoss For Fake: 3.0200
2023-11-06 13:36:56,197 - INFO - ADNI_fMRI:Epoch [143/1000], Loss: 2.5987,BCE:1.3524393886327744,KLD:1.2462753430008888
2023-11-06 13:36:56,197 - INFO - ADNI_fMRI:Epoch [143/1000], DLoss For Fake: 2.7969
2023-11-06 13:36:56,843 - INFO - ADNI_fMRI:Epoch [144/1000], Loss: 2.4607,BCE:1.309679320880345,KLD:1.1509959868022375
2023-11-06 13:36:56,843 - INFO - ADNI_fMRI:Epoch [144/1000], DLoss For Fake: 3.7594
2023-11-06 13:36:57,498 - INFO - ADNI_fMRI:Epoch [145/1000], Loss: 2.3757,BCE:1.2290166748894586,KLD:1.146731158097585
2023-11-06 13:36:57,498 - INFO - ADNI_fMRI:Epoch [145/1000], DLoss For Fake: 3.7569
2023-11-06 13:36:57,654 - INFO - ADNI_fMRI:Epoch [145/1000]->Saved!Loss:2.3757,BCE:1.2290166748894586,KLD:1.146731158097585,DLoss For Fake:3.7569358348846436
2023-11-06 13:36:58,301 - INFO - ADNI_fMRI:Epoch [146/1000], Loss: 2.5265,BCE:1.4360055242265974,KLD:1.0905191898345947
2023-11-06 13:36:58,301 - INFO - ADNI_fMRI:Epoch [146/1000], DLoss For Fake: 2.9137
2023-11-06 13:36:58,955 - INFO - ADNI_fMRI:Epoch [147/1000], Loss: 2.4111,BCE:1.348188191652298,KLD:1.0628763064742088
2023-11-06 13:36:58,955 - INFO - ADNI_fMRI:Epoch [147/1000], DLoss For Fake: 2.8477
2023-11-06 13:36:59,607 - INFO - ADNI_fMRI:Epoch [148/1000], Loss: 2.4515,BCE:1.4113418012857437,KLD:1.04014191031456
2023-11-06 13:36:59,607 - INFO - ADNI_fMRI:Epoch [148/1000], DLoss For Fake: 3.2632
2023-11-06 13:37:00,254 - INFO - ADNI_fMRI:Epoch [149/1000], Loss: 2.3422,BCE:1.3486941712243217,KLD:0.9935187271663121
2023-11-06 13:37:00,254 - INFO - ADNI_fMRI:Epoch [149/1000], DLoss For Fake: 3.3464
2023-11-06 13:37:00,671 - INFO - ADNI_fMRI:Epoch [149/1000]->Saved!Loss:2.3422,BCE:1.3486941712243217,KLD:0.9935187271663121,DLoss For Fake:3.346376578013102
2023-11-06 13:37:01,329 - INFO - ADNI_fMRI:Epoch [150/1000], Loss: 2.4447,BCE:1.3834977017508612,KLD:1.0611835188335843
2023-11-06 13:37:01,329 - INFO - ADNI_fMRI:Epoch [150/1000], DLoss For Fake: 3.9363
2023-11-06 13:37:01,976 - INFO - ADNI_fMRI:Epoch [151/1000], Loss: 2.3455,BCE:1.410413486616952,KLD:0.935079038143158
2023-11-06 13:37:01,976 - INFO - ADNI_fMRI:Epoch [151/1000], DLoss For Fake: 2.8631
2023-11-06 13:37:02,629 - INFO - ADNI_fMRI:Epoch [152/1000], Loss: 2.4864,BCE:1.4122726172208786,KLD:1.0741206035017967
2023-11-06 13:37:02,629 - INFO - ADNI_fMRI:Epoch [152/1000], DLoss For Fake: 3.4889
2023-11-06 13:37:03,278 - INFO - ADNI_fMRI:Epoch [153/1000], Loss: 2.4872,BCE:1.35429048538208,KLD:1.1328827366232872
2023-11-06 13:37:03,279 - INFO - ADNI_fMRI:Epoch [153/1000], DLoss For Fake: 3.2301
2023-11-06 13:37:03,924 - INFO - ADNI_fMRI:Epoch [154/1000], Loss: 2.4409,BCE:1.3891166959490096,KLD:1.0517419832093375
2023-11-06 13:37:03,924 - INFO - ADNI_fMRI:Epoch [154/1000], DLoss For Fake: 2.8655
2023-11-06 13:37:04,581 - INFO - ADNI_fMRI:Epoch [155/1000], Loss: 2.3010,BCE:1.301637437608507,KLD:0.9993492497338189
2023-11-06 13:37:04,581 - INFO - ADNI_fMRI:Epoch [155/1000], DLoss For Fake: 2.5433
2023-11-06 13:37:05,166 - INFO - ADNI_fMRI:Epoch [155/1000]->Saved!Loss:2.3010,BCE:1.301637437608507,KLD:0.9993492497338189,DLoss For Fake:2.543334126472473
2023-11-06 13:37:05,814 - INFO - ADNI_fMRI:Epoch [156/1000], Loss: 2.2270,BCE:1.2722689935139246,KLD:0.9547557149614606
2023-11-06 13:37:05,814 - INFO - ADNI_fMRI:Epoch [156/1000], DLoss For Fake: 3.1013
2023-11-06 13:37:06,171 - INFO - ADNI_fMRI:Epoch [156/1000]->Saved!Loss:2.2270,BCE:1.2722689935139246,KLD:0.9547557149614606,DLoss For Fake:3.1012874444325766
2023-11-06 13:37:06,824 - INFO - ADNI_fMRI:Epoch [157/1000], Loss: 2.2311,BCE:1.239293709397316,KLD:0.9917643889784813
2023-11-06 13:37:06,824 - INFO - ADNI_fMRI:Epoch [157/1000], DLoss For Fake: 2.7339
2023-11-06 13:37:07,475 - INFO - ADNI_fMRI:Epoch [158/1000], Loss: 2.1594,BCE:1.2994479835033417,KLD:0.8599460124969482
2023-11-06 13:37:07,475 - INFO - ADNI_fMRI:Epoch [158/1000], DLoss For Fake: 3.1215
2023-11-06 13:37:07,625 - INFO - ADNI_fMRI:Epoch [158/1000]->Saved!Loss:2.1594,BCE:1.2994479835033417,KLD:0.8599460124969482,DLoss For Fake:3.121473550796509
2023-11-06 13:37:08,272 - INFO - ADNI_fMRI:Epoch [159/1000], Loss: 2.2409,BCE:1.2729076147079468,KLD:0.9679647598947797
2023-11-06 13:37:08,272 - INFO - ADNI_fMRI:Epoch [159/1000], DLoss For Fake: 3.4551
2023-11-06 13:37:08,929 - INFO - ADNI_fMRI:Epoch [160/1000], Loss: 2.4337,BCE:1.362835658921136,KLD:1.0708206759558783
2023-11-06 13:37:08,929 - INFO - ADNI_fMRI:Epoch [160/1000], DLoss For Fake: 2.8913
2023-11-06 13:37:09,577 - INFO - ADNI_fMRI:Epoch [161/1000], Loss: 2.3122,BCE:1.3961014577320643,KLD:0.9161457589694432
2023-11-06 13:37:09,577 - INFO - ADNI_fMRI:Epoch [161/1000], DLoss For Fake: 3.5599
2023-11-06 13:37:10,229 - INFO - ADNI_fMRI:Epoch [162/1000], Loss: 2.4677,BCE:1.375194936990738,KLD:1.0924614295363426
2023-11-06 13:37:10,229 - INFO - ADNI_fMRI:Epoch [162/1000], DLoss For Fake: 3.1997
2023-11-06 13:37:10,878 - INFO - ADNI_fMRI:Epoch [163/1000], Loss: 2.2378,BCE:1.2946380972862244,KLD:0.9431212320923805
2023-11-06 13:37:10,878 - INFO - ADNI_fMRI:Epoch [163/1000], DLoss For Fake: 3.3444
2023-11-06 13:37:11,527 - INFO - ADNI_fMRI:Epoch [164/1000], Loss: 2.2427,BCE:1.3870021956307548,KLD:0.8556756206921169
2023-11-06 13:37:11,527 - INFO - ADNI_fMRI:Epoch [164/1000], DLoss For Fake: 3.3731
2023-11-06 13:37:12,183 - INFO - ADNI_fMRI:Epoch [165/1000], Loss: 2.1760,BCE:1.318541705608368,KLD:0.8574983278910319
2023-11-06 13:37:12,183 - INFO - ADNI_fMRI:Epoch [165/1000], DLoss For Fake: 2.7845
2023-11-06 13:37:12,830 - INFO - ADNI_fMRI:Epoch [166/1000], Loss: 2.2225,BCE:1.2454031024660384,KLD:0.9771229369299752
2023-11-06 13:37:12,831 - INFO - ADNI_fMRI:Epoch [166/1000], DLoss For Fake: 2.7403
2023-11-06 13:37:13,481 - INFO - ADNI_fMRI:Epoch [167/1000], Loss: 2.2664,BCE:1.3819242715835571,KLD:0.8844654634594917
2023-11-06 13:37:13,481 - INFO - ADNI_fMRI:Epoch [167/1000], DLoss For Fake: 3.4227
2023-11-06 13:37:14,133 - INFO - ADNI_fMRI:Epoch [168/1000], Loss: 2.1615,BCE:1.342030182480812,KLD:0.8194986060261726
2023-11-06 13:37:14,133 - INFO - ADNI_fMRI:Epoch [168/1000], DLoss For Fake: 3.7698
2023-11-06 13:37:14,780 - INFO - ADNI_fMRI:Epoch [169/1000], Loss: 2.2587,BCE:1.4017763308116369,KLD:0.8568872809410095
2023-11-06 13:37:14,781 - INFO - ADNI_fMRI:Epoch [169/1000], DLoss For Fake: 3.1825
2023-11-06 13:37:15,436 - INFO - ADNI_fMRI:Epoch [170/1000], Loss: 2.2644,BCE:1.3899966213438246,KLD:0.8744063509835137
2023-11-06 13:37:15,436 - INFO - ADNI_fMRI:Epoch [170/1000], DLoss For Fake: 3.2277
2023-11-06 13:37:16,083 - INFO - ADNI_fMRI:Epoch [171/1000], Loss: 2.1577,BCE:1.2594475064958846,KLD:0.8982183507510594
2023-11-06 13:37:16,083 - INFO - ADNI_fMRI:Epoch [171/1000], DLoss For Fake: 2.7747
2023-11-06 13:37:16,237 - INFO - ADNI_fMRI:Epoch [171/1000]->Saved!Loss:2.1577,BCE:1.2594475064958846,KLD:0.8982183507510594,DLoss For Fake:2.7746551831563315
2023-11-06 13:37:16,889 - INFO - ADNI_fMRI:Epoch [172/1000], Loss: 2.2346,BCE:1.3944912254810333,KLD:0.8401313833892345
2023-11-06 13:37:16,889 - INFO - ADNI_fMRI:Epoch [172/1000], DLoss For Fake: 3.3559
2023-11-06 13:37:17,542 - INFO - ADNI_fMRI:Epoch [173/1000], Loss: 2.2048,BCE:1.3737082406878471,KLD:0.8311338424682617
2023-11-06 13:37:17,542 - INFO - ADNI_fMRI:Epoch [173/1000], DLoss For Fake: 3.4022
2023-11-06 13:37:18,189 - INFO - ADNI_fMRI:Epoch [174/1000], Loss: 2.0960,BCE:1.2990099702562605,KLD:0.7970223299094609
2023-11-06 13:37:18,189 - INFO - ADNI_fMRI:Epoch [174/1000], DLoss For Fake: 3.2472
2023-11-06 13:37:18,350 - INFO - ADNI_fMRI:Epoch [174/1000]->Saved!Loss:2.0960,BCE:1.2990099702562605,KLD:0.7970223299094609,DLoss For Fake:3.2471999327341714
2023-11-06 13:37:19,008 - INFO - ADNI_fMRI:Epoch [175/1000], Loss: 2.2043,BCE:1.379248923725552,KLD:0.8250252538257175
2023-11-06 13:37:19,008 - INFO - ADNI_fMRI:Epoch [175/1000], DLoss For Fake: 3.5397
2023-11-06 13:37:19,654 - INFO - ADNI_fMRI:Epoch [176/1000], Loss: 2.5358,BCE:1.279176482132503,KLD:1.256602474621364
2023-11-06 13:37:19,655 - INFO - ADNI_fMRI:Epoch [176/1000], DLoss For Fake: 3.1650
2023-11-06 13:37:20,308 - INFO - ADNI_fMRI:Epoch [177/1000], Loss: 2.2329,BCE:1.2529390007257462,KLD:0.9799675345420837
2023-11-06 13:37:20,308 - INFO - ADNI_fMRI:Epoch [177/1000], DLoss For Fake: 3.3103
2023-11-06 13:37:20,958 - INFO - ADNI_fMRI:Epoch [178/1000], Loss: 2.0332,BCE:1.198692575097084,KLD:0.8345072790980339
2023-11-06 13:37:20,959 - INFO - ADNI_fMRI:Epoch [178/1000], DLoss For Fake: 2.8307
2023-11-06 13:37:21,124 - INFO - ADNI_fMRI:Epoch [178/1000]->Saved!Loss:2.0332,BCE:1.198692575097084,KLD:0.8345072790980339,DLoss For Fake:2.830650885899862
2023-11-06 13:37:21,770 - INFO - ADNI_fMRI:Epoch [179/1000], Loss: 2.2525,BCE:1.320504597255162,KLD:0.9320427605084011
2023-11-06 13:37:21,770 - INFO - ADNI_fMRI:Epoch [179/1000], DLoss For Fake: 3.4276
2023-11-06 13:37:22,428 - INFO - ADNI_fMRI:Epoch [180/1000], Loss: 2.0682,BCE:1.2095450560251872,KLD:0.8586847517225478
2023-11-06 13:37:22,428 - INFO - ADNI_fMRI:Epoch [180/1000], DLoss For Fake: 3.5071
2023-11-06 13:37:23,075 - INFO - ADNI_fMRI:Epoch [181/1000], Loss: 2.1780,BCE:1.3208671978541784,KLD:0.8570894939558846
2023-11-06 13:37:23,075 - INFO - ADNI_fMRI:Epoch [181/1000], DLoss For Fake: 2.9488
2023-11-06 13:37:23,727 - INFO - ADNI_fMRI:Epoch [182/1000], Loss: 2.1508,BCE:1.2798886448144913,KLD:0.8709512986242771
2023-11-06 13:37:23,727 - INFO - ADNI_fMRI:Epoch [182/1000], DLoss For Fake: 3.2389
2023-11-06 13:37:24,379 - INFO - ADNI_fMRI:Epoch [183/1000], Loss: 2.2000,BCE:1.4227477610111237,KLD:0.7772617861628532
2023-11-06 13:37:24,379 - INFO - ADNI_fMRI:Epoch [183/1000], DLoss For Fake: 3.0814
2023-11-06 13:37:25,026 - INFO - ADNI_fMRI:Epoch [184/1000], Loss: 2.0507,BCE:1.320540394101824,KLD:0.7301554807594844
2023-11-06 13:37:25,026 - INFO - ADNI_fMRI:Epoch [184/1000], DLoss For Fake: 3.1244
2023-11-06 13:37:25,683 - INFO - ADNI_fMRI:Epoch [185/1000], Loss: 2.1009,BCE:1.3752470016479492,KLD:0.7256839043564267
2023-11-06 13:37:25,683 - INFO - ADNI_fMRI:Epoch [185/1000], DLoss For Fake: 2.5675
2023-11-06 13:37:26,330 - INFO - ADNI_fMRI:Epoch [186/1000], Loss: 1.9969,BCE:1.293758749961853,KLD:0.7031378405434745
2023-11-06 13:37:26,330 - INFO - ADNI_fMRI:Epoch [186/1000], DLoss For Fake: 3.1819
2023-11-06 13:37:26,646 - INFO - ADNI_fMRI:Epoch [186/1000]->Saved!Loss:1.9969,BCE:1.293758749961853,KLD:0.7031378405434745,DLoss For Fake:3.18190590540568
2023-11-06 13:37:27,298 - INFO - ADNI_fMRI:Epoch [187/1000], Loss: 2.0777,BCE:1.3491180092096329,KLD:0.728595707565546
2023-11-06 13:37:27,299 - INFO - ADNI_fMRI:Epoch [187/1000], DLoss For Fake: 3.3139
2023-11-06 13:37:27,951 - INFO - ADNI_fMRI:Epoch [188/1000], Loss: 2.0797,BCE:1.3762986660003662,KLD:0.7034129090607166
2023-11-06 13:37:27,951 - INFO - ADNI_fMRI:Epoch [188/1000], DLoss For Fake: 3.4597
2023-11-06 13:37:28,598 - INFO - ADNI_fMRI:Epoch [189/1000], Loss: 2.0197,BCE:1.4029789311545235,KLD:0.6166903717177254
2023-11-06 13:37:28,598 - INFO - ADNI_fMRI:Epoch [189/1000], DLoss For Fake: 3.0524
2023-11-06 13:37:29,254 - INFO - ADNI_fMRI:Epoch [190/1000], Loss: 1.9537,BCE:1.3869407574335735,KLD:0.5667718847592672
2023-11-06 13:37:29,255 - INFO - ADNI_fMRI:Epoch [190/1000], DLoss For Fake: 3.1630
2023-11-06 13:37:29,922 - INFO - ADNI_fMRI:Epoch [190/1000]->Saved!Loss:1.9537,BCE:1.3869407574335735,KLD:0.5667718847592672,DLoss For Fake:3.163025736808777
2023-11-06 13:37:30,568 - INFO - ADNI_fMRI:Epoch [191/1000], Loss: 2.0854,BCE:1.3692947966711861,KLD:0.7160971249852862
2023-11-06 13:37:30,568 - INFO - ADNI_fMRI:Epoch [191/1000], DLoss For Fake: 2.7753
2023-11-06 13:37:31,220 - INFO - ADNI_fMRI:Epoch [192/1000], Loss: 2.0786,BCE:1.273599997162819,KLD:0.8050264082849026
2023-11-06 13:37:31,220 - INFO - ADNI_fMRI:Epoch [192/1000], DLoss For Fake: 3.1104
2023-11-06 13:37:31,873 - INFO - ADNI_fMRI:Epoch [193/1000], Loss: 2.0263,BCE:1.26280876994133,KLD:0.7634726278483868
2023-11-06 13:37:31,873 - INFO - ADNI_fMRI:Epoch [193/1000], DLoss For Fake: 2.9669
2023-11-06 13:37:32,522 - INFO - ADNI_fMRI:Epoch [194/1000], Loss: 2.2399,BCE:1.4241806438991003,KLD:0.8156977210726056
2023-11-06 13:37:32,522 - INFO - ADNI_fMRI:Epoch [194/1000], DLoss For Fake: 4.0066
2023-11-06 13:37:33,178 - INFO - ADNI_fMRI:Epoch [195/1000], Loss: 1.9988,BCE:1.3732570939593844,KLD:0.6255598266919454
2023-11-06 13:37:33,179 - INFO - ADNI_fMRI:Epoch [195/1000], DLoss For Fake: 3.2622
2023-11-06 13:37:33,826 - INFO - ADNI_fMRI:Epoch [196/1000], Loss: 1.9976,BCE:1.4395809173583984,KLD:0.5580254622868129
2023-11-06 13:37:33,826 - INFO - ADNI_fMRI:Epoch [196/1000], DLoss For Fake: 3.2648
2023-11-06 13:37:34,478 - INFO - ADNI_fMRI:Epoch [197/1000], Loss: 2.2626,BCE:1.3394617587327957,KLD:0.9231602996587753
2023-11-06 13:37:34,478 - INFO - ADNI_fMRI:Epoch [197/1000], DLoss For Fake: 3.2034
2023-11-06 13:37:35,130 - INFO - ADNI_fMRI:Epoch [198/1000], Loss: 2.1717,BCE:1.2613689377903938,KLD:0.9103734605014324
2023-11-06 13:37:35,130 - INFO - ADNI_fMRI:Epoch [198/1000], DLoss For Fake: 3.3915
2023-11-06 13:37:35,775 - INFO - ADNI_fMRI:Epoch [199/1000], Loss: 2.0195,BCE:1.3992237193243844,KLD:0.6203194856643677
2023-11-06 13:37:35,775 - INFO - ADNI_fMRI:Epoch [199/1000], DLoss For Fake: 3.5968
2023-11-06 13:37:36,430 - INFO - ADNI_fMRI:Epoch [200/1000], Loss: 1.9039,BCE:1.319344202677409,KLD:0.5845498310195075
2023-11-06 13:37:36,430 - INFO - ADNI_fMRI:Epoch [200/1000], DLoss For Fake: 2.9491
2023-11-06 13:37:36,582 - INFO - ADNI_fMRI:Epoch [200/1000]->Saved!Loss:1.9039,BCE:1.319344202677409,KLD:0.5845498310195075,DLoss For Fake:2.9491052627563477
2023-11-06 13:37:37,229 - INFO - ADNI_fMRI:Epoch [201/1000], Loss: 2.0931,BCE:1.3316796336855208,KLD:0.761400431394577
2023-11-06 13:37:37,229 - INFO - ADNI_fMRI:Epoch [201/1000], DLoss For Fake: 3.3616
2023-11-06 13:37:37,879 - INFO - ADNI_fMRI:Epoch [202/1000], Loss: 2.0475,BCE:1.4074953645467758,KLD:0.6400168426334858
2023-11-06 13:37:37,880 - INFO - ADNI_fMRI:Epoch [202/1000], DLoss For Fake: 2.6205
2023-11-06 13:37:38,532 - INFO - ADNI_fMRI:Epoch [203/1000], Loss: 1.9721,BCE:1.4050799161195755,KLD:0.5669737160205841
2023-11-06 13:37:38,532 - INFO - ADNI_fMRI:Epoch [203/1000], DLoss For Fake: 3.6009
2023-11-06 13:37:39,178 - INFO - ADNI_fMRI:Epoch [204/1000], Loss: 1.8177,BCE:1.3046433585030692,KLD:0.5131045750209263
2023-11-06 13:37:39,178 - INFO - ADNI_fMRI:Epoch [204/1000], DLoss For Fake: 3.3157
2023-11-06 13:37:39,329 - INFO - ADNI_fMRI:Epoch [204/1000]->Saved!Loss:1.8177,BCE:1.3046433585030692,KLD:0.5131045750209263,DLoss For Fake:3.3156524499257407
2023-11-06 13:37:39,986 - INFO - ADNI_fMRI:Epoch [205/1000], Loss: 1.7605,BCE:1.3190098471111722,KLD:0.44145532117949593
2023-11-06 13:37:39,986 - INFO - ADNI_fMRI:Epoch [205/1000], DLoss For Fake: 3.6660
2023-11-06 13:37:40,155 - INFO - ADNI_fMRI:Epoch [205/1000]->Saved!Loss:1.7605,BCE:1.3190098471111722,KLD:0.44145532117949593,DLoss For Fake:3.6660478115081787
2023-11-06 13:37:40,808 - INFO - ADNI_fMRI:Epoch [206/1000], Loss: 1.8990,BCE:1.3224953072411674,KLD:0.5764820405415126
2023-11-06 13:37:40,808 - INFO - ADNI_fMRI:Epoch [206/1000], DLoss For Fake: 3.4581
2023-11-06 13:37:41,459 - INFO - ADNI_fMRI:Epoch [207/1000], Loss: 1.8405,BCE:1.370614692568779,KLD:0.4699106775224209
2023-11-06 13:37:41,459 - INFO - ADNI_fMRI:Epoch [207/1000], DLoss For Fake: 3.3432
2023-11-06 13:37:41,461 - INFO - ADNI_fMRI:Epoch [207/1000]!Dloss For All:0.8190
2023-11-06 13:37:42,113 - INFO - ADNI_fMRI:Epoch [208/1000], Loss: 1.9546,BCE:1.3619583994150162,KLD:0.5926764383912086
2023-11-06 13:37:42,113 - INFO - ADNI_fMRI:Epoch [208/1000], DLoss For Fake: 3.2976
2023-11-06 13:37:42,764 - INFO - ADNI_fMRI:Epoch [209/1000], Loss: 1.8230,BCE:1.3339082172938757,KLD:0.48912299956594196
2023-11-06 13:37:42,764 - INFO - ADNI_fMRI:Epoch [209/1000], DLoss For Fake: 2.4922
2023-11-06 13:37:43,421 - INFO - ADNI_fMRI:Epoch [210/1000], Loss: 1.8302,BCE:1.2586105929480658,KLD:0.5715628994835747
2023-11-06 13:37:43,422 - INFO - ADNI_fMRI:Epoch [210/1000], DLoss For Fake: 2.7908
2023-11-06 13:37:44,068 - INFO - ADNI_fMRI:Epoch [211/1000], Loss: 2.1689,BCE:1.4236584050314767,KLD:0.7452807213578906
2023-11-06 13:37:44,068 - INFO - ADNI_fMRI:Epoch [211/1000], DLoss For Fake: 3.1163
2023-11-06 13:37:44,720 - INFO - ADNI_fMRI:Epoch [212/1000], Loss: 1.8979,BCE:1.2557414323091507,KLD:0.6421451903879642
2023-11-06 13:37:44,720 - INFO - ADNI_fMRI:Epoch [212/1000], DLoss For Fake: 3.6729
2023-11-06 13:37:45,374 - INFO - ADNI_fMRI:Epoch [213/1000], Loss: 1.9171,BCE:1.3817415237426758,KLD:0.5353471711277962
2023-11-06 13:37:45,374 - INFO - ADNI_fMRI:Epoch [213/1000], DLoss For Fake: 3.2379
2023-11-06 13:37:46,021 - INFO - ADNI_fMRI:Epoch [214/1000], Loss: 1.9819,BCE:1.33535213129861,KLD:0.6465826077120644
2023-11-06 13:37:46,021 - INFO - ADNI_fMRI:Epoch [214/1000], DLoss For Fake: 3.1714
2023-11-06 13:37:46,678 - INFO - ADNI_fMRI:Epoch [215/1000], Loss: 1.8808,BCE:1.3764139413833618,KLD:0.504430310593711
2023-11-06 13:37:46,679 - INFO - ADNI_fMRI:Epoch [215/1000], DLoss For Fake: 3.8314
2023-11-06 13:37:47,327 - INFO - ADNI_fMRI:Epoch [216/1000], Loss: 1.7414,BCE:1.2511653559548515,KLD:0.49027577894074575
2023-11-06 13:37:47,327 - INFO - ADNI_fMRI:Epoch [216/1000], DLoss For Fake: 3.4432
2023-11-06 13:37:47,475 - INFO - ADNI_fMRI:Epoch [216/1000]->Saved!Loss:1.7414,BCE:1.2511653559548515,KLD:0.49027577894074575,DLoss For Fake:3.4431511561075845
2023-11-06 13:37:48,128 - INFO - ADNI_fMRI:Epoch [217/1000], Loss: 1.7953,BCE:1.3583123087882996,KLD:0.4369937404990196
2023-11-06 13:37:48,128 - INFO - ADNI_fMRI:Epoch [217/1000], DLoss For Fake: 3.9903
2023-11-06 13:37:48,781 - INFO - ADNI_fMRI:Epoch [218/1000], Loss: 1.7408,BCE:1.2670015096664429,KLD:0.47375429794192314
2023-11-06 13:37:48,781 - INFO - ADNI_fMRI:Epoch [218/1000], DLoss For Fake: 3.2334
2023-11-06 13:37:48,934 - INFO - ADNI_fMRI:Epoch [218/1000]->Saved!Loss:1.7408,BCE:1.2670015096664429,KLD:0.47375429794192314,DLoss For Fake:3.2333881855010986
2023-11-06 13:37:49,582 - INFO - ADNI_fMRI:Epoch [219/1000], Loss: 1.8822,BCE:1.3957233769553048,KLD:0.4864447925771986
2023-11-06 13:37:49,582 - INFO - ADNI_fMRI:Epoch [219/1000], DLoss For Fake: 2.8018
2023-11-06 13:37:50,240 - INFO - ADNI_fMRI:Epoch [220/1000], Loss: 1.8939,BCE:1.3587940004136827,KLD:0.5350623726844788
2023-11-06 13:37:50,240 - INFO - ADNI_fMRI:Epoch [220/1000], DLoss For Fake: 3.3975
2023-11-06 13:37:50,887 - INFO - ADNI_fMRI:Epoch [221/1000], Loss: 2.1330,BCE:1.3551533562796456,KLD:0.7778372594288417
2023-11-06 13:37:50,887 - INFO - ADNI_fMRI:Epoch [221/1000], DLoss For Fake: 3.2568
2023-11-06 13:37:51,538 - INFO - ADNI_fMRI:Epoch [222/1000], Loss: 1.9318,BCE:1.3387595117092133,KLD:0.5930751040577888
2023-11-06 13:37:51,538 - INFO - ADNI_fMRI:Epoch [222/1000], DLoss For Fake: 2.8481
2023-11-06 13:37:52,191 - INFO - ADNI_fMRI:Epoch [223/1000], Loss: 1.8478,BCE:1.3871553987264633,KLD:0.4606238789856434
2023-11-06 13:37:52,191 - INFO - ADNI_fMRI:Epoch [223/1000], DLoss For Fake: 3.4267
2023-11-06 13:37:52,837 - INFO - ADNI_fMRI:Epoch [224/1000], Loss: 1.7238,BCE:1.3304123878479004,KLD:0.39337236114910673
2023-11-06 13:37:52,837 - INFO - ADNI_fMRI:Epoch [224/1000], DLoss For Fake: 3.2869
2023-11-06 13:37:53,015 - INFO - ADNI_fMRI:Epoch [224/1000]->Saved!Loss:1.7238,BCE:1.3304123878479004,KLD:0.39337236114910673,DLoss For Fake:3.286919037501017
2023-11-06 13:37:53,672 - INFO - ADNI_fMRI:Epoch [225/1000], Loss: 2.1815,BCE:1.2527257866329617,KLD:0.9287264479531182
2023-11-06 13:37:53,672 - INFO - ADNI_fMRI:Epoch [225/1000], DLoss For Fake: 3.3552
2023-11-06 13:37:54,319 - INFO - ADNI_fMRI:Epoch [226/1000], Loss: 2.2542,BCE:1.470981240272522,KLD:0.7832328762326922
2023-11-06 13:37:54,319 - INFO - ADNI_fMRI:Epoch [226/1000], DLoss For Fake: 3.2190
2023-11-06 13:37:54,970 - INFO - ADNI_fMRI:Epoch [227/1000], Loss: 2.0478,BCE:1.418669417500496,KLD:0.629165519028902
2023-11-06 13:37:54,970 - INFO - ADNI_fMRI:Epoch [227/1000], DLoss For Fake: 2.8688
2023-11-06 13:37:55,622 - INFO - ADNI_fMRI:Epoch [228/1000], Loss: 1.8910,BCE:1.3716162145137787,KLD:0.519351264461875
2023-11-06 13:37:55,622 - INFO - ADNI_fMRI:Epoch [228/1000], DLoss For Fake: 3.1833
2023-11-06 13:37:56,268 - INFO - ADNI_fMRI:Epoch [229/1000], Loss: 1.6974,BCE:1.279772332736424,KLD:0.417635977268219
2023-11-06 13:37:56,268 - INFO - ADNI_fMRI:Epoch [229/1000], DLoss For Fake: 4.1025
2023-11-06 13:37:56,574 - INFO - ADNI_fMRI:Epoch [229/1000]->Saved!Loss:1.6974,BCE:1.279772332736424,KLD:0.417635977268219,DLoss For Fake:4.102463245391846
2023-11-06 13:37:57,231 - INFO - ADNI_fMRI:Epoch [230/1000], Loss: 1.8600,BCE:1.2841032875908747,KLD:0.5758673234118356
2023-11-06 13:37:57,231 - INFO - ADNI_fMRI:Epoch [230/1000], DLoss For Fake: 2.8987
2023-11-06 13:37:57,878 - INFO - ADNI_fMRI:Epoch [231/1000], Loss: 2.1218,BCE:1.4142202138900757,KLD:0.7075517177581787
2023-11-06 13:37:57,878 - INFO - ADNI_fMRI:Epoch [231/1000], DLoss For Fake: 3.0481
2023-11-06 13:37:58,532 - INFO - ADNI_fMRI:Epoch [232/1000], Loss: 1.8361,BCE:1.4227445721626282,KLD:0.4133391547948122
2023-11-06 13:37:58,533 - INFO - ADNI_fMRI:Epoch [232/1000], DLoss For Fake: 3.5535
2023-11-06 13:37:59,185 - INFO - ADNI_fMRI:Epoch [233/1000], Loss: 1.7787,BCE:1.3219339922070503,KLD:0.4567281939089298
2023-11-06 13:37:59,186 - INFO - ADNI_fMRI:Epoch [233/1000], DLoss For Fake: 2.6415
2023-11-06 13:37:59,833 - INFO - ADNI_fMRI:Epoch [234/1000], Loss: 1.7488,BCE:1.245809597628457,KLD:0.5029592982360295
2023-11-06 13:37:59,833 - INFO - ADNI_fMRI:Epoch [234/1000], DLoss For Fake: 4.0371
2023-11-06 13:38:00,490 - INFO - ADNI_fMRI:Epoch [235/1000], Loss: 1.6939,BCE:1.2138821681340535,KLD:0.48005300429132247
2023-11-06 13:38:00,490 - INFO - ADNI_fMRI:Epoch [235/1000], DLoss For Fake: 2.9808
2023-11-06 13:38:00,729 - INFO - ADNI_fMRI:Epoch [235/1000]->Saved!Loss:1.6939,BCE:1.2138821681340535,KLD:0.48005300429132247,DLoss For Fake:2.980845808982849
2023-11-06 13:38:01,376 - INFO - ADNI_fMRI:Epoch [236/1000], Loss: 1.8004,BCE:1.3630181380680628,KLD:0.4373758009501866
2023-11-06 13:38:01,376 - INFO - ADNI_fMRI:Epoch [236/1000], DLoss For Fake: 3.2461
2023-11-06 13:38:02,028 - INFO - ADNI_fMRI:Epoch [237/1000], Loss: 1.7903,BCE:1.3654085397720337,KLD:0.4248693659901619
2023-11-06 13:38:02,028 - INFO - ADNI_fMRI:Epoch [237/1000], DLoss For Fake: 3.5546
2023-11-06 13:38:02,678 - INFO - ADNI_fMRI:Epoch [238/1000], Loss: 1.9537,BCE:1.405771180987358,KLD:0.5479241758584976
2023-11-06 13:38:02,679 - INFO - ADNI_fMRI:Epoch [238/1000], DLoss For Fake: 3.0688
2023-11-06 13:38:03,325 - INFO - ADNI_fMRI:Epoch [239/1000], Loss: 1.6110,BCE:1.3030924456460136,KLD:0.307933366724423
2023-11-06 13:38:03,326 - INFO - ADNI_fMRI:Epoch [239/1000], DLoss For Fake: 2.9970
2023-11-06 13:38:03,477 - INFO - ADNI_fMRI:Epoch [239/1000]->Saved!Loss:1.6110,BCE:1.3030924456460136,KLD:0.307933366724423,DLoss For Fake:2.9969815413157144
2023-11-06 13:38:04,134 - INFO - ADNI_fMRI:Epoch [240/1000], Loss: 1.6975,BCE:1.3509412209192913,KLD:0.3465547098053826
2023-11-06 13:38:04,135 - INFO - ADNI_fMRI:Epoch [240/1000], DLoss For Fake: 3.0702
2023-11-06 13:38:04,780 - INFO - ADNI_fMRI:Epoch [241/1000], Loss: 1.7199,BCE:1.3308745963232858,KLD:0.38905474117824007
2023-11-06 13:38:04,780 - INFO - ADNI_fMRI:Epoch [241/1000], DLoss For Fake: 3.0627
2023-11-06 13:38:05,432 - INFO - ADNI_fMRI:Epoch [242/1000], Loss: 1.8803,BCE:1.2225654870271683,KLD:0.6576917059719563
2023-11-06 13:38:05,432 - INFO - ADNI_fMRI:Epoch [242/1000], DLoss For Fake: 4.0637
2023-11-06 13:38:06,082 - INFO - ADNI_fMRI:Epoch [243/1000], Loss: 1.9941,BCE:1.39644655585289,KLD:0.5976155623793602
2023-11-06 13:38:06,082 - INFO - ADNI_fMRI:Epoch [243/1000], DLoss For Fake: 3.9010
2023-11-06 13:38:06,728 - INFO - ADNI_fMRI:Epoch [244/1000], Loss: 1.7136,BCE:1.3511016879762923,KLD:0.36249778100422453
2023-11-06 13:38:06,728 - INFO - ADNI_fMRI:Epoch [244/1000], DLoss For Fake: 3.2227
2023-11-06 13:38:07,384 - INFO - ADNI_fMRI:Epoch [245/1000], Loss: 1.8571,BCE:1.238061335351732,KLD:0.6190614898999532
2023-11-06 13:38:07,384 - INFO - ADNI_fMRI:Epoch [245/1000], DLoss For Fake: 3.6366
2023-11-06 13:38:08,032 - INFO - ADNI_fMRI:Epoch [246/1000], Loss: 1.5324,BCE:1.1481513295854842,KLD:0.3842636879001345
2023-11-06 13:38:08,032 - INFO - ADNI_fMRI:Epoch [246/1000], DLoss For Fake: 3.4236
2023-11-06 13:38:08,184 - INFO - ADNI_fMRI:Epoch [246/1000]->Saved!Loss:1.5324,BCE:1.1481513295854842,KLD:0.3842636879001345,DLoss For Fake:3.423574368158976
2023-11-06 13:38:08,838 - INFO - ADNI_fMRI:Epoch [247/1000], Loss: 1.8003,BCE:1.311032086610794,KLD:0.4892621226608753
2023-11-06 13:38:08,838 - INFO - ADNI_fMRI:Epoch [247/1000], DLoss For Fake: 4.1071
2023-11-06 13:38:09,489 - INFO - ADNI_fMRI:Epoch [248/1000], Loss: 1.6588,BCE:1.2651368826627731,KLD:0.3936244621872902
2023-11-06 13:38:09,489 - INFO - ADNI_fMRI:Epoch [248/1000], DLoss For Fake: 3.1551
2023-11-06 13:38:10,135 - INFO - ADNI_fMRI:Epoch [249/1000], Loss: 1.7317,BCE:1.3194383382797241,KLD:0.41230009283338276
2023-11-06 13:38:10,135 - INFO - ADNI_fMRI:Epoch [249/1000], DLoss For Fake: 2.5182
2023-11-06 13:38:10,791 - INFO - ADNI_fMRI:Epoch [250/1000], Loss: 1.6587,BCE:1.2884462277094524,KLD:0.370302086075147
2023-11-06 13:38:10,791 - INFO - ADNI_fMRI:Epoch [250/1000], DLoss For Fake: 3.0348
2023-11-06 13:38:11,439 - INFO - ADNI_fMRI:Epoch [251/1000], Loss: 1.8236,BCE:1.4223075423921858,KLD:0.40125410897391184
2023-11-06 13:38:11,439 - INFO - ADNI_fMRI:Epoch [251/1000], DLoss For Fake: 2.9511
2023-11-06 13:38:12,090 - INFO - ADNI_fMRI:Epoch [252/1000], Loss: 1.7667,BCE:1.3866479098796844,KLD:0.38001751340925694
2023-11-06 13:38:12,091 - INFO - ADNI_fMRI:Epoch [252/1000], DLoss For Fake: 2.7940
2023-11-06 13:38:12,741 - INFO - ADNI_fMRI:Epoch [253/1000], Loss: 1.7420,BCE:1.3176106959581375,KLD:0.4244162552058697
2023-11-06 13:38:12,741 - INFO - ADNI_fMRI:Epoch [253/1000], DLoss For Fake: 3.3180
2023-11-06 13:38:13,388 - INFO - ADNI_fMRI:Epoch [254/1000], Loss: 1.9806,BCE:1.429441707474845,KLD:0.5511844073023114
2023-11-06 13:38:13,389 - INFO - ADNI_fMRI:Epoch [254/1000], DLoss For Fake: 2.9765
2023-11-06 13:38:14,045 - INFO - ADNI_fMRI:Epoch [255/1000], Loss: 1.8293,BCE:1.292033036549886,KLD:0.5372360050678253
2023-11-06 13:38:14,045 - INFO - ADNI_fMRI:Epoch [255/1000], DLoss For Fake: 3.3769
2023-11-06 13:38:14,692 - INFO - ADNI_fMRI:Epoch [256/1000], Loss: 1.8152,BCE:1.4663711956569128,KLD:0.3488719293049404
2023-11-06 13:38:14,692 - INFO - ADNI_fMRI:Epoch [256/1000], DLoss For Fake: 3.1672
2023-11-06 13:38:15,345 - INFO - ADNI_fMRI:Epoch [257/1000], Loss: 1.5989,BCE:1.2487739324569702,KLD:0.3501233011484146
2023-11-06 13:38:15,345 - INFO - ADNI_fMRI:Epoch [257/1000], DLoss For Fake: 3.0163
2023-11-06 13:38:15,997 - INFO - ADNI_fMRI:Epoch [258/1000], Loss: 1.7024,BCE:1.3181205242872238,KLD:0.38429465889930725
2023-11-06 13:38:15,997 - INFO - ADNI_fMRI:Epoch [258/1000], DLoss For Fake: 2.9746
2023-11-06 13:38:16,643 - INFO - ADNI_fMRI:Epoch [259/1000], Loss: 1.6787,BCE:1.3649510656084334,KLD:0.3137489344392504
2023-11-06 13:38:16,643 - INFO - ADNI_fMRI:Epoch [259/1000], DLoss For Fake: 3.8020
2023-11-06 13:38:17,299 - INFO - ADNI_fMRI:Epoch [260/1000], Loss: 1.6118,BCE:1.2530958122677274,KLD:0.35871507889694637
2023-11-06 13:38:17,299 - INFO - ADNI_fMRI:Epoch [260/1000], DLoss For Fake: 3.5649
2023-11-06 13:38:17,948 - INFO - ADNI_fMRI:Epoch [261/1000], Loss: 1.6915,BCE:1.3503711223602295,KLD:0.3410851593528475
2023-11-06 13:38:17,949 - INFO - ADNI_fMRI:Epoch [261/1000], DLoss For Fake: 3.3517
2023-11-06 13:38:18,600 - INFO - ADNI_fMRI:Epoch [262/1000], Loss: 1.7477,BCE:1.2470636814832687,KLD:0.5006509479135275
2023-11-06 13:38:18,601 - INFO - ADNI_fMRI:Epoch [262/1000], DLoss For Fake: 4.0893
2023-11-06 13:38:19,255 - INFO - ADNI_fMRI:Epoch [263/1000], Loss: 1.7817,BCE:1.3111155778169632,KLD:0.4705675709992647
2023-11-06 13:38:19,255 - INFO - ADNI_fMRI:Epoch [263/1000], DLoss For Fake: 3.0840
2023-11-06 13:38:19,900 - INFO - ADNI_fMRI:Epoch [264/1000], Loss: 1.5666,BCE:1.263198001044137,KLD:0.3033781349658966
2023-11-06 13:38:19,900 - INFO - ADNI_fMRI:Epoch [264/1000], DLoss For Fake: 3.5043
2023-11-06 13:38:20,556 - INFO - ADNI_fMRI:Epoch [265/1000], Loss: 1.9206,BCE:1.4396077129575942,KLD:0.4809770981470744
2023-11-06 13:38:20,557 - INFO - ADNI_fMRI:Epoch [265/1000], DLoss For Fake: 3.4529
2023-11-06 13:38:21,203 - INFO - ADNI_fMRI:Epoch [266/1000], Loss: 1.8284,BCE:1.4595034292766027,KLD:0.3688975934471403
2023-11-06 13:38:21,203 - INFO - ADNI_fMRI:Epoch [266/1000], DLoss For Fake: 3.9319
2023-11-06 13:38:21,855 - INFO - ADNI_fMRI:Epoch [267/1000], Loss: 1.7051,BCE:1.389065682888031,KLD:0.31601810827851295
2023-11-06 13:38:21,855 - INFO - ADNI_fMRI:Epoch [267/1000], DLoss For Fake: 3.9004
2023-11-06 13:38:22,507 - INFO - ADNI_fMRI:Epoch [268/1000], Loss: 1.7276,BCE:1.3142499029636383,KLD:0.41338771022856236
2023-11-06 13:38:22,507 - INFO - ADNI_fMRI:Epoch [268/1000], DLoss For Fake: 2.7221
2023-11-06 13:38:23,154 - INFO - ADNI_fMRI:Epoch [269/1000], Loss: 1.7600,BCE:1.2601623705455236,KLD:0.49984856801373617
2023-11-06 13:38:23,154 - INFO - ADNI_fMRI:Epoch [269/1000], DLoss For Fake: 3.4160
2023-11-06 13:38:23,816 - INFO - ADNI_fMRI:Epoch [270/1000], Loss: 1.5497,BCE:1.278853005833096,KLD:0.27083344591988456
2023-11-06 13:38:23,816 - INFO - ADNI_fMRI:Epoch [270/1000], DLoss For Fake: 3.9140
2023-11-06 13:38:24,464 - INFO - ADNI_fMRI:Epoch [271/1000], Loss: 1.9286,BCE:1.4531527417046683,KLD:0.47545192922864643
2023-11-06 13:38:24,464 - INFO - ADNI_fMRI:Epoch [271/1000], DLoss For Fake: 3.2070
2023-11-06 13:38:25,117 - INFO - ADNI_fMRI:Epoch [272/1000], Loss: 1.7492,BCE:1.4066194370388985,KLD:0.34257766976952553
2023-11-06 13:38:25,117 - INFO - ADNI_fMRI:Epoch [272/1000], DLoss For Fake: 3.6779
2023-11-06 13:38:25,768 - INFO - ADNI_fMRI:Epoch [273/1000], Loss: 1.7603,BCE:1.4433607459068298,KLD:0.3169388473033905
2023-11-06 13:38:25,768 - INFO - ADNI_fMRI:Epoch [273/1000], DLoss For Fake: 3.3455
2023-11-06 13:38:26,415 - INFO - ADNI_fMRI:Epoch [274/1000], Loss: 1.9376,BCE:1.4308194432939803,KLD:0.5067895757300513
2023-11-06 13:38:26,415 - INFO - ADNI_fMRI:Epoch [274/1000], DLoss For Fake: 3.6116
2023-11-06 13:38:27,071 - INFO - ADNI_fMRI:Epoch [275/1000], Loss: 1.6613,BCE:1.3082996474372015,KLD:0.35301683015293545
2023-11-06 13:38:27,071 - INFO - ADNI_fMRI:Epoch [275/1000], DLoss For Fake: 1.6892
2023-11-06 13:38:27,717 - INFO - ADNI_fMRI:Epoch [276/1000], Loss: 1.8697,BCE:1.4009339128221785,KLD:0.46877643891743254
2023-11-06 13:38:27,717 - INFO - ADNI_fMRI:Epoch [276/1000], DLoss For Fake: 2.9450
2023-11-06 13:38:28,369 - INFO - ADNI_fMRI:Epoch [277/1000], Loss: 1.6064,BCE:1.358030378818512,KLD:0.24834669195115566
2023-11-06 13:38:28,369 - INFO - ADNI_fMRI:Epoch [277/1000], DLoss For Fake: 3.4601
2023-11-06 13:38:29,021 - INFO - ADNI_fMRI:Epoch [278/1000], Loss: 1.6564,BCE:1.2821164578199387,KLD:0.3743204139173031
2023-11-06 13:38:29,022 - INFO - ADNI_fMRI:Epoch [278/1000], DLoss For Fake: 3.7106
2023-11-06 13:38:29,667 - INFO - ADNI_fMRI:Epoch [279/1000], Loss: 1.4286,BCE:1.2316388572965349,KLD:0.1969731662954603
2023-11-06 13:38:29,667 - INFO - ADNI_fMRI:Epoch [279/1000], DLoss For Fake: 3.4791
2023-11-06 13:38:29,821 - INFO - ADNI_fMRI:Epoch [279/1000]->Saved!Loss:1.4286,BCE:1.2316388572965349,KLD:0.1969731662954603,DLoss For Fake:3.4791022141774497
2023-11-06 13:38:30,479 - INFO - ADNI_fMRI:Epoch [280/1000], Loss: 1.5907,BCE:1.2864749166700575,KLD:0.30423930287361145
2023-11-06 13:38:30,479 - INFO - ADNI_fMRI:Epoch [280/1000], DLoss For Fake: 2.9629
2023-11-06 13:38:31,127 - INFO - ADNI_fMRI:Epoch [281/1000], Loss: 1.6639,BCE:1.3776809317725045,KLD:0.2862202397414616
2023-11-06 13:38:31,127 - INFO - ADNI_fMRI:Epoch [281/1000], DLoss For Fake: 3.5948
2023-11-06 13:38:31,779 - INFO - ADNI_fMRI:Epoch [282/1000], Loss: 1.6155,BCE:1.2672579139471054,KLD:0.3482293523848057
2023-11-06 13:38:31,779 - INFO - ADNI_fMRI:Epoch [282/1000], DLoss For Fake: 3.7608
2023-11-06 13:38:32,430 - INFO - ADNI_fMRI:Epoch [283/1000], Loss: 1.7280,BCE:1.3391736596822739,KLD:0.3888466078788042
2023-11-06 13:38:32,430 - INFO - ADNI_fMRI:Epoch [283/1000], DLoss For Fake: 3.1925
2023-11-06 13:38:33,079 - INFO - ADNI_fMRI:Epoch [284/1000], Loss: 1.7878,BCE:1.421081474849156,KLD:0.3667373401778085
2023-11-06 13:38:33,080 - INFO - ADNI_fMRI:Epoch [284/1000], DLoss For Fake: 4.1290
2023-11-06 13:38:33,736 - INFO - ADNI_fMRI:Epoch [285/1000], Loss: 1.6136,BCE:1.2605640888214111,KLD:0.3530167258448071
2023-11-06 13:38:33,737 - INFO - ADNI_fMRI:Epoch [285/1000], DLoss For Fake: 3.2753
2023-11-06 13:38:34,386 - INFO - ADNI_fMRI:Epoch [286/1000], Loss: 1.7568,BCE:1.4538332053593226,KLD:0.30295462906360626
2023-11-06 13:38:34,386 - INFO - ADNI_fMRI:Epoch [286/1000], DLoss For Fake: 3.4550
2023-11-06 13:38:35,039 - INFO - ADNI_fMRI:Epoch [287/1000], Loss: 1.5842,BCE:1.2747783660888672,KLD:0.30945616215467453
2023-11-06 13:38:35,039 - INFO - ADNI_fMRI:Epoch [287/1000], DLoss For Fake: 3.3897
2023-11-06 13:38:35,689 - INFO - ADNI_fMRI:Epoch [288/1000], Loss: 1.6568,BCE:1.280068263411522,KLD:0.3767453692853451
2023-11-06 13:38:35,689 - INFO - ADNI_fMRI:Epoch [288/1000], DLoss For Fake: 3.6287
2023-11-06 13:38:36,337 - INFO - ADNI_fMRI:Epoch [289/1000], Loss: 1.6431,BCE:1.3872413975851876,KLD:0.2558558242661612
2023-11-06 13:38:36,337 - INFO - ADNI_fMRI:Epoch [289/1000], DLoss For Fake: 2.7758
2023-11-06 13:38:36,993 - INFO - ADNI_fMRI:Epoch [290/1000], Loss: 1.6125,BCE:1.368261178334554,KLD:0.24426181614398956
2023-11-06 13:38:36,993 - INFO - ADNI_fMRI:Epoch [290/1000], DLoss For Fake: 2.4896
2023-11-06 13:38:37,640 - INFO - ADNI_fMRI:Epoch [291/1000], Loss: 1.7712,BCE:1.2694116830825806,KLD:0.5018103080136436
2023-11-06 13:38:37,640 - INFO - ADNI_fMRI:Epoch [291/1000], DLoss For Fake: 3.6119
2023-11-06 13:38:38,291 - INFO - ADNI_fMRI:Epoch [292/1000], Loss: 1.5791,BCE:1.3524387776851654,KLD:0.2266199253499508
2023-11-06 13:38:38,291 - INFO - ADNI_fMRI:Epoch [292/1000], DLoss For Fake: 3.0549
2023-11-06 13:38:38,944 - INFO - ADNI_fMRI:Epoch [293/1000], Loss: 1.5725,BCE:1.3370342701673508,KLD:0.2354705799371004
2023-11-06 13:38:38,944 - INFO - ADNI_fMRI:Epoch [293/1000], DLoss For Fake: 3.5628
2023-11-06 13:38:39,589 - INFO - ADNI_fMRI:Epoch [294/1000], Loss: 1.6253,BCE:1.2987907443727766,KLD:0.32653013510363443
2023-11-06 13:38:39,590 - INFO - ADNI_fMRI:Epoch [294/1000], DLoss For Fake: 2.2920
2023-11-06 13:38:40,247 - INFO - ADNI_fMRI:Epoch [295/1000], Loss: 1.5905,BCE:1.3385112550523546,KLD:0.25197607113255394
2023-11-06 13:38:40,247 - INFO - ADNI_fMRI:Epoch [295/1000], DLoss For Fake: 4.2964
2023-11-06 13:38:40,897 - INFO - ADNI_fMRI:Epoch [296/1000], Loss: 1.5482,BCE:1.285339423588344,KLD:0.2628233794655119
2023-11-06 13:38:40,897 - INFO - ADNI_fMRI:Epoch [296/1000], DLoss For Fake: 3.2345
2023-11-06 13:38:41,549 - INFO - ADNI_fMRI:Epoch [297/1000], Loss: 1.4166,BCE:1.194773480296135,KLD:0.22178253903985023
2023-11-06 13:38:41,549 - INFO - ADNI_fMRI:Epoch [297/1000], DLoss For Fake: 3.7104
2023-11-06 13:38:41,708 - INFO - ADNI_fMRI:Epoch [297/1000]->Saved!Loss:1.4166,BCE:1.194773480296135,KLD:0.22178253903985023,DLoss For Fake:3.710384249687195
2023-11-06 13:38:42,361 - INFO - ADNI_fMRI:Epoch [298/1000], Loss: 1.4861,BCE:1.253864511847496,KLD:0.2321960348635912
2023-11-06 13:38:42,361 - INFO - ADNI_fMRI:Epoch [298/1000], DLoss For Fake: 3.1473
2023-11-06 13:38:43,009 - INFO - ADNI_fMRI:Epoch [299/1000], Loss: 1.6556,BCE:1.4193843603134155,KLD:0.23622662041868484
2023-11-06 13:38:43,010 - INFO - ADNI_fMRI:Epoch [299/1000], DLoss For Fake: 3.5752
2023-11-06 13:38:43,666 - INFO - ADNI_fMRI:Epoch [300/1000], Loss: 1.6341,BCE:1.2770729197396173,KLD:0.35700934959782493
2023-11-06 13:38:43,667 - INFO - ADNI_fMRI:Epoch [300/1000], DLoss For Fake: 4.1464
2023-11-06 13:38:44,313 - INFO - ADNI_fMRI:Epoch [301/1000], Loss: 1.7205,BCE:1.4473813772201538,KLD:0.27308899589947294
2023-11-06 13:38:44,313 - INFO - ADNI_fMRI:Epoch [301/1000], DLoss For Fake: 3.1377
2023-11-06 13:38:44,965 - INFO - ADNI_fMRI:Epoch [302/1000], Loss: 1.7145,BCE:1.4108429551124573,KLD:0.30365934781730175
2023-11-06 13:38:44,965 - INFO - ADNI_fMRI:Epoch [302/1000], DLoss For Fake: 3.3973
2023-11-06 13:38:45,616 - INFO - ADNI_fMRI:Epoch [303/1000], Loss: 1.7466,BCE:1.4084705263376236,KLD:0.3381573650985956
2023-11-06 13:38:45,616 - INFO - ADNI_fMRI:Epoch [303/1000], DLoss For Fake: 3.4971
2023-11-06 13:38:46,263 - INFO - ADNI_fMRI:Epoch [304/1000], Loss: 1.5823,BCE:1.3336421251296997,KLD:0.2486664205789566
2023-11-06 13:38:46,263 - INFO - ADNI_fMRI:Epoch [304/1000], DLoss For Fake: 3.8947
2023-11-06 13:38:46,920 - INFO - ADNI_fMRI:Epoch [305/1000], Loss: 1.6893,BCE:1.3484497997495863,KLD:0.34084443747997284
2023-11-06 13:38:46,921 - INFO - ADNI_fMRI:Epoch [305/1000], DLoss For Fake: 3.3701
2023-11-06 13:38:47,568 - INFO - ADNI_fMRI:Epoch [306/1000], Loss: 1.6715,BCE:1.344553027834211,KLD:0.32694236827748163
2023-11-06 13:38:47,568 - INFO - ADNI_fMRI:Epoch [306/1000], DLoss For Fake: 3.1098
2023-11-06 13:38:48,220 - INFO - ADNI_fMRI:Epoch [307/1000], Loss: 1.5507,BCE:1.3602996319532394,KLD:0.19043866638094187
2023-11-06 13:38:48,220 - INFO - ADNI_fMRI:Epoch [307/1000], DLoss For Fake: 2.7710
2023-11-06 13:38:48,871 - INFO - ADNI_fMRI:Epoch [308/1000], Loss: 1.5568,BCE:1.2365116626024246,KLD:0.32027091924101114
2023-11-06 13:38:48,871 - INFO - ADNI_fMRI:Epoch [308/1000], DLoss For Fake: 3.4590
2023-11-06 13:38:49,519 - INFO - ADNI_fMRI:Epoch [309/1000], Loss: 1.7455,BCE:1.450614401272365,KLD:0.2948592496769769
2023-11-06 13:38:49,519 - INFO - ADNI_fMRI:Epoch [309/1000], DLoss For Fake: 2.6925
2023-11-06 13:38:50,176 - INFO - ADNI_fMRI:Epoch [310/1000], Loss: 1.6486,BCE:1.3960633940166898,KLD:0.25257375919156605
2023-11-06 13:38:50,176 - INFO - ADNI_fMRI:Epoch [310/1000], DLoss For Fake: 3.3820
2023-11-06 13:38:50,823 - INFO - ADNI_fMRI:Epoch [311/1000], Loss: 1.5495,BCE:1.3212871721812658,KLD:0.22820938697883061
2023-11-06 13:38:50,823 - INFO - ADNI_fMRI:Epoch [311/1000], DLoss For Fake: 2.7569
2023-11-06 13:38:51,475 - INFO - ADNI_fMRI:Epoch [312/1000], Loss: 1.6513,BCE:1.3191415071487427,KLD:0.33217321522533894
2023-11-06 13:38:51,475 - INFO - ADNI_fMRI:Epoch [312/1000], DLoss For Fake: 3.6671
2023-11-06 13:38:52,128 - INFO - ADNI_fMRI:Epoch [313/1000], Loss: 1.6213,BCE:1.2145526111125946,KLD:0.40673006139695644
2023-11-06 13:38:52,128 - INFO - ADNI_fMRI:Epoch [313/1000], DLoss For Fake: 3.2558
2023-11-06 13:38:52,775 - INFO - ADNI_fMRI:Epoch [314/1000], Loss: 1.7025,BCE:1.4145945651190621,KLD:0.287902900150844
2023-11-06 13:38:52,776 - INFO - ADNI_fMRI:Epoch [314/1000], DLoss For Fake: 3.6396
2023-11-06 13:38:53,432 - INFO - ADNI_fMRI:Epoch [315/1000], Loss: 1.5252,BCE:1.2491357061598036,KLD:0.27609064595566857
2023-11-06 13:38:53,432 - INFO - ADNI_fMRI:Epoch [315/1000], DLoss For Fake: 2.6704
2023-11-06 13:38:54,079 - INFO - ADNI_fMRI:Epoch [316/1000], Loss: 1.6755,BCE:1.366952759878976,KLD:0.30854737545762745
2023-11-06 13:38:54,079 - INFO - ADNI_fMRI:Epoch [316/1000], DLoss For Fake: 3.3972
2023-11-06 13:38:54,731 - INFO - ADNI_fMRI:Epoch [317/1000], Loss: 1.4882,BCE:1.316843330860138,KLD:0.1713441638275981
2023-11-06 13:38:54,732 - INFO - ADNI_fMRI:Epoch [317/1000], DLoss For Fake: 3.0619
2023-11-06 13:38:55,384 - INFO - ADNI_fMRI:Epoch [318/1000], Loss: 1.5446,BCE:1.3379151970148087,KLD:0.206700942479074
2023-11-06 13:38:55,384 - INFO - ADNI_fMRI:Epoch [318/1000], DLoss For Fake: 3.2487
2023-11-06 13:38:56,031 - INFO - ADNI_fMRI:Epoch [319/1000], Loss: 1.7255,BCE:1.4250867366790771,KLD:0.30044049343892504
2023-11-06 13:38:56,031 - INFO - ADNI_fMRI:Epoch [319/1000], DLoss For Fake: 4.3888
2023-11-06 13:38:56,687 - INFO - ADNI_fMRI:Epoch [320/1000], Loss: 1.6347,BCE:1.3989653786023457,KLD:0.235779898862044
2023-11-06 13:38:56,687 - INFO - ADNI_fMRI:Epoch [320/1000], DLoss For Fake: 3.5814
2023-11-06 13:38:57,336 - INFO - ADNI_fMRI:Epoch [321/1000], Loss: 1.4474,BCE:1.2446328571864538,KLD:0.20278366761548178
2023-11-06 13:38:57,336 - INFO - ADNI_fMRI:Epoch [321/1000], DLoss For Fake: 3.8705
2023-11-06 13:38:57,991 - INFO - ADNI_fMRI:Epoch [322/1000], Loss: 1.6225,BCE:1.3913787752389908,KLD:0.2311116075143218
2023-11-06 13:38:57,991 - INFO - ADNI_fMRI:Epoch [322/1000], DLoss For Fake: 3.3117
2023-11-06 13:38:58,644 - INFO - ADNI_fMRI:Epoch [323/1000], Loss: 1.5440,BCE:1.3801011592149734,KLD:0.1638771928846836
2023-11-06 13:38:58,644 - INFO - ADNI_fMRI:Epoch [323/1000], DLoss For Fake: 3.6730
2023-11-06 13:38:59,291 - INFO - ADNI_fMRI:Epoch [324/1000], Loss: 1.5652,BCE:1.418986473764692,KLD:0.14623367573533738
2023-11-06 13:38:59,291 - INFO - ADNI_fMRI:Epoch [324/1000], DLoss For Fake: 3.9136
2023-11-06 13:38:59,948 - INFO - ADNI_fMRI:Epoch [325/1000], Loss: 1.5135,BCE:1.3232186767790053,KLD:0.190289792087343
2023-11-06 13:38:59,948 - INFO - ADNI_fMRI:Epoch [325/1000], DLoss For Fake: 3.6026
2023-11-06 13:39:00,594 - INFO - ADNI_fMRI:Epoch [326/1000], Loss: 1.5811,BCE:1.3558642864227295,KLD:0.22524019862924302
2023-11-06 13:39:00,595 - INFO - ADNI_fMRI:Epoch [326/1000], DLoss For Fake: 3.6143
2023-11-06 13:39:01,245 - INFO - ADNI_fMRI:Epoch [327/1000], Loss: 1.5913,BCE:1.3615062534809113,KLD:0.22975403256714344
2023-11-06 13:39:01,245 - INFO - ADNI_fMRI:Epoch [327/1000], DLoss For Fake: 2.3149
2023-11-06 13:39:01,896 - INFO - ADNI_fMRI:Epoch [328/1000], Loss: 1.4707,BCE:1.2829445153474808,KLD:0.18779753055423498
2023-11-06 13:39:01,896 - INFO - ADNI_fMRI:Epoch [328/1000], DLoss For Fake: 3.6254
2023-11-06 13:39:02,543 - INFO - ADNI_fMRI:Epoch [329/1000], Loss: 1.4547,BCE:1.2328940629959106,KLD:0.2217822958316122
2023-11-06 13:39:02,543 - INFO - ADNI_fMRI:Epoch [329/1000], DLoss For Fake: 3.4554
2023-11-06 13:39:03,197 - INFO - ADNI_fMRI:Epoch [330/1000], Loss: 1.6262,BCE:1.3881497383117676,KLD:0.23800115866793525
2023-11-06 13:39:03,198 - INFO - ADNI_fMRI:Epoch [330/1000], DLoss For Fake: 3.9603
2023-11-06 13:39:03,844 - INFO - ADNI_fMRI:Epoch [331/1000], Loss: 1.4921,BCE:1.2778868334633964,KLD:0.21419040858745575
2023-11-06 13:39:03,845 - INFO - ADNI_fMRI:Epoch [331/1000], DLoss For Fake: 2.9640
2023-11-06 13:39:04,496 - INFO - ADNI_fMRI:Epoch [332/1000], Loss: 1.5233,BCE:1.2672542482614517,KLD:0.2560323253273964
2023-11-06 13:39:04,496 - INFO - ADNI_fMRI:Epoch [332/1000], DLoss For Fake: 3.8096
2023-11-06 13:39:05,149 - INFO - ADNI_fMRI:Epoch [333/1000], Loss: 1.6774,BCE:1.36374032497406,KLD:0.3136385250836611
2023-11-06 13:39:05,149 - INFO - ADNI_fMRI:Epoch [333/1000], DLoss For Fake: 3.3715
2023-11-06 13:39:05,795 - INFO - ADNI_fMRI:Epoch [334/1000], Loss: 1.5529,BCE:1.323437009538923,KLD:0.22942762076854706
2023-11-06 13:39:05,795 - INFO - ADNI_fMRI:Epoch [334/1000], DLoss For Fake: 3.8470
2023-11-06 13:39:06,452 - INFO - ADNI_fMRI:Epoch [335/1000], Loss: 1.5094,BCE:1.2243486709064908,KLD:0.2850380010075039
2023-11-06 13:39:06,452 - INFO - ADNI_fMRI:Epoch [335/1000], DLoss For Fake: 3.5752
2023-11-06 13:39:07,098 - INFO - ADNI_fMRI:Epoch [336/1000], Loss: 1.5679,BCE:1.364798596927098,KLD:0.20310000755957194
2023-11-06 13:39:07,098 - INFO - ADNI_fMRI:Epoch [336/1000], DLoss For Fake: 4.1332
2023-11-06 13:39:07,750 - INFO - ADNI_fMRI:Epoch [337/1000], Loss: 1.5593,BCE:1.4021691530942917,KLD:0.157088752835989
2023-11-06 13:39:07,750 - INFO - ADNI_fMRI:Epoch [337/1000], DLoss For Fake: 3.2659
2023-11-06 13:39:08,401 - INFO - ADNI_fMRI:Epoch [338/1000], Loss: 1.5526,BCE:1.3778659403324127,KLD:0.1747116381302476
2023-11-06 13:39:08,401 - INFO - ADNI_fMRI:Epoch [338/1000], DLoss For Fake: 3.8522
2023-11-06 13:39:09,048 - INFO - ADNI_fMRI:Epoch [339/1000], Loss: 1.5790,BCE:1.4425776856286185,KLD:0.13637750489371164
2023-11-06 13:39:09,048 - INFO - ADNI_fMRI:Epoch [339/1000], DLoss For Fake: 3.9001
2023-11-06 13:39:09,706 - INFO - ADNI_fMRI:Epoch [340/1000], Loss: 1.5125,BCE:1.2585832675298054,KLD:0.2539358155594932
2023-11-06 13:39:09,706 - INFO - ADNI_fMRI:Epoch [340/1000], DLoss For Fake: 2.7629
2023-11-06 13:39:10,356 - INFO - ADNI_fMRI:Epoch [341/1000], Loss: 1.5186,BCE:1.3648866755621774,KLD:0.1537089773586818
2023-11-06 13:39:10,356 - INFO - ADNI_fMRI:Epoch [341/1000], DLoss For Fake: 3.7759
2023-11-06 13:39:11,010 - INFO - ADNI_fMRI:Epoch [342/1000], Loss: 1.5727,BCE:1.4126963764429092,KLD:0.16002734377980232
2023-11-06 13:39:11,010 - INFO - ADNI_fMRI:Epoch [342/1000], DLoss For Fake: 4.1969
2023-11-06 13:39:11,662 - INFO - ADNI_fMRI:Epoch [343/1000], Loss: 1.6348,BCE:1.4117587059736252,KLD:0.2230350999161601
2023-11-06 13:39:11,663 - INFO - ADNI_fMRI:Epoch [343/1000], DLoss For Fake: 3.6537
2023-11-06 13:39:12,310 - INFO - ADNI_fMRI:Epoch [344/1000], Loss: 1.4751,BCE:1.294352446283613,KLD:0.18078853615692683
2023-11-06 13:39:12,310 - INFO - ADNI_fMRI:Epoch [344/1000], DLoss For Fake: 3.5506
2023-11-06 13:39:12,967 - INFO - ADNI_fMRI:Epoch [345/1000], Loss: 1.5295,BCE:1.34000649717119,KLD:0.18949440701140297
2023-11-06 13:39:12,968 - INFO - ADNI_fMRI:Epoch [345/1000], DLoss For Fake: 2.4974
2023-11-06 13:39:13,614 - INFO - ADNI_fMRI:Epoch [346/1000], Loss: 1.5529,BCE:1.3306655032294137,KLD:0.22220328663076674
2023-11-06 13:39:13,614 - INFO - ADNI_fMRI:Epoch [346/1000], DLoss For Fake: 3.4421
2023-11-06 13:39:14,266 - INFO - ADNI_fMRI:Epoch [347/1000], Loss: 1.4669,BCE:1.253514125943184,KLD:0.2133645680733025
2023-11-06 13:39:14,266 - INFO - ADNI_fMRI:Epoch [347/1000], DLoss For Fake: 3.6432
2023-11-06 13:39:14,267 - INFO - ADNI_fMRI:Training stopped due to no improvement in loss.
