2023-11-06 13:39:14,981 - INFO - OCD_fMRI:Epoch [1/1000], Loss: 43.1722,BCE:1.4233822027842205,KLD:41.74878056844076
2023-11-06 13:39:14,981 - INFO - OCD_fMRI:Epoch [1/1000], DLoss For Fake: 0.9751
2023-11-06 13:39:14,983 - INFO - OCD_fMRI:Epoch [1/1000]!Dloss For All:1.2536
2023-11-06 13:39:15,222 - INFO - OCD_fMRI:Epoch [1/1000]->Saved!Loss:43.1722,BCE:1.4233822027842205,KLD:41.74878056844076,DLoss For Fake:0.9751092195510864
2023-11-06 13:39:15,667 - INFO - OCD_fMRI:Epoch [2/1000], Loss: 41.3098,BCE:1.3140160242716472,KLD:39.99578984578451
2023-11-06 13:39:15,667 - INFO - OCD_fMRI:Epoch [2/1000], DLoss For Fake: 1.1862
2023-11-06 13:39:15,669 - INFO - OCD_fMRI:Epoch [2/1000]!Dloss For All:1.1959
2023-11-06 13:39:16,264 - INFO - OCD_fMRI:Epoch [2/1000]->Saved!Loss:41.3098,BCE:1.3140160242716472,KLD:39.99578984578451,DLoss For Fake:1.1861753463745117
2023-11-06 13:39:16,716 - INFO - OCD_fMRI:Epoch [3/1000], Loss: 39.1725,BCE:1.4267338514328003,KLD:37.7457914352417
2023-11-06 13:39:16,716 - INFO - OCD_fMRI:Epoch [3/1000], DLoss For Fake: 1.6799
2023-11-06 13:39:16,718 - INFO - OCD_fMRI:Epoch [3/1000]!Dloss For All:1.1872
2023-11-06 13:39:17,061 - INFO - OCD_fMRI:Epoch [3/1000]->Saved!Loss:39.1725,BCE:1.4267338514328003,KLD:37.7457914352417,DLoss For Fake:1.679940104484558
2023-11-06 13:39:17,512 - INFO - OCD_fMRI:Epoch [4/1000], Loss: 36.0693,BCE:1.4594651460647583,KLD:34.60978603363037
2023-11-06 13:39:17,512 - INFO - OCD_fMRI:Epoch [4/1000], DLoss For Fake: 1.1089
2023-11-06 13:39:17,513 - INFO - OCD_fMRI:Epoch [4/1000]!Dloss For All:1.1321
2023-11-06 13:39:17,761 - INFO - OCD_fMRI:Epoch [4/1000]->Saved!Loss:36.0693,BCE:1.4594651460647583,KLD:34.60978603363037,DLoss For Fake:1.1088882684707642
2023-11-06 13:39:18,215 - INFO - OCD_fMRI:Epoch [5/1000], Loss: 32.7705,BCE:1.3904038667678833,KLD:31.38011121749878
2023-11-06 13:39:18,216 - INFO - OCD_fMRI:Epoch [5/1000], DLoss For Fake: 1.6787
2023-11-06 13:39:18,467 - INFO - OCD_fMRI:Epoch [5/1000]->Saved!Loss:32.7705,BCE:1.3904038667678833,KLD:31.38011121749878,DLoss For Fake:1.6787301301956177
2023-11-06 13:39:18,912 - INFO - OCD_fMRI:Epoch [6/1000], Loss: 31.1269,BCE:1.3074219226837158,KLD:29.81943194071452
2023-11-06 13:39:18,912 - INFO - OCD_fMRI:Epoch [6/1000], DLoss For Fake: 1.5292
2023-11-06 13:39:19,163 - INFO - OCD_fMRI:Epoch [6/1000]->Saved!Loss:31.1269,BCE:1.3074219226837158,KLD:29.81943194071452,DLoss For Fake:1.5292363166809082
2023-11-06 13:39:19,607 - INFO - OCD_fMRI:Epoch [7/1000], Loss: 29.9121,BCE:1.3087644179662068,KLD:28.603366216023762
2023-11-06 13:39:19,608 - INFO - OCD_fMRI:Epoch [7/1000], DLoss For Fake: 1.4919
2023-11-06 13:39:19,609 - INFO - OCD_fMRI:Epoch [7/1000]!Dloss For All:1.0370
2023-11-06 13:39:19,860 - INFO - OCD_fMRI:Epoch [7/1000]->Saved!Loss:29.9121,BCE:1.3087644179662068,KLD:28.603366216023762,DLoss For Fake:1.4918524622917175
2023-11-06 13:39:20,312 - INFO - OCD_fMRI:Epoch [8/1000], Loss: 30.7464,BCE:1.0939456522464752,KLD:29.652470111846924
2023-11-06 13:39:20,312 - INFO - OCD_fMRI:Epoch [8/1000], DLoss For Fake: 1.8230
2023-11-06 13:39:20,314 - INFO - OCD_fMRI:Epoch [8/1000]!Dloss For All:1.0211
2023-11-06 13:39:20,766 - INFO - OCD_fMRI:Epoch [9/1000], Loss: 29.4957,BCE:1.4779150485992432,KLD:28.01776933670044
2023-11-06 13:39:20,766 - INFO - OCD_fMRI:Epoch [9/1000], DLoss For Fake: 1.6036
2023-11-06 13:39:21,013 - INFO - OCD_fMRI:Epoch [9/1000]->Saved!Loss:29.4957,BCE:1.4779150485992432,KLD:28.01776933670044,DLoss For Fake:1.6035821437835693
2023-11-06 13:39:21,464 - INFO - OCD_fMRI:Epoch [10/1000], Loss: 28.4168,BCE:1.4761730432510376,KLD:26.940667629241943
2023-11-06 13:39:21,465 - INFO - OCD_fMRI:Epoch [10/1000], DLoss For Fake: 1.6416
2023-11-06 13:39:21,708 - INFO - OCD_fMRI:Epoch [10/1000]->Saved!Loss:28.4168,BCE:1.4761730432510376,KLD:26.940667629241943,DLoss For Fake:1.6415622234344482
2023-11-06 13:39:22,154 - INFO - OCD_fMRI:Epoch [11/1000], Loss: 25.1022,BCE:1.3104856808980305,KLD:23.791685740152996
2023-11-06 13:39:22,154 - INFO - OCD_fMRI:Epoch [11/1000], DLoss For Fake: 2.5075
2023-11-06 13:39:22,400 - INFO - OCD_fMRI:Epoch [11/1000]->Saved!Loss:25.1022,BCE:1.3104856808980305,KLD:23.791685740152996,DLoss For Fake:2.507535934448242
2023-11-06 13:39:22,846 - INFO - OCD_fMRI:Epoch [12/1000], Loss: 24.0197,BCE:1.435931960741679,KLD:22.583772659301758
2023-11-06 13:39:22,847 - INFO - OCD_fMRI:Epoch [12/1000], DLoss For Fake: 1.6269
2023-11-06 13:39:23,090 - INFO - OCD_fMRI:Epoch [12/1000]->Saved!Loss:24.0197,BCE:1.435931960741679,KLD:22.583772659301758,DLoss For Fake:1.626943588256836
2023-11-06 13:39:23,541 - INFO - OCD_fMRI:Epoch [13/1000], Loss: 25.9404,BCE:1.2299949824810028,KLD:24.710355758666992
2023-11-06 13:39:23,542 - INFO - OCD_fMRI:Epoch [13/1000], DLoss For Fake: 2.5538
2023-11-06 13:39:23,994 - INFO - OCD_fMRI:Epoch [14/1000], Loss: 23.4490,BCE:1.2641126364469528,KLD:22.184860706329346
2023-11-06 13:39:23,994 - INFO - OCD_fMRI:Epoch [14/1000], DLoss For Fake: 2.5360
2023-11-06 13:39:24,252 - INFO - OCD_fMRI:Epoch [14/1000]->Saved!Loss:23.4490,BCE:1.2641126364469528,KLD:22.184860706329346,DLoss For Fake:2.535977602005005
2023-11-06 13:39:24,703 - INFO - OCD_fMRI:Epoch [15/1000], Loss: 25.7327,BCE:1.1579994857311249,KLD:24.574739933013916
2023-11-06 13:39:24,704 - INFO - OCD_fMRI:Epoch [15/1000], DLoss For Fake: 2.6455
2023-11-06 13:39:25,150 - INFO - OCD_fMRI:Epoch [16/1000], Loss: 22.0450,BCE:1.140078067779541,KLD:20.904938379923504
2023-11-06 13:39:25,150 - INFO - OCD_fMRI:Epoch [16/1000], DLoss For Fake: 1.7617
2023-11-06 13:39:25,409 - INFO - OCD_fMRI:Epoch [16/1000]->Saved!Loss:22.0450,BCE:1.140078067779541,KLD:20.904938379923504,DLoss For Fake:1.7617267370224
2023-11-06 13:39:25,853 - INFO - OCD_fMRI:Epoch [17/1000], Loss: 20.6074,BCE:1.4421031475067139,KLD:19.165272394816082
2023-11-06 13:39:25,853 - INFO - OCD_fMRI:Epoch [17/1000], DLoss For Fake: 1.5265
2023-11-06 13:39:26,097 - INFO - OCD_fMRI:Epoch [17/1000]->Saved!Loss:20.6074,BCE:1.4421031475067139,KLD:19.165272394816082,DLoss For Fake:1.5264701843261719
2023-11-06 13:39:26,548 - INFO - OCD_fMRI:Epoch [18/1000], Loss: 22.9793,BCE:1.3482831418514252,KLD:21.63105869293213
2023-11-06 13:39:26,548 - INFO - OCD_fMRI:Epoch [18/1000], DLoss For Fake: 3.0184
2023-11-06 13:39:27,000 - INFO - OCD_fMRI:Epoch [19/1000], Loss: 20.7232,BCE:1.3671757876873016,KLD:19.356017112731934
2023-11-06 13:39:27,001 - INFO - OCD_fMRI:Epoch [19/1000], DLoss For Fake: 2.2669
2023-11-06 13:39:27,453 - INFO - OCD_fMRI:Epoch [20/1000], Loss: 20.9833,BCE:1.226809561252594,KLD:19.756454467773438
2023-11-06 13:39:27,453 - INFO - OCD_fMRI:Epoch [20/1000], DLoss For Fake: 2.7078
2023-11-06 13:39:27,898 - INFO - OCD_fMRI:Epoch [21/1000], Loss: 18.1268,BCE:1.3982827266057332,KLD:16.72854995727539
2023-11-06 13:39:27,898 - INFO - OCD_fMRI:Epoch [21/1000], DLoss For Fake: 2.1939
2023-11-06 13:39:28,141 - INFO - OCD_fMRI:Epoch [21/1000]->Saved!Loss:18.1268,BCE:1.3982827266057332,KLD:16.72854995727539,DLoss For Fake:2.193873882293701
2023-11-06 13:39:28,586 - INFO - OCD_fMRI:Epoch [22/1000], Loss: 18.2638,BCE:1.2933491071065266,KLD:16.97049903869629
2023-11-06 13:39:28,586 - INFO - OCD_fMRI:Epoch [22/1000], DLoss For Fake: 2.1105
2023-11-06 13:39:29,038 - INFO - OCD_fMRI:Epoch [23/1000], Loss: 20.1080,BCE:1.3210594952106476,KLD:18.786895751953125
2023-11-06 13:39:29,038 - INFO - OCD_fMRI:Epoch [23/1000], DLoss For Fake: 1.6658
2023-11-06 13:39:29,490 - INFO - OCD_fMRI:Epoch [24/1000], Loss: 21.5578,BCE:1.3827886581420898,KLD:20.175015449523926
2023-11-06 13:39:29,490 - INFO - OCD_fMRI:Epoch [24/1000], DLoss For Fake: 2.5163
2023-11-06 13:39:29,942 - INFO - OCD_fMRI:Epoch [25/1000], Loss: 23.9673,BCE:1.1966613829135895,KLD:22.770645141601562
2023-11-06 13:39:29,943 - INFO - OCD_fMRI:Epoch [25/1000], DLoss For Fake: 2.1880
2023-11-06 13:39:30,388 - INFO - OCD_fMRI:Epoch [26/1000], Loss: 19.8038,BCE:1.3923888603846233,KLD:18.411423365275066
2023-11-06 13:39:30,388 - INFO - OCD_fMRI:Epoch [26/1000], DLoss For Fake: 2.2242
2023-11-06 13:39:30,832 - INFO - OCD_fMRI:Epoch [27/1000], Loss: 21.2097,BCE:1.2909516890843709,KLD:19.918710708618164
2023-11-06 13:39:30,832 - INFO - OCD_fMRI:Epoch [27/1000], DLoss For Fake: 3.2409
2023-11-06 13:39:31,283 - INFO - OCD_fMRI:Epoch [28/1000], Loss: 23.7029,BCE:1.3209398090839386,KLD:22.381924152374268
2023-11-06 13:39:31,284 - INFO - OCD_fMRI:Epoch [28/1000], DLoss For Fake: 3.1924
2023-11-06 13:39:31,735 - INFO - OCD_fMRI:Epoch [29/1000], Loss: 25.0940,BCE:1.320274531841278,KLD:23.77368688583374
2023-11-06 13:39:31,735 - INFO - OCD_fMRI:Epoch [29/1000], DLoss For Fake: 3.3371
2023-11-06 13:39:32,189 - INFO - OCD_fMRI:Epoch [30/1000], Loss: 24.4248,BCE:1.2819943279027939,KLD:23.14284038543701
2023-11-06 13:39:32,189 - INFO - OCD_fMRI:Epoch [30/1000], DLoss For Fake: 2.9633
2023-11-06 13:39:32,633 - INFO - OCD_fMRI:Epoch [31/1000], Loss: 21.4281,BCE:1.417466680208842,KLD:20.010645548502605
2023-11-06 13:39:32,633 - INFO - OCD_fMRI:Epoch [31/1000], DLoss For Fake: 2.7574
2023-11-06 13:39:33,077 - INFO - OCD_fMRI:Epoch [32/1000], Loss: 21.2438,BCE:1.3802320559819539,KLD:19.86352284749349
2023-11-06 13:39:33,077 - INFO - OCD_fMRI:Epoch [32/1000], DLoss For Fake: 1.5594
2023-11-06 13:39:33,528 - INFO - OCD_fMRI:Epoch [33/1000], Loss: 23.9935,BCE:1.5105140209197998,KLD:22.482985496520996
2023-11-06 13:39:33,528 - INFO - OCD_fMRI:Epoch [33/1000], DLoss For Fake: 2.6674
2023-11-06 13:39:33,980 - INFO - OCD_fMRI:Epoch [34/1000], Loss: 24.2378,BCE:1.455451875925064,KLD:22.782315731048584
2023-11-06 13:39:33,980 - INFO - OCD_fMRI:Epoch [34/1000], DLoss For Fake: 1.7319
2023-11-06 13:39:34,432 - INFO - OCD_fMRI:Epoch [35/1000], Loss: 21.6996,BCE:1.5028097331523895,KLD:20.196768760681152
2023-11-06 13:39:34,433 - INFO - OCD_fMRI:Epoch [35/1000], DLoss For Fake: 2.9041
2023-11-06 13:39:34,876 - INFO - OCD_fMRI:Epoch [36/1000], Loss: 17.8595,BCE:1.2465853293736775,KLD:16.612878163655598
2023-11-06 13:39:34,876 - INFO - OCD_fMRI:Epoch [36/1000], DLoss For Fake: 3.7789
2023-11-06 13:39:34,878 - INFO - OCD_fMRI:Epoch [36/1000]!Dloss For All:0.9440
2023-11-06 13:39:35,127 - INFO - OCD_fMRI:Epoch [36/1000]->Saved!Loss:17.8595,BCE:1.2465853293736775,KLD:16.612878163655598,DLoss For Fake:3.7788727283477783
2023-11-06 13:39:35,571 - INFO - OCD_fMRI:Epoch [37/1000], Loss: 16.6197,BCE:1.3847688833872478,KLD:15.234922726949057
2023-11-06 13:39:35,572 - INFO - OCD_fMRI:Epoch [37/1000], DLoss For Fake: 4.0635
2023-11-06 13:39:35,815 - INFO - OCD_fMRI:Epoch [37/1000]->Saved!Loss:16.6197,BCE:1.3847688833872478,KLD:15.234922726949057,DLoss For Fake:4.063511848449707
2023-11-06 13:39:36,266 - INFO - OCD_fMRI:Epoch [38/1000], Loss: 20.2626,BCE:1.3801419138908386,KLD:18.88249897956848
2023-11-06 13:39:36,267 - INFO - OCD_fMRI:Epoch [38/1000], DLoss For Fake: 3.1941
2023-11-06 13:39:36,717 - INFO - OCD_fMRI:Epoch [39/1000], Loss: 19.1808,BCE:1.8064346015453339,KLD:17.37441062927246
2023-11-06 13:39:36,717 - INFO - OCD_fMRI:Epoch [39/1000], DLoss For Fake: 2.7048
2023-11-06 13:39:37,169 - INFO - OCD_fMRI:Epoch [40/1000], Loss: 20.9029,BCE:1.3343622982501984,KLD:19.568501949310303
2023-11-06 13:39:37,169 - INFO - OCD_fMRI:Epoch [40/1000], DLoss For Fake: 3.6564
2023-11-06 13:39:37,614 - INFO - OCD_fMRI:Epoch [41/1000], Loss: 16.3860,BCE:1.3418250878651936,KLD:15.044179916381836
2023-11-06 13:39:37,614 - INFO - OCD_fMRI:Epoch [41/1000], DLoss For Fake: 3.3710
2023-11-06 13:39:37,853 - INFO - OCD_fMRI:Epoch [41/1000]->Saved!Loss:16.3860,BCE:1.3418250878651936,KLD:15.044179916381836,DLoss For Fake:3.371032238006592
2023-11-06 13:39:38,297 - INFO - OCD_fMRI:Epoch [42/1000], Loss: 16.8447,BCE:1.4398367404937744,KLD:15.404910405476889
2023-11-06 13:39:38,297 - INFO - OCD_fMRI:Epoch [42/1000], DLoss For Fake: 3.0068
2023-11-06 13:39:38,755 - INFO - OCD_fMRI:Epoch [43/1000], Loss: 20.0757,BCE:1.243743970990181,KLD:18.83196711540222
2023-11-06 13:39:38,755 - INFO - OCD_fMRI:Epoch [43/1000], DLoss For Fake: 3.6797
2023-11-06 13:39:39,207 - INFO - OCD_fMRI:Epoch [44/1000], Loss: 21.5742,BCE:1.2184030413627625,KLD:20.355785846710205
2023-11-06 13:39:39,207 - INFO - OCD_fMRI:Epoch [44/1000], DLoss For Fake: 2.5850
2023-11-06 13:39:39,658 - INFO - OCD_fMRI:Epoch [45/1000], Loss: 20.9224,BCE:1.404181808233261,KLD:19.518242359161377
2023-11-06 13:39:39,659 - INFO - OCD_fMRI:Epoch [45/1000], DLoss For Fake: 2.6799
2023-11-06 13:39:40,105 - INFO - OCD_fMRI:Epoch [46/1000], Loss: 18.6252,BCE:1.3113692204157512,KLD:17.31385103861491
2023-11-06 13:39:40,106 - INFO - OCD_fMRI:Epoch [46/1000], DLoss For Fake: 2.5540
2023-11-06 13:39:40,551 - INFO - OCD_fMRI:Epoch [47/1000], Loss: 18.1925,BCE:1.3360796372095745,KLD:16.856393814086914
2023-11-06 13:39:40,551 - INFO - OCD_fMRI:Epoch [47/1000], DLoss For Fake: 2.4092
2023-11-06 13:39:41,001 - INFO - OCD_fMRI:Epoch [48/1000], Loss: 20.9328,BCE:1.1797147542238235,KLD:19.753129482269287
2023-11-06 13:39:41,001 - INFO - OCD_fMRI:Epoch [48/1000], DLoss For Fake: 2.8747
2023-11-06 13:39:41,453 - INFO - OCD_fMRI:Epoch [49/1000], Loss: 21.6297,BCE:1.322706937789917,KLD:20.306953191757202
2023-11-06 13:39:41,453 - INFO - OCD_fMRI:Epoch [49/1000], DLoss For Fake: 2.2611
2023-11-06 13:39:41,456 - INFO - OCD_fMRI:Epoch [49/1000]!Dloss For All:0.8953
2023-11-06 13:39:41,909 - INFO - OCD_fMRI:Epoch [50/1000], Loss: 21.6640,BCE:1.416907638311386,KLD:20.24706721305847
2023-11-06 13:39:41,909 - INFO - OCD_fMRI:Epoch [50/1000], DLoss For Fake: 2.6280
2023-11-06 13:39:41,910 - INFO - OCD_fMRI:Epoch [50/1000]!Dloss For All:0.8850
2023-11-06 13:39:42,355 - INFO - OCD_fMRI:Epoch [51/1000], Loss: 16.8922,BCE:1.468461275100708,KLD:15.423726717631022
2023-11-06 13:39:42,355 - INFO - OCD_fMRI:Epoch [51/1000], DLoss For Fake: 3.5333
2023-11-06 13:39:42,798 - INFO - OCD_fMRI:Epoch [52/1000], Loss: 16.6325,BCE:1.228720486164093,KLD:15.4038298924764
2023-11-06 13:39:42,799 - INFO - OCD_fMRI:Epoch [52/1000], DLoss For Fake: 3.6799
2023-11-06 13:39:43,252 - INFO - OCD_fMRI:Epoch [53/1000], Loss: 20.8727,BCE:1.3665871322154999,KLD:19.506131172180176
2023-11-06 13:39:43,252 - INFO - OCD_fMRI:Epoch [53/1000], DLoss For Fake: 1.8210
2023-11-06 13:39:43,703 - INFO - OCD_fMRI:Epoch [54/1000], Loss: 21.9658,BCE:1.4203553199768066,KLD:20.545480251312256
2023-11-06 13:39:43,703 - INFO - OCD_fMRI:Epoch [54/1000], DLoss For Fake: 1.7199
2023-11-06 13:39:44,154 - INFO - OCD_fMRI:Epoch [55/1000], Loss: 20.0128,BCE:1.2726443707942963,KLD:18.740114450454712
2023-11-06 13:39:44,155 - INFO - OCD_fMRI:Epoch [55/1000], DLoss For Fake: 4.1144
2023-11-06 13:39:44,599 - INFO - OCD_fMRI:Epoch [56/1000], Loss: 15.6304,BCE:1.3136492172876995,KLD:14.316727956136068
2023-11-06 13:39:44,599 - INFO - OCD_fMRI:Epoch [56/1000], DLoss For Fake: 2.6650
2023-11-06 13:39:44,854 - INFO - OCD_fMRI:Epoch [56/1000]->Saved!Loss:15.6304,BCE:1.3136492172876995,KLD:14.316727956136068,DLoss For Fake:2.664961338043213
2023-11-06 13:39:45,298 - INFO - OCD_fMRI:Epoch [57/1000], Loss: 17.1289,BCE:1.3342221975326538,KLD:15.79469362894694
2023-11-06 13:39:45,298 - INFO - OCD_fMRI:Epoch [57/1000], DLoss For Fake: 3.4429
2023-11-06 13:39:45,753 - INFO - OCD_fMRI:Epoch [58/1000], Loss: 19.3321,BCE:1.1649500131607056,KLD:18.167131185531616
2023-11-06 13:39:45,754 - INFO - OCD_fMRI:Epoch [58/1000], DLoss For Fake: 2.6056
2023-11-06 13:39:45,755 - INFO - OCD_fMRI:Epoch [58/1000]!Dloss For All:0.8673
2023-11-06 13:39:46,208 - INFO - OCD_fMRI:Epoch [59/1000], Loss: 18.6847,BCE:1.2850143015384674,KLD:17.39970326423645
2023-11-06 13:39:46,208 - INFO - OCD_fMRI:Epoch [59/1000], DLoss For Fake: 2.0411
2023-11-06 13:39:46,659 - INFO - OCD_fMRI:Epoch [60/1000], Loss: 20.1597,BCE:1.3134398758411407,KLD:18.846213579177856
2023-11-06 13:39:46,660 - INFO - OCD_fMRI:Epoch [60/1000], DLoss For Fake: 4.6888
2023-11-06 13:39:47,104 - INFO - OCD_fMRI:Epoch [61/1000], Loss: 18.4596,BCE:1.240960915883382,KLD:17.218643188476562
2023-11-06 13:39:47,104 - INFO - OCD_fMRI:Epoch [61/1000], DLoss For Fake: 4.2361
2023-11-06 13:39:47,550 - INFO - OCD_fMRI:Epoch [62/1000], Loss: 15.9122,BCE:1.3162435293197632,KLD:14.59591801961263
2023-11-06 13:39:47,550 - INFO - OCD_fMRI:Epoch [62/1000], DLoss For Fake: 1.8969
2023-11-06 13:39:48,001 - INFO - OCD_fMRI:Epoch [63/1000], Loss: 18.1121,BCE:1.2220626026391983,KLD:16.890003204345703
2023-11-06 13:39:48,002 - INFO - OCD_fMRI:Epoch [63/1000], DLoss For Fake: 3.1416
2023-11-06 13:39:48,453 - INFO - OCD_fMRI:Epoch [64/1000], Loss: 17.3889,BCE:1.542538970708847,KLD:15.846388816833496
2023-11-06 13:39:48,453 - INFO - OCD_fMRI:Epoch [64/1000], DLoss For Fake: 2.7920
2023-11-06 13:39:48,906 - INFO - OCD_fMRI:Epoch [65/1000], Loss: 18.1186,BCE:1.22278493642807,KLD:16.895849227905273
2023-11-06 13:39:48,906 - INFO - OCD_fMRI:Epoch [65/1000], DLoss For Fake: 3.5960
2023-11-06 13:39:49,350 - INFO - OCD_fMRI:Epoch [66/1000], Loss: 13.7858,BCE:1.4063074191411336,KLD:12.379536310831705
2023-11-06 13:39:49,351 - INFO - OCD_fMRI:Epoch [66/1000], DLoss For Fake: 3.1280
2023-11-06 13:39:49,768 - INFO - OCD_fMRI:Epoch [66/1000]->Saved!Loss:13.7858,BCE:1.4063074191411336,KLD:12.379536310831705,DLoss For Fake:3.1280081272125244
2023-11-06 13:39:50,213 - INFO - OCD_fMRI:Epoch [67/1000], Loss: 14.9856,BCE:1.377690037091573,KLD:13.607871691385904
2023-11-06 13:39:50,213 - INFO - OCD_fMRI:Epoch [67/1000], DLoss For Fake: 3.2108
2023-11-06 13:39:50,666 - INFO - OCD_fMRI:Epoch [68/1000], Loss: 15.8003,BCE:1.2993666529655457,KLD:14.500954389572144
2023-11-06 13:39:50,666 - INFO - OCD_fMRI:Epoch [68/1000], DLoss For Fake: 1.6841
2023-11-06 13:39:51,117 - INFO - OCD_fMRI:Epoch [69/1000], Loss: 14.9573,BCE:1.3586114346981049,KLD:13.598655462265015
2023-11-06 13:39:51,117 - INFO - OCD_fMRI:Epoch [69/1000], DLoss For Fake: 2.3987
2023-11-06 13:39:51,119 - INFO - OCD_fMRI:Epoch [69/1000]!Dloss For All:0.8455
2023-11-06 13:39:51,570 - INFO - OCD_fMRI:Epoch [70/1000], Loss: 16.8517,BCE:1.4144512116909027,KLD:15.437201976776123
2023-11-06 13:39:51,570 - INFO - OCD_fMRI:Epoch [70/1000], DLoss For Fake: 3.0971
2023-11-06 13:39:52,018 - INFO - OCD_fMRI:Epoch [71/1000], Loss: 13.5461,BCE:1.3998774290084839,KLD:12.146185239156088
2023-11-06 13:39:52,018 - INFO - OCD_fMRI:Epoch [71/1000], DLoss For Fake: 2.8391
2023-11-06 13:39:52,267 - INFO - OCD_fMRI:Epoch [71/1000]->Saved!Loss:13.5461,BCE:1.3998774290084839,KLD:12.146185239156088,DLoss For Fake:2.83906888961792
2023-11-06 13:39:52,710 - INFO - OCD_fMRI:Epoch [72/1000], Loss: 13.8971,BCE:1.3069921334584553,KLD:12.590099970499674
2023-11-06 13:39:52,711 - INFO - OCD_fMRI:Epoch [72/1000], DLoss For Fake: 4.4237
2023-11-06 13:39:53,164 - INFO - OCD_fMRI:Epoch [73/1000], Loss: 19.6494,BCE:1.4422714114189148,KLD:18.207093238830566
2023-11-06 13:39:53,164 - INFO - OCD_fMRI:Epoch [73/1000], DLoss For Fake: 2.0447
2023-11-06 13:39:53,615 - INFO - OCD_fMRI:Epoch [74/1000], Loss: 23.2334,BCE:1.4287222921848297,KLD:21.804646492004395
2023-11-06 13:39:53,615 - INFO - OCD_fMRI:Epoch [74/1000], DLoss For Fake: 3.3500
2023-11-06 13:39:54,066 - INFO - OCD_fMRI:Epoch [75/1000], Loss: 27.0492,BCE:1.265158623456955,KLD:25.784029960632324
2023-11-06 13:39:54,066 - INFO - OCD_fMRI:Epoch [75/1000], DLoss For Fake: 3.2044
2023-11-06 13:39:54,513 - INFO - OCD_fMRI:Epoch [76/1000], Loss: 20.9464,BCE:1.3274435599644978,KLD:19.61893653869629
2023-11-06 13:39:54,513 - INFO - OCD_fMRI:Epoch [76/1000], DLoss For Fake: 3.1368
2023-11-06 13:39:54,957 - INFO - OCD_fMRI:Epoch [77/1000], Loss: 22.8686,BCE:1.348522384961446,KLD:21.52007802327474
2023-11-06 13:39:54,957 - INFO - OCD_fMRI:Epoch [77/1000], DLoss For Fake: 3.6658
2023-11-06 13:39:55,410 - INFO - OCD_fMRI:Epoch [78/1000], Loss: 22.6397,BCE:1.3105365335941315,KLD:21.32913303375244
2023-11-06 13:39:55,410 - INFO - OCD_fMRI:Epoch [78/1000], DLoss For Fake: 1.9297
2023-11-06 13:39:55,862 - INFO - OCD_fMRI:Epoch [79/1000], Loss: 26.1116,BCE:1.2276011854410172,KLD:24.884037971496582
2023-11-06 13:39:55,862 - INFO - OCD_fMRI:Epoch [79/1000], DLoss For Fake: 2.8517
2023-11-06 13:39:56,314 - INFO - OCD_fMRI:Epoch [80/1000], Loss: 24.4980,BCE:1.3551107347011566,KLD:23.14290761947632
2023-11-06 13:39:56,314 - INFO - OCD_fMRI:Epoch [80/1000], DLoss For Fake: 2.8829
2023-11-06 13:39:56,759 - INFO - OCD_fMRI:Epoch [81/1000], Loss: 17.2851,BCE:1.2403067747751872,KLD:16.04482301076253
2023-11-06 13:39:56,759 - INFO - OCD_fMRI:Epoch [81/1000], DLoss For Fake: 2.9930
2023-11-06 13:39:57,205 - INFO - OCD_fMRI:Epoch [82/1000], Loss: 17.7924,BCE:1.2687292098999023,KLD:16.523709297180176
2023-11-06 13:39:57,205 - INFO - OCD_fMRI:Epoch [82/1000], DLoss For Fake: 3.2215
2023-11-06 13:39:57,656 - INFO - OCD_fMRI:Epoch [83/1000], Loss: 21.8011,BCE:1.3510532081127167,KLD:20.45000696182251
2023-11-06 13:39:57,657 - INFO - OCD_fMRI:Epoch [83/1000], DLoss For Fake: 2.8692
2023-11-06 13:39:58,109 - INFO - OCD_fMRI:Epoch [84/1000], Loss: 20.8668,BCE:1.5068765878677368,KLD:19.35995125770569
2023-11-06 13:39:58,110 - INFO - OCD_fMRI:Epoch [84/1000], DLoss For Fake: 3.5323
2023-11-06 13:39:58,561 - INFO - OCD_fMRI:Epoch [85/1000], Loss: 21.4370,BCE:1.4081116914749146,KLD:20.028916835784912
2023-11-06 13:39:58,562 - INFO - OCD_fMRI:Epoch [85/1000], DLoss For Fake: 3.8199
2023-11-06 13:39:59,007 - INFO - OCD_fMRI:Epoch [86/1000], Loss: 20.2968,BCE:1.338969111442566,KLD:18.957829475402832
2023-11-06 13:39:59,008 - INFO - OCD_fMRI:Epoch [86/1000], DLoss For Fake: 3.4455
2023-11-06 13:39:59,452 - INFO - OCD_fMRI:Epoch [87/1000], Loss: 17.6306,BCE:1.210059364636739,KLD:16.42056719462077
2023-11-06 13:39:59,452 - INFO - OCD_fMRI:Epoch [87/1000], DLoss For Fake: 1.3915
2023-11-06 13:39:59,905 - INFO - OCD_fMRI:Epoch [88/1000], Loss: 19.4135,BCE:1.3016956746578217,KLD:18.111851930618286
2023-11-06 13:39:59,905 - INFO - OCD_fMRI:Epoch [88/1000], DLoss For Fake: 2.5317
2023-11-06 13:40:00,356 - INFO - OCD_fMRI:Epoch [89/1000], Loss: 19.9341,BCE:1.194571629166603,KLD:18.7394802570343
2023-11-06 13:40:00,357 - INFO - OCD_fMRI:Epoch [89/1000], DLoss For Fake: 3.3843
2023-11-06 13:40:00,807 - INFO - OCD_fMRI:Epoch [90/1000], Loss: 17.7209,BCE:1.314740240573883,KLD:16.40614604949951
2023-11-06 13:40:00,807 - INFO - OCD_fMRI:Epoch [90/1000], DLoss For Fake: 3.4765
2023-11-06 13:40:01,253 - INFO - OCD_fMRI:Epoch [91/1000], Loss: 17.9853,BCE:1.1655974785486858,KLD:16.819669723510742
2023-11-06 13:40:01,253 - INFO - OCD_fMRI:Epoch [91/1000], DLoss For Fake: 4.1337
2023-11-06 13:40:01,698 - INFO - OCD_fMRI:Epoch [92/1000], Loss: 14.7494,BCE:1.3013123273849487,KLD:13.44806702931722
2023-11-06 13:40:01,698 - INFO - OCD_fMRI:Epoch [92/1000], DLoss For Fake: 3.9050
2023-11-06 13:40:02,148 - INFO - OCD_fMRI:Epoch [93/1000], Loss: 16.6197,BCE:1.3088202774524689,KLD:15.310905694961548
2023-11-06 13:40:02,148 - INFO - OCD_fMRI:Epoch [93/1000], DLoss For Fake: 4.1031
2023-11-06 13:40:02,600 - INFO - OCD_fMRI:Epoch [94/1000], Loss: 19.9806,BCE:1.1487911939620972,KLD:18.831785917282104
2023-11-06 13:40:02,600 - INFO - OCD_fMRI:Epoch [94/1000], DLoss For Fake: 2.8945
2023-11-06 13:40:03,051 - INFO - OCD_fMRI:Epoch [95/1000], Loss: 19.1215,BCE:1.8179324865341187,KLD:17.303553581237793
2023-11-06 13:40:03,051 - INFO - OCD_fMRI:Epoch [95/1000], DLoss For Fake: 2.5544
2023-11-06 13:40:03,496 - INFO - OCD_fMRI:Epoch [96/1000], Loss: 15.0031,BCE:1.3563306331634521,KLD:13.64676570892334
2023-11-06 13:40:03,496 - INFO - OCD_fMRI:Epoch [96/1000], DLoss For Fake: 4.1357
2023-11-06 13:40:03,942 - INFO - OCD_fMRI:Epoch [97/1000], Loss: 15.7893,BCE:1.3464221954345703,KLD:14.442860921223959
2023-11-06 13:40:03,943 - INFO - OCD_fMRI:Epoch [97/1000], DLoss For Fake: 4.0844
2023-11-06 13:40:04,394 - INFO - OCD_fMRI:Epoch [98/1000], Loss: 17.7134,BCE:1.397730678319931,KLD:16.31568455696106
2023-11-06 13:40:04,395 - INFO - OCD_fMRI:Epoch [98/1000], DLoss For Fake: 3.9689
2023-11-06 13:40:04,846 - INFO - OCD_fMRI:Epoch [99/1000], Loss: 19.4580,BCE:1.2322574108839035,KLD:18.225744485855103
2023-11-06 13:40:04,847 - INFO - OCD_fMRI:Epoch [99/1000], DLoss For Fake: 2.6678
2023-11-06 13:40:05,298 - INFO - OCD_fMRI:Epoch [100/1000], Loss: 18.8658,BCE:1.2670722305774689,KLD:17.598775625228882
2023-11-06 13:40:05,298 - INFO - OCD_fMRI:Epoch [100/1000], DLoss For Fake: 4.1627
2023-11-06 13:40:05,743 - INFO - OCD_fMRI:Epoch [101/1000], Loss: 14.8539,BCE:1.2784534692764282,KLD:13.575454076131185
2023-11-06 13:40:05,743 - INFO - OCD_fMRI:Epoch [101/1000], DLoss For Fake: 3.0361
2023-11-06 13:40:06,188 - INFO - OCD_fMRI:Epoch [102/1000], Loss: 14.2004,BCE:1.2795514663060505,KLD:12.920807838439941
2023-11-06 13:40:06,188 - INFO - OCD_fMRI:Epoch [102/1000], DLoss For Fake: 1.9470
2023-11-06 13:40:06,641 - INFO - OCD_fMRI:Epoch [103/1000], Loss: 18.0054,BCE:1.3086447417736053,KLD:16.696762561798096
2023-11-06 13:40:06,641 - INFO - OCD_fMRI:Epoch [103/1000], DLoss For Fake: 2.5289
2023-11-06 13:40:07,092 - INFO - OCD_fMRI:Epoch [104/1000], Loss: 17.4203,BCE:1.3522358238697052,KLD:16.06803798675537
2023-11-06 13:40:07,093 - INFO - OCD_fMRI:Epoch [104/1000], DLoss For Fake: 4.0324
2023-11-06 13:40:07,543 - INFO - OCD_fMRI:Epoch [105/1000], Loss: 15.5857,BCE:1.4211301803588867,KLD:14.164561033248901
2023-11-06 13:40:07,544 - INFO - OCD_fMRI:Epoch [105/1000], DLoss For Fake: 4.1873
2023-11-06 13:40:07,989 - INFO - OCD_fMRI:Epoch [106/1000], Loss: 13.9911,BCE:1.384220798810323,KLD:12.606893221537272
2023-11-06 13:40:07,990 - INFO - OCD_fMRI:Epoch [106/1000], DLoss For Fake: 2.9566
2023-11-06 13:40:08,435 - INFO - OCD_fMRI:Epoch [107/1000], Loss: 12.0914,BCE:1.3649489084879558,KLD:10.726449648539225
2023-11-06 13:40:08,435 - INFO - OCD_fMRI:Epoch [107/1000], DLoss For Fake: 4.1625
2023-11-06 13:40:08,680 - INFO - OCD_fMRI:Epoch [107/1000]->Saved!Loss:12.0914,BCE:1.3649489084879558,KLD:10.726449648539225,DLoss For Fake:4.162450671195984
2023-11-06 13:40:09,132 - INFO - OCD_fMRI:Epoch [108/1000], Loss: 14.7429,BCE:1.2909619212150574,KLD:13.451918125152588
2023-11-06 13:40:09,132 - INFO - OCD_fMRI:Epoch [108/1000], DLoss For Fake: 3.8484
2023-11-06 13:40:09,584 - INFO - OCD_fMRI:Epoch [109/1000], Loss: 16.9244,BCE:1.3911129832267761,KLD:15.533251762390137
2023-11-06 13:40:09,584 - INFO - OCD_fMRI:Epoch [109/1000], DLoss For Fake: 3.6587
2023-11-06 13:40:10,035 - INFO - OCD_fMRI:Epoch [110/1000], Loss: 17.1319,BCE:1.2140225321054459,KLD:15.917866230010986
2023-11-06 13:40:10,035 - INFO - OCD_fMRI:Epoch [110/1000], DLoss For Fake: 2.3104
2023-11-06 13:40:10,481 - INFO - OCD_fMRI:Epoch [111/1000], Loss: 12.5712,BCE:1.2782589594523113,KLD:11.292913754781088
2023-11-06 13:40:10,481 - INFO - OCD_fMRI:Epoch [111/1000], DLoss For Fake: 1.1710
2023-11-06 13:40:10,925 - INFO - OCD_fMRI:Epoch [112/1000], Loss: 11.7374,BCE:1.3900143305460613,KLD:10.347349802652994
2023-11-06 13:40:10,925 - INFO - OCD_fMRI:Epoch [112/1000], DLoss For Fake: 4.3113
2023-11-06 13:40:11,177 - INFO - OCD_fMRI:Epoch [112/1000]->Saved!Loss:11.7374,BCE:1.3900143305460613,KLD:10.347349802652994,DLoss For Fake:4.311319828033447
2023-11-06 13:40:11,630 - INFO - OCD_fMRI:Epoch [113/1000], Loss: 13.9410,BCE:1.1137709468603134,KLD:12.827263355255127
2023-11-06 13:40:11,630 - INFO - OCD_fMRI:Epoch [113/1000], DLoss For Fake: 2.2833
2023-11-06 13:40:12,081 - INFO - OCD_fMRI:Epoch [114/1000], Loss: 17.0115,BCE:1.2421633154153824,KLD:15.769343614578247
2023-11-06 13:40:12,081 - INFO - OCD_fMRI:Epoch [114/1000], DLoss For Fake: 3.8625
2023-11-06 13:40:12,533 - INFO - OCD_fMRI:Epoch [115/1000], Loss: 15.0619,BCE:1.2851086854934692,KLD:13.776835203170776
2023-11-06 13:40:12,533 - INFO - OCD_fMRI:Epoch [115/1000], DLoss For Fake: 2.9136
2023-11-06 13:40:12,977 - INFO - OCD_fMRI:Epoch [116/1000], Loss: 12.5933,BCE:1.4492302735646565,KLD:11.144099235534668
2023-11-06 13:40:12,977 - INFO - OCD_fMRI:Epoch [116/1000], DLoss For Fake: 4.3211
2023-11-06 13:40:13,421 - INFO - OCD_fMRI:Epoch [117/1000], Loss: 12.2953,BCE:1.1492001414299011,KLD:11.146121342976889
2023-11-06 13:40:13,421 - INFO - OCD_fMRI:Epoch [117/1000], DLoss For Fake: 4.2674
2023-11-06 13:40:13,872 - INFO - OCD_fMRI:Epoch [118/1000], Loss: 12.1485,BCE:1.4449612200260162,KLD:10.703547477722168
2023-11-06 13:40:13,873 - INFO - OCD_fMRI:Epoch [118/1000], DLoss For Fake: 4.2772
2023-11-06 13:40:14,324 - INFO - OCD_fMRI:Epoch [119/1000], Loss: 12.4567,BCE:1.5113328397274017,KLD:10.945342063903809
2023-11-06 13:40:14,324 - INFO - OCD_fMRI:Epoch [119/1000], DLoss For Fake: 4.9336
2023-11-06 13:40:14,775 - INFO - OCD_fMRI:Epoch [120/1000], Loss: 17.5450,BCE:1.1303166449069977,KLD:16.414710521697998
2023-11-06 13:40:14,776 - INFO - OCD_fMRI:Epoch [120/1000], DLoss For Fake: 4.3100
2023-11-06 13:40:15,221 - INFO - OCD_fMRI:Epoch [121/1000], Loss: 10.3729,BCE:1.2684611876805623,KLD:9.10443909962972
2023-11-06 13:40:15,221 - INFO - OCD_fMRI:Epoch [121/1000], DLoss For Fake: 4.8628
2023-11-06 13:40:15,463 - INFO - OCD_fMRI:Epoch [121/1000]->Saved!Loss:10.3729,BCE:1.2684611876805623,KLD:9.10443909962972,DLoss For Fake:4.862846851348877
2023-11-06 13:40:15,906 - INFO - OCD_fMRI:Epoch [122/1000], Loss: 11.2526,BCE:1.269364635149638,KLD:9.983186721801758
2023-11-06 13:40:15,907 - INFO - OCD_fMRI:Epoch [122/1000], DLoss For Fake: 4.6772
2023-11-06 13:40:16,358 - INFO - OCD_fMRI:Epoch [123/1000], Loss: 12.3821,BCE:1.4232792854309082,KLD:10.958844423294067
2023-11-06 13:40:16,359 - INFO - OCD_fMRI:Epoch [123/1000], DLoss For Fake: 3.2482
2023-11-06 13:40:16,809 - INFO - OCD_fMRI:Epoch [124/1000], Loss: 13.2445,BCE:1.2108267396688461,KLD:12.033675193786621
2023-11-06 13:40:16,811 - INFO - OCD_fMRI:Epoch [124/1000], DLoss For Fake: 2.3408
2023-11-06 13:40:17,261 - INFO - OCD_fMRI:Epoch [125/1000], Loss: 12.2713,BCE:1.2807190418243408,KLD:10.990626573562622
2023-11-06 13:40:17,262 - INFO - OCD_fMRI:Epoch [125/1000], DLoss For Fake: 3.3730
2023-11-06 13:40:17,707 - INFO - OCD_fMRI:Epoch [126/1000], Loss: 11.7313,BCE:1.308946927388509,KLD:10.422351519266764
2023-11-06 13:40:17,707 - INFO - OCD_fMRI:Epoch [126/1000], DLoss For Fake: 2.5431
2023-11-06 13:40:18,153 - INFO - OCD_fMRI:Epoch [127/1000], Loss: 10.3103,BCE:1.2630090713500977,KLD:9.047246297200521
2023-11-06 13:40:18,153 - INFO - OCD_fMRI:Epoch [127/1000], DLoss For Fake: 2.3583
2023-11-06 13:40:18,402 - INFO - OCD_fMRI:Epoch [127/1000]->Saved!Loss:10.3103,BCE:1.2630090713500977,KLD:9.047246297200521,DLoss For Fake:2.3582996129989624
2023-11-06 13:40:18,854 - INFO - OCD_fMRI:Epoch [128/1000], Loss: 11.7012,BCE:1.3855055272579193,KLD:10.315667629241943
2023-11-06 13:40:18,854 - INFO - OCD_fMRI:Epoch [128/1000], DLoss For Fake: 4.1794
2023-11-06 13:40:19,306 - INFO - OCD_fMRI:Epoch [129/1000], Loss: 11.9520,BCE:1.3524709939956665,KLD:10.599570751190186
2023-11-06 13:40:19,306 - INFO - OCD_fMRI:Epoch [129/1000], DLoss For Fake: 2.7115
2023-11-06 13:40:19,757 - INFO - OCD_fMRI:Epoch [130/1000], Loss: 11.6190,BCE:1.2313747256994247,KLD:10.38760530948639
2023-11-06 13:40:19,758 - INFO - OCD_fMRI:Epoch [130/1000], DLoss For Fake: 2.3597
2023-11-06 13:40:20,202 - INFO - OCD_fMRI:Epoch [131/1000], Loss: 11.2914,BCE:1.1904815832773845,KLD:10.10094928741455
2023-11-06 13:40:20,202 - INFO - OCD_fMRI:Epoch [131/1000], DLoss For Fake: 4.1177
2023-11-06 13:40:20,649 - INFO - OCD_fMRI:Epoch [132/1000], Loss: 10.0659,BCE:1.2407949765523274,KLD:8.82507848739624
2023-11-06 13:40:20,650 - INFO - OCD_fMRI:Epoch [132/1000], DLoss For Fake: 4.4425
2023-11-06 13:40:20,893 - INFO - OCD_fMRI:Epoch [132/1000]->Saved!Loss:10.0659,BCE:1.2407949765523274,KLD:8.82507848739624,DLoss For Fake:4.442538738250732
2023-11-06 13:40:21,346 - INFO - OCD_fMRI:Epoch [133/1000], Loss: 14.1347,BCE:1.2382369637489319,KLD:12.89651107788086
2023-11-06 13:40:21,346 - INFO - OCD_fMRI:Epoch [133/1000], DLoss For Fake: 3.2455
2023-11-06 13:40:21,797 - INFO - OCD_fMRI:Epoch [134/1000], Loss: 14.0825,BCE:1.2578965723514557,KLD:12.824609994888306
2023-11-06 13:40:21,797 - INFO - OCD_fMRI:Epoch [134/1000], DLoss For Fake: 3.7603
2023-11-06 13:40:22,249 - INFO - OCD_fMRI:Epoch [135/1000], Loss: 13.3264,BCE:1.4232061803340912,KLD:11.903211116790771
2023-11-06 13:40:22,249 - INFO - OCD_fMRI:Epoch [135/1000], DLoss For Fake: 4.0971
2023-11-06 13:40:22,694 - INFO - OCD_fMRI:Epoch [136/1000], Loss: 10.1940,BCE:1.201359470685323,KLD:8.992621103922525
2023-11-06 13:40:22,694 - INFO - OCD_fMRI:Epoch [136/1000], DLoss For Fake: 3.3128
2023-11-06 13:40:23,139 - INFO - OCD_fMRI:Epoch [137/1000], Loss: 10.1572,BCE:1.3552333911259968,KLD:8.801919937133789
2023-11-06 13:40:23,139 - INFO - OCD_fMRI:Epoch [137/1000], DLoss For Fake: 1.8912
2023-11-06 13:40:23,590 - INFO - OCD_fMRI:Epoch [138/1000], Loss: 11.4043,BCE:1.3819368183612823,KLD:10.022368431091309
2023-11-06 13:40:23,590 - INFO - OCD_fMRI:Epoch [138/1000], DLoss For Fake: 2.4554
2023-11-06 13:40:24,041 - INFO - OCD_fMRI:Epoch [139/1000], Loss: 14.4877,BCE:1.2446158826351166,KLD:13.243072032928467
2023-11-06 13:40:24,041 - INFO - OCD_fMRI:Epoch [139/1000], DLoss For Fake: 4.6736
2023-11-06 13:40:24,494 - INFO - OCD_fMRI:Epoch [140/1000], Loss: 11.9040,BCE:1.3453957736492157,KLD:10.558575510978699
2023-11-06 13:40:24,494 - INFO - OCD_fMRI:Epoch [140/1000], DLoss For Fake: 3.9890
2023-11-06 13:40:24,937 - INFO - OCD_fMRI:Epoch [141/1000], Loss: 9.4850,BCE:1.3306695222854614,KLD:8.154376347859701
2023-11-06 13:40:24,938 - INFO - OCD_fMRI:Epoch [141/1000], DLoss For Fake: 3.8690
2023-11-06 13:40:25,197 - INFO - OCD_fMRI:Epoch [141/1000]->Saved!Loss:9.4850,BCE:1.3306695222854614,KLD:8.154376347859701,DLoss For Fake:3.869008779525757
2023-11-06 13:40:25,642 - INFO - OCD_fMRI:Epoch [142/1000], Loss: 9.5123,BCE:1.2554467519124348,KLD:8.256865819295248
2023-11-06 13:40:25,642 - INFO - OCD_fMRI:Epoch [142/1000], DLoss For Fake: 4.6141
2023-11-06 13:40:26,095 - INFO - OCD_fMRI:Epoch [143/1000], Loss: 16.3668,BCE:1.2356313169002533,KLD:15.131178617477417
2023-11-06 13:40:26,095 - INFO - OCD_fMRI:Epoch [143/1000], DLoss For Fake: 4.4141
2023-11-06 13:40:26,548 - INFO - OCD_fMRI:Epoch [144/1000], Loss: 19.0971,BCE:1.1862242817878723,KLD:17.910884857177734
2023-11-06 13:40:26,549 - INFO - OCD_fMRI:Epoch [144/1000], DLoss For Fake: 3.8082
2023-11-06 13:40:27,000 - INFO - OCD_fMRI:Epoch [145/1000], Loss: 20.7084,BCE:1.1385888755321503,KLD:19.56978130340576
2023-11-06 13:40:27,000 - INFO - OCD_fMRI:Epoch [145/1000], DLoss For Fake: 2.3547
2023-11-06 13:40:27,445 - INFO - OCD_fMRI:Epoch [146/1000], Loss: 17.7518,BCE:1.294069488843282,KLD:16.4577792485555
2023-11-06 13:40:27,445 - INFO - OCD_fMRI:Epoch [146/1000], DLoss For Fake: 3.5753
2023-11-06 13:40:27,890 - INFO - OCD_fMRI:Epoch [147/1000], Loss: 16.5679,BCE:1.3593204418818157,KLD:15.208540280659994
2023-11-06 13:40:27,890 - INFO - OCD_fMRI:Epoch [147/1000], DLoss For Fake: 5.5989
2023-11-06 13:40:28,342 - INFO - OCD_fMRI:Epoch [148/1000], Loss: 22.5108,BCE:1.3673683106899261,KLD:21.143413066864014
2023-11-06 13:40:28,342 - INFO - OCD_fMRI:Epoch [148/1000], DLoss For Fake: 3.1064
2023-11-06 13:40:28,793 - INFO - OCD_fMRI:Epoch [149/1000], Loss: 22.6289,BCE:1.210307851433754,KLD:21.41859483718872
2023-11-06 13:40:28,793 - INFO - OCD_fMRI:Epoch [149/1000], DLoss For Fake: 2.9776
2023-11-06 13:40:29,246 - INFO - OCD_fMRI:Epoch [150/1000], Loss: 23.9840,BCE:1.4778839349746704,KLD:22.50612163543701
2023-11-06 13:40:29,247 - INFO - OCD_fMRI:Epoch [150/1000], DLoss For Fake: 3.8536
2023-11-06 13:40:29,693 - INFO - OCD_fMRI:Epoch [151/1000], Loss: 16.7719,BCE:1.3637193441390991,KLD:15.408148447672525
2023-11-06 13:40:29,693 - INFO - OCD_fMRI:Epoch [151/1000], DLoss For Fake: 3.7777
2023-11-06 13:40:30,139 - INFO - OCD_fMRI:Epoch [152/1000], Loss: 17.5483,BCE:1.439699610074361,KLD:16.10862986246745
2023-11-06 13:40:30,139 - INFO - OCD_fMRI:Epoch [152/1000], DLoss For Fake: 2.6460
2023-11-06 13:40:30,590 - INFO - OCD_fMRI:Epoch [153/1000], Loss: 21.7548,BCE:1.2554836720228195,KLD:20.499318838119507
2023-11-06 13:40:30,590 - INFO - OCD_fMRI:Epoch [153/1000], DLoss For Fake: 2.0897
2023-11-06 13:40:31,041 - INFO - OCD_fMRI:Epoch [154/1000], Loss: 19.2427,BCE:1.318311870098114,KLD:17.924354553222656
2023-11-06 13:40:31,041 - INFO - OCD_fMRI:Epoch [154/1000], DLoss For Fake: 3.6774
2023-11-06 13:40:31,492 - INFO - OCD_fMRI:Epoch [155/1000], Loss: 19.1604,BCE:1.5171688199043274,KLD:17.643195629119873
2023-11-06 13:40:31,493 - INFO - OCD_fMRI:Epoch [155/1000], DLoss For Fake: 4.1352
2023-11-06 13:40:31,936 - INFO - OCD_fMRI:Epoch [156/1000], Loss: 17.0868,BCE:1.2332250277201335,KLD:15.853606224060059
2023-11-06 13:40:31,936 - INFO - OCD_fMRI:Epoch [156/1000], DLoss For Fake: 2.2519
2023-11-06 13:40:32,382 - INFO - OCD_fMRI:Epoch [157/1000], Loss: 14.3093,BCE:1.2897334496180217,KLD:13.019598325093588
2023-11-06 13:40:32,382 - INFO - OCD_fMRI:Epoch [157/1000], DLoss For Fake: 1.9793
2023-11-06 13:40:32,835 - INFO - OCD_fMRI:Epoch [158/1000], Loss: 17.8450,BCE:1.2364721149206161,KLD:16.608548164367676
2023-11-06 13:40:32,835 - INFO - OCD_fMRI:Epoch [158/1000], DLoss For Fake: 2.5576
2023-11-06 13:40:33,286 - INFO - OCD_fMRI:Epoch [159/1000], Loss: 16.5636,BCE:1.4066902697086334,KLD:15.15688705444336
2023-11-06 13:40:33,286 - INFO - OCD_fMRI:Epoch [159/1000], DLoss For Fake: 4.0673
2023-11-06 13:40:33,737 - INFO - OCD_fMRI:Epoch [160/1000], Loss: 17.0293,BCE:1.2896502912044525,KLD:15.739608526229858
2023-11-06 13:40:33,737 - INFO - OCD_fMRI:Epoch [160/1000], DLoss For Fake: 4.6044
2023-11-06 13:40:34,184 - INFO - OCD_fMRI:Epoch [161/1000], Loss: 12.1209,BCE:1.2895417213439941,KLD:10.831326484680176
2023-11-06 13:40:34,184 - INFO - OCD_fMRI:Epoch [161/1000], DLoss For Fake: 1.9974
2023-11-06 13:40:34,628 - INFO - OCD_fMRI:Epoch [162/1000], Loss: 11.8236,BCE:1.3855952024459839,KLD:10.43803882598877
2023-11-06 13:40:34,628 - INFO - OCD_fMRI:Epoch [162/1000], DLoss For Fake: 3.6455
2023-11-06 13:40:35,080 - INFO - OCD_fMRI:Epoch [163/1000], Loss: 13.5295,BCE:1.1467328667640686,KLD:12.382788181304932
2023-11-06 13:40:35,080 - INFO - OCD_fMRI:Epoch [163/1000], DLoss For Fake: 2.7257
2023-11-06 13:40:35,532 - INFO - OCD_fMRI:Epoch [164/1000], Loss: 13.1054,BCE:1.3145841658115387,KLD:11.79081416130066
2023-11-06 13:40:35,532 - INFO - OCD_fMRI:Epoch [164/1000], DLoss For Fake: 3.2866
2023-11-06 13:40:35,983 - INFO - OCD_fMRI:Epoch [165/1000], Loss: 12.8670,BCE:1.5323058664798737,KLD:11.334708452224731
2023-11-06 13:40:35,984 - INFO - OCD_fMRI:Epoch [165/1000], DLoss For Fake: 3.5079
2023-11-06 13:40:36,428 - INFO - OCD_fMRI:Epoch [166/1000], Loss: 10.4219,BCE:1.2772712310155232,KLD:9.144650141398111
2023-11-06 13:40:36,428 - INFO - OCD_fMRI:Epoch [166/1000], DLoss For Fake: 4.2324
2023-11-06 13:40:36,873 - INFO - OCD_fMRI:Epoch [167/1000], Loss: 10.7644,BCE:1.2664273977279663,KLD:9.498017946879068
2023-11-06 13:40:36,873 - INFO - OCD_fMRI:Epoch [167/1000], DLoss For Fake: 4.2487
2023-11-06 13:40:37,325 - INFO - OCD_fMRI:Epoch [168/1000], Loss: 12.9409,BCE:1.4515117406845093,KLD:11.489387035369873
2023-11-06 13:40:37,326 - INFO - OCD_fMRI:Epoch [168/1000], DLoss For Fake: 5.0741
2023-11-06 13:40:37,777 - INFO - OCD_fMRI:Epoch [169/1000], Loss: 13.1771,BCE:1.1344277411699295,KLD:12.042704343795776
2023-11-06 13:40:37,777 - INFO - OCD_fMRI:Epoch [169/1000], DLoss For Fake: 2.7728
2023-11-06 13:40:38,228 - INFO - OCD_fMRI:Epoch [170/1000], Loss: 15.0775,BCE:1.0892894864082336,KLD:13.988248348236084
2023-11-06 13:40:38,228 - INFO - OCD_fMRI:Epoch [170/1000], DLoss For Fake: 3.7866
2023-11-06 13:40:38,674 - INFO - OCD_fMRI:Epoch [171/1000], Loss: 9.7623,BCE:1.3647828102111816,KLD:8.397551854451498
2023-11-06 13:40:38,674 - INFO - OCD_fMRI:Epoch [171/1000], DLoss For Fake: 3.5498
2023-11-06 13:40:39,118 - INFO - OCD_fMRI:Epoch [172/1000], Loss: 9.2922,BCE:1.3685033718744914,KLD:7.92368205388387
2023-11-06 13:40:39,118 - INFO - OCD_fMRI:Epoch [172/1000], DLoss For Fake: 4.1172
2023-11-06 13:40:39,369 - INFO - OCD_fMRI:Epoch [172/1000]->Saved!Loss:9.2922,BCE:1.3685033718744914,KLD:7.92368205388387,DLoss For Fake:4.1172099113464355
2023-11-06 13:40:39,820 - INFO - OCD_fMRI:Epoch [173/1000], Loss: 11.8534,BCE:1.3913182318210602,KLD:10.462116718292236
2023-11-06 13:40:39,820 - INFO - OCD_fMRI:Epoch [173/1000], DLoss For Fake: 4.3647
2023-11-06 13:40:40,272 - INFO - OCD_fMRI:Epoch [174/1000], Loss: 11.1643,BCE:1.836133986711502,KLD:9.328168392181396
2023-11-06 13:40:40,272 - INFO - OCD_fMRI:Epoch [174/1000], DLoss For Fake: 2.9760
2023-11-06 13:40:40,724 - INFO - OCD_fMRI:Epoch [175/1000], Loss: 11.5329,BCE:1.4418913424015045,KLD:10.09098994731903
2023-11-06 13:40:40,724 - INFO - OCD_fMRI:Epoch [175/1000], DLoss For Fake: 2.1599
2023-11-06 13:40:41,169 - INFO - OCD_fMRI:Epoch [176/1000], Loss: 9.0668,BCE:1.2340623537699382,KLD:7.832714716593425
2023-11-06 13:40:41,169 - INFO - OCD_fMRI:Epoch [176/1000], DLoss For Fake: 2.3190
2023-11-06 13:40:41,535 - INFO - OCD_fMRI:Epoch [176/1000]->Saved!Loss:9.0668,BCE:1.2340623537699382,KLD:7.832714716593425,DLoss For Fake:2.31900954246521
2023-11-06 13:40:41,980 - INFO - OCD_fMRI:Epoch [177/1000], Loss: 10.1704,BCE:1.3208014567693074,KLD:8.849583943684896
2023-11-06 13:40:41,981 - INFO - OCD_fMRI:Epoch [177/1000], DLoss For Fake: 4.4429
2023-11-06 13:40:42,432 - INFO - OCD_fMRI:Epoch [178/1000], Loss: 13.0078,BCE:1.347505360841751,KLD:11.660293579101562
2023-11-06 13:40:42,433 - INFO - OCD_fMRI:Epoch [178/1000], DLoss For Fake: 5.1103
2023-11-06 13:40:42,884 - INFO - OCD_fMRI:Epoch [179/1000], Loss: 12.0520,BCE:1.3294321298599243,KLD:10.722583770751953
2023-11-06 13:40:42,884 - INFO - OCD_fMRI:Epoch [179/1000], DLoss For Fake: 4.5804
2023-11-06 13:40:43,334 - INFO - OCD_fMRI:Epoch [180/1000], Loss: 11.5478,BCE:1.3604156970977783,KLD:10.187361717224121
2023-11-06 13:40:43,335 - INFO - OCD_fMRI:Epoch [180/1000], DLoss For Fake: 3.1982
2023-11-06 13:40:43,779 - INFO - OCD_fMRI:Epoch [181/1000], Loss: 9.5164,BCE:1.3098533948262532,KLD:8.206582387288412
2023-11-06 13:40:43,779 - INFO - OCD_fMRI:Epoch [181/1000], DLoss For Fake: 1.9265
2023-11-06 13:40:44,224 - INFO - OCD_fMRI:Epoch [182/1000], Loss: 8.6343,BCE:1.3568974733352661,KLD:7.277379194895427
2023-11-06 13:40:44,224 - INFO - OCD_fMRI:Epoch [182/1000], DLoss For Fake: 4.0359
2023-11-06 13:40:44,472 - INFO - OCD_fMRI:Epoch [182/1000]->Saved!Loss:8.6343,BCE:1.3568974733352661,KLD:7.277379194895427,DLoss For Fake:4.035879611968994
2023-11-06 13:40:44,924 - INFO - OCD_fMRI:Epoch [183/1000], Loss: 10.7464,BCE:1.2561750710010529,KLD:9.490220785140991
2023-11-06 13:40:44,924 - INFO - OCD_fMRI:Epoch [183/1000], DLoss For Fake: 3.4122
2023-11-06 13:40:45,377 - INFO - OCD_fMRI:Epoch [184/1000], Loss: 11.1073,BCE:1.4444168508052826,KLD:9.662848472595215
2023-11-06 13:40:45,377 - INFO - OCD_fMRI:Epoch [184/1000], DLoss For Fake: 3.1197
2023-11-06 13:40:45,828 - INFO - OCD_fMRI:Epoch [185/1000], Loss: 9.9013,BCE:1.4180965721607208,KLD:8.48317575454712
2023-11-06 13:40:45,829 - INFO - OCD_fMRI:Epoch [185/1000], DLoss For Fake: 3.2555
2023-11-06 13:40:46,275 - INFO - OCD_fMRI:Epoch [186/1000], Loss: 8.3275,BCE:1.3450790643692017,KLD:6.9824676513671875
2023-11-06 13:40:46,275 - INFO - OCD_fMRI:Epoch [186/1000], DLoss For Fake: 4.6864
2023-11-06 13:40:46,517 - INFO - OCD_fMRI:Epoch [186/1000]->Saved!Loss:8.3275,BCE:1.3450790643692017,KLD:6.9824676513671875,DLoss For Fake:4.686407566070557
2023-11-06 13:40:46,964 - INFO - OCD_fMRI:Epoch [187/1000], Loss: 7.7582,BCE:1.336745301882426,KLD:6.42147175470988
2023-11-06 13:40:46,964 - INFO - OCD_fMRI:Epoch [187/1000], DLoss For Fake: 5.2581
2023-11-06 13:40:47,209 - INFO - OCD_fMRI:Epoch [187/1000]->Saved!Loss:7.7582,BCE:1.336745301882426,KLD:6.42147175470988,DLoss For Fake:5.258105993270874
2023-11-06 13:40:47,661 - INFO - OCD_fMRI:Epoch [188/1000], Loss: 16.2424,BCE:1.2862001061439514,KLD:14.956221103668213
2023-11-06 13:40:47,661 - INFO - OCD_fMRI:Epoch [188/1000], DLoss For Fake: 4.2430
2023-11-06 13:40:48,113 - INFO - OCD_fMRI:Epoch [189/1000], Loss: 23.2551,BCE:1.313025712966919,KLD:21.942108631134033
2023-11-06 13:40:48,113 - INFO - OCD_fMRI:Epoch [189/1000], DLoss For Fake: 3.0348
2023-11-06 13:40:48,564 - INFO - OCD_fMRI:Epoch [190/1000], Loss: 28.6279,BCE:1.4691168665885925,KLD:27.158796310424805
2023-11-06 13:40:48,564 - INFO - OCD_fMRI:Epoch [190/1000], DLoss For Fake: 4.4335
2023-11-06 13:40:49,010 - INFO - OCD_fMRI:Epoch [191/1000], Loss: 19.3884,BCE:1.2899773120880127,KLD:18.098452885945637
2023-11-06 13:40:49,010 - INFO - OCD_fMRI:Epoch [191/1000], DLoss For Fake: 4.0693
2023-11-06 13:40:49,012 - INFO - OCD_fMRI:Epoch [191/1000]!Dloss For All:0.8388
2023-11-06 13:40:49,458 - INFO - OCD_fMRI:Epoch [192/1000], Loss: 20.1516,BCE:1.2439624071121216,KLD:18.90763823191325
2023-11-06 13:40:49,458 - INFO - OCD_fMRI:Epoch [192/1000], DLoss For Fake: 1.9992
2023-11-06 13:40:49,908 - INFO - OCD_fMRI:Epoch [193/1000], Loss: 25.4124,BCE:1.3794602751731873,KLD:24.03297233581543
2023-11-06 13:40:49,909 - INFO - OCD_fMRI:Epoch [193/1000], DLoss For Fake: 2.2953
2023-11-06 13:40:50,359 - INFO - OCD_fMRI:Epoch [194/1000], Loss: 22.6155,BCE:1.354735642671585,KLD:21.26074743270874
2023-11-06 13:40:50,359 - INFO - OCD_fMRI:Epoch [194/1000], DLoss For Fake: 3.9982
2023-11-06 13:40:50,811 - INFO - OCD_fMRI:Epoch [195/1000], Loss: 21.3788,BCE:1.3712139427661896,KLD:20.007553577423096
2023-11-06 13:40:50,812 - INFO - OCD_fMRI:Epoch [195/1000], DLoss For Fake: 2.8944
2023-11-06 13:40:51,256 - INFO - OCD_fMRI:Epoch [196/1000], Loss: 17.3109,BCE:1.3647496302922566,KLD:15.94617748260498
2023-11-06 13:40:51,257 - INFO - OCD_fMRI:Epoch [196/1000], DLoss For Fake: 3.2636
2023-11-06 13:40:51,702 - INFO - OCD_fMRI:Epoch [197/1000], Loss: 16.3328,BCE:1.3608122269312541,KLD:14.97194798787435
2023-11-06 13:40:51,702 - INFO - OCD_fMRI:Epoch [197/1000], DLoss For Fake: 4.5638
2023-11-06 13:40:52,156 - INFO - OCD_fMRI:Epoch [198/1000], Loss: 20.7530,BCE:1.3420028388500214,KLD:19.411039352416992
2023-11-06 13:40:52,156 - INFO - OCD_fMRI:Epoch [198/1000], DLoss For Fake: 3.8580
2023-11-06 13:40:52,607 - INFO - OCD_fMRI:Epoch [199/1000], Loss: 21.4622,BCE:1.236856460571289,KLD:20.2253680229187
2023-11-06 13:40:52,607 - INFO - OCD_fMRI:Epoch [199/1000], DLoss For Fake: 2.3877
2023-11-06 13:40:53,059 - INFO - OCD_fMRI:Epoch [200/1000], Loss: 19.3794,BCE:1.3341057002544403,KLD:18.0453097820282
2023-11-06 13:40:53,059 - INFO - OCD_fMRI:Epoch [200/1000], DLoss For Fake: 4.0325
2023-11-06 13:40:53,504 - INFO - OCD_fMRI:Epoch [201/1000], Loss: 16.8320,BCE:1.2298633654912312,KLD:15.60214614868164
2023-11-06 13:40:53,504 - INFO - OCD_fMRI:Epoch [201/1000], DLoss For Fake: 3.9257
2023-11-06 13:40:53,951 - INFO - OCD_fMRI:Epoch [202/1000], Loss: 18.9235,BCE:1.3250396649042766,KLD:17.59846305847168
2023-11-06 13:40:53,951 - INFO - OCD_fMRI:Epoch [202/1000], DLoss For Fake: 2.2069
2023-11-06 13:40:54,403 - INFO - OCD_fMRI:Epoch [203/1000], Loss: 18.6957,BCE:1.5802976787090302,KLD:17.115437030792236
2023-11-06 13:40:54,403 - INFO - OCD_fMRI:Epoch [203/1000], DLoss For Fake: 3.5238
2023-11-06 13:40:54,855 - INFO - OCD_fMRI:Epoch [204/1000], Loss: 20.8309,BCE:1.270074039697647,KLD:19.560781240463257
2023-11-06 13:40:54,856 - INFO - OCD_fMRI:Epoch [204/1000], DLoss For Fake: 2.8418
2023-11-06 13:40:55,307 - INFO - OCD_fMRI:Epoch [205/1000], Loss: 17.6645,BCE:1.3914893567562103,KLD:16.27302837371826
2023-11-06 13:40:55,307 - INFO - OCD_fMRI:Epoch [205/1000], DLoss For Fake: 3.0755
2023-11-06 13:40:55,754 - INFO - OCD_fMRI:Epoch [206/1000], Loss: 14.8597,BCE:1.4544790585835774,KLD:13.405243555704752
2023-11-06 13:40:55,754 - INFO - OCD_fMRI:Epoch [206/1000], DLoss For Fake: 5.2358
2023-11-06 13:40:56,199 - INFO - OCD_fMRI:Epoch [207/1000], Loss: 12.3721,BCE:1.3832580248514812,KLD:10.988865852355957
2023-11-06 13:40:56,199 - INFO - OCD_fMRI:Epoch [207/1000], DLoss For Fake: 2.6516
2023-11-06 13:40:56,650 - INFO - OCD_fMRI:Epoch [208/1000], Loss: 14.8323,BCE:1.2805218398571014,KLD:13.551798105239868
2023-11-06 13:40:56,650 - INFO - OCD_fMRI:Epoch [208/1000], DLoss For Fake: 2.7110
2023-11-06 13:40:57,102 - INFO - OCD_fMRI:Epoch [209/1000], Loss: 15.8295,BCE:1.427698791027069,KLD:14.401757717132568
2023-11-06 13:40:57,102 - INFO - OCD_fMRI:Epoch [209/1000], DLoss For Fake: 3.4881
2023-11-06 13:40:57,554 - INFO - OCD_fMRI:Epoch [210/1000], Loss: 15.1106,BCE:1.4281514585018158,KLD:13.682477235794067
2023-11-06 13:40:57,554 - INFO - OCD_fMRI:Epoch [210/1000], DLoss For Fake: 4.2174
2023-11-06 13:40:57,999 - INFO - OCD_fMRI:Epoch [211/1000], Loss: 13.5022,BCE:1.350914438565572,KLD:12.151256561279297
2023-11-06 13:40:57,999 - INFO - OCD_fMRI:Epoch [211/1000], DLoss For Fake: 3.4139
2023-11-06 13:40:58,445 - INFO - OCD_fMRI:Epoch [212/1000], Loss: 11.0458,BCE:1.288075606028239,KLD:9.757734298706055
2023-11-06 13:40:58,445 - INFO - OCD_fMRI:Epoch [212/1000], DLoss For Fake: 2.2705
2023-11-06 13:40:58,896 - INFO - OCD_fMRI:Epoch [213/1000], Loss: 13.2481,BCE:1.4294643700122833,KLD:11.818602561950684
2023-11-06 13:40:58,897 - INFO - OCD_fMRI:Epoch [213/1000], DLoss For Fake: 5.1112
2023-11-06 13:40:59,348 - INFO - OCD_fMRI:Epoch [214/1000], Loss: 12.8832,BCE:1.3847576677799225,KLD:11.498481512069702
2023-11-06 13:40:59,348 - INFO - OCD_fMRI:Epoch [214/1000], DLoss For Fake: 2.9290
2023-11-06 13:40:59,800 - INFO - OCD_fMRI:Epoch [215/1000], Loss: 14.0696,BCE:1.4506292641162872,KLD:12.618982315063477
2023-11-06 13:40:59,801 - INFO - OCD_fMRI:Epoch [215/1000], DLoss For Fake: 3.3554
2023-11-06 13:41:00,245 - INFO - OCD_fMRI:Epoch [216/1000], Loss: 10.3170,BCE:1.3619136015574138,KLD:8.955106099446615
2023-11-06 13:41:00,245 - INFO - OCD_fMRI:Epoch [216/1000], DLoss For Fake: 4.3041
2023-11-06 13:41:00,691 - INFO - OCD_fMRI:Epoch [217/1000], Loss: 11.4398,BCE:1.4018607139587402,KLD:10.037933667500814
2023-11-06 13:41:00,691 - INFO - OCD_fMRI:Epoch [217/1000], DLoss For Fake: 1.5135
2023-11-06 13:41:01,142 - INFO - OCD_fMRI:Epoch [218/1000], Loss: 13.6324,BCE:1.418755680322647,KLD:12.21361494064331
2023-11-06 13:41:01,142 - INFO - OCD_fMRI:Epoch [218/1000], DLoss For Fake: 3.9957
2023-11-06 13:41:01,594 - INFO - OCD_fMRI:Epoch [219/1000], Loss: 12.7857,BCE:1.264243334531784,KLD:11.521425247192383
2023-11-06 13:41:01,595 - INFO - OCD_fMRI:Epoch [219/1000], DLoss For Fake: 2.6928
2023-11-06 13:41:02,046 - INFO - OCD_fMRI:Epoch [220/1000], Loss: 11.9679,BCE:1.231353610754013,KLD:10.736504077911377
2023-11-06 13:41:02,046 - INFO - OCD_fMRI:Epoch [220/1000], DLoss For Fake: 2.7955
2023-11-06 13:41:02,490 - INFO - OCD_fMRI:Epoch [221/1000], Loss: 10.4939,BCE:1.317039688428243,KLD:9.176867167154947
2023-11-06 13:41:02,490 - INFO - OCD_fMRI:Epoch [221/1000], DLoss For Fake: 5.3453
2023-11-06 13:41:02,492 - INFO - OCD_fMRI:Epoch [221/1000]!Dloss For All:0.8078
2023-11-06 13:41:02,939 - INFO - OCD_fMRI:Epoch [222/1000], Loss: 9.2766,BCE:1.4608362118403118,KLD:7.815813382466634
2023-11-06 13:41:02,939 - INFO - OCD_fMRI:Epoch [222/1000], DLoss For Fake: 1.3138
2023-11-06 13:41:03,391 - INFO - OCD_fMRI:Epoch [223/1000], Loss: 11.3414,BCE:1.3684749901294708,KLD:9.972885489463806
2023-11-06 13:41:03,391 - INFO - OCD_fMRI:Epoch [223/1000], DLoss For Fake: 3.0849
2023-11-06 13:41:03,842 - INFO - OCD_fMRI:Epoch [224/1000], Loss: 15.0935,BCE:1.1450722515583038,KLD:13.948403120040894
2023-11-06 13:41:03,843 - INFO - OCD_fMRI:Epoch [224/1000], DLoss For Fake: 4.7077
2023-11-06 13:41:04,294 - INFO - OCD_fMRI:Epoch [225/1000], Loss: 11.0644,BCE:1.2771460711956024,KLD:9.78721833229065
2023-11-06 13:41:04,295 - INFO - OCD_fMRI:Epoch [225/1000], DLoss For Fake: 3.8580
2023-11-06 13:41:04,740 - INFO - OCD_fMRI:Epoch [226/1000], Loss: 9.2544,BCE:1.3750458161036174,KLD:7.879319349924724
2023-11-06 13:41:04,740 - INFO - OCD_fMRI:Epoch [226/1000], DLoss For Fake: 1.9667
2023-11-06 13:41:05,184 - INFO - OCD_fMRI:Epoch [227/1000], Loss: 9.5937,BCE:1.2591103712717693,KLD:8.334624926249186
2023-11-06 13:41:05,185 - INFO - OCD_fMRI:Epoch [227/1000], DLoss For Fake: 2.3607
2023-11-06 13:41:05,636 - INFO - OCD_fMRI:Epoch [228/1000], Loss: 10.3006,BCE:1.6125390529632568,KLD:8.6880601644516
2023-11-06 13:41:05,636 - INFO - OCD_fMRI:Epoch [228/1000], DLoss For Fake: 3.1123
2023-11-06 13:41:06,087 - INFO - OCD_fMRI:Epoch [229/1000], Loss: 10.4496,BCE:1.290880024433136,KLD:9.158741354942322
2023-11-06 13:41:06,087 - INFO - OCD_fMRI:Epoch [229/1000], DLoss For Fake: 3.8260
2023-11-06 13:41:06,538 - INFO - OCD_fMRI:Epoch [230/1000], Loss: 9.7135,BCE:1.260089784860611,KLD:8.453433752059937
2023-11-06 13:41:06,540 - INFO - OCD_fMRI:Epoch [230/1000], DLoss For Fake: 2.8859
2023-11-06 13:41:06,985 - INFO - OCD_fMRI:Epoch [231/1000], Loss: 8.1355,BCE:1.3816064596176147,KLD:6.753872553507487
2023-11-06 13:41:06,985 - INFO - OCD_fMRI:Epoch [231/1000], DLoss For Fake: 3.9099
2023-11-06 13:41:07,428 - INFO - OCD_fMRI:Epoch [232/1000], Loss: 8.1311,BCE:1.3629085620244343,KLD:6.768191973368327
2023-11-06 13:41:07,428 - INFO - OCD_fMRI:Epoch [232/1000], DLoss For Fake: 3.8673
2023-11-06 13:41:07,880 - INFO - OCD_fMRI:Epoch [233/1000], Loss: 10.9256,BCE:1.4234164953231812,KLD:9.502207279205322
2023-11-06 13:41:07,880 - INFO - OCD_fMRI:Epoch [233/1000], DLoss For Fake: 4.4394
2023-11-06 13:41:08,331 - INFO - OCD_fMRI:Epoch [234/1000], Loss: 10.6308,BCE:1.34701269865036,KLD:9.283746004104614
2023-11-06 13:41:08,331 - INFO - OCD_fMRI:Epoch [234/1000], DLoss For Fake: 4.2155
2023-11-06 13:41:08,782 - INFO - OCD_fMRI:Epoch [235/1000], Loss: 10.9399,BCE:1.2679821848869324,KLD:9.67190420627594
2023-11-06 13:41:08,782 - INFO - OCD_fMRI:Epoch [235/1000], DLoss For Fake: 2.5633
2023-11-06 13:41:09,227 - INFO - OCD_fMRI:Epoch [236/1000], Loss: 10.1321,BCE:1.2636106808980305,KLD:8.868441104888916
2023-11-06 13:41:09,227 - INFO - OCD_fMRI:Epoch [236/1000], DLoss For Fake: 4.1054
2023-11-06 13:41:09,674 - INFO - OCD_fMRI:Epoch [237/1000], Loss: 8.2955,BCE:1.301056186358134,KLD:6.9944586753845215
2023-11-06 13:41:09,674 - INFO - OCD_fMRI:Epoch [237/1000], DLoss For Fake: 3.9767
2023-11-06 13:41:09,674 - INFO - OCD_fMRI:Training stopped due to no improvement in loss.
